#
# There is insufficient memory for the Java Runtime Environment to continue.
# Native memory allocation (malloc) failed to allocate 32744 bytes for ChunkPool::allocate
# Possible reasons:
#   The system is out of physical RAM or swap space
#   The process is running with CompressedOops enabled, and the Java Heap may be blocking the growth of the native heap
# Possible solutions:
#   Reduce memory load on the system
#   Increase physical memory or swap space
#   Check if swap backing store is full
#   Decrease Java heap size (-Xmx/-Xms)
#   Decrease number of Java threads
#   Decrease Java thread stack sizes (-Xss)
#   Set larger code cache with -XX:ReservedCodeCacheSize=
#   JVM is running with Unscaled Compressed Oops mode in which the Java heap is
#     placed in the first 4GB address space. The Java Heap base address is the
#     maximum limit for the native heap growth. Please use -XX:HeapBaseMinAddress
#     to set the Java Heap base and to place the Java Heap above 4GB virtual address.
# This output file may be truncated or incomplete.
#
#  Out of Memory Error (allocation.cpp:272), pid=8500, tid=0x00000000000020c8
#
# JRE version: Java(TM) SE Runtime Environment (8.0_221-b11) (build 1.8.0_221-b11)
# Java VM: Java HotSpot(TM) 64-Bit Server VM (25.221-b11 mixed mode windows-amd64 compressed oops)
# Failed to write core dump. Minidumps are not enabled by default on client versions of Windows
#

---------------  T H R E A D  ---------------

Current thread (0x0000000017d47000):  JavaThread "C2 CompilerThread1" daemon [_thread_in_native, id=8392, stack(0x00000000194b0000,0x00000000195b0000)]

Stack: [0x00000000194b0000,0x00000000195b0000]
[error occurred during error reporting (printing stack bounds), id 0xc0000005]

Native frames: (J=compiled Java code, j=interpreted, Vv=VM code, C=native code)


Current CompileTask:
C2:   5625 2021       4       org.apache.catalina.startup.ContextConfig::populateSCIsForCacheEntry (202 bytes)


---------------  P R O C E S S  ---------------

Java Threads: ( => current thread )
  0x000000001b87f800 JavaThread "RMI TCP Connection(4)-127.0.0.1" daemon [_thread_in_native, id=7472, stack(0x000000001db00000,0x000000001dc00000)]
  0x000000001b87d800 JavaThread "JMX server connection timeout 42" daemon [_thread_blocked, id=7800, stack(0x000000001da00000,0x000000001db00000)]
  0x000000001b87b000 JavaThread "http-nio-8080-Acceptor" daemon [_thread_in_native, id=9532, stack(0x000000001d900000,0x000000001da00000)]
  0x000000001b882000 JavaThread "http-nio-8080-ClientPoller" daemon [_thread_in_native, id=12888, stack(0x000000001d800000,0x000000001d900000)]
  0x000000001b881000 JavaThread "http-nio-8080-exec-10" daemon [_thread_blocked, id=1680, stack(0x000000001d700000,0x000000001d800000)]
  0x000000001b87a800 JavaThread "http-nio-8080-exec-9" daemon [_thread_blocked, id=11012, stack(0x000000001d600000,0x000000001d700000)]
  0x000000001b768800 JavaThread "http-nio-8080-exec-8" daemon [_thread_blocked, id=3228, stack(0x000000001d500000,0x000000001d600000)]
  0x000000001b765800 JavaThread "http-nio-8080-exec-7" daemon [_thread_blocked, id=3000, stack(0x000000001d400000,0x000000001d500000)]
  0x000000001b764800 JavaThread "http-nio-8080-exec-6" daemon [_thread_blocked, id=9460, stack(0x000000001d300000,0x000000001d400000)]
  0x000000001b767000 JavaThread "http-nio-8080-exec-5" daemon [_thread_blocked, id=12648, stack(0x000000001d200000,0x000000001d300000)]
  0x000000001b764000 JavaThread "http-nio-8080-exec-4" daemon [_thread_blocked, id=532, stack(0x000000001d100000,0x000000001d200000)]
  0x000000001b763000 JavaThread "http-nio-8080-exec-3" daemon [_thread_blocked, id=10976, stack(0x000000001d000000,0x000000001d100000)]
  0x000000001b769800 JavaThread "http-nio-8080-exec-2" daemon [_thread_blocked, id=11092, stack(0x000000001ce00000,0x000000001cf00000)]
  0x000000001b762800 JavaThread "http-nio-8080-exec-1" daemon [_thread_blocked, id=8404, stack(0x000000001cd00000,0x000000001ce00000)]
  0x000000001b768000 JavaThread "Catalina-utility-2" [_thread_blocked, id=10712, stack(0x000000001cc00000,0x000000001cd00000)]
  0x000000001b766800 JavaThread "Catalina-utility-1" [_thread_blocked, id=11960, stack(0x000000001cb00000,0x000000001cc00000)]
  0x000000001b5f3800 JavaThread "http-nio-8080-BlockPoller" daemon [_thread_in_native, id=9316, stack(0x000000001c8c0000,0x000000001c9c0000)]
  0x000000001a0f3800 JavaThread "GC Daemon" daemon [_thread_blocked, id=12036, stack(0x000000001b3f0000,0x000000001b4f0000)]
  0x0000000019f59800 JavaThread "RMI TCP Connection(3)-127.0.0.1" daemon [_thread_in_Java, id=2652, stack(0x000000001b2f0000,0x000000001b3f0000)]
  0x0000000019f58800 JavaThread "RMI Scheduler(0)" daemon [_thread_blocked, id=12644, stack(0x000000001b1f0000,0x000000001b2f0000)]
  0x0000000019f57800 JavaThread "RMI TCP Connection(2)-127.0.0.1" daemon [_thread_in_native, id=8696, stack(0x000000001aef0000,0x000000001aff0000)]
  0x0000000019d75000 JavaThread "RMI TCP Accept-0" daemon [_thread_in_native, id=7720, stack(0x000000001acf0000,0x000000001adf0000)]
  0x0000000019d72800 JavaThread "RMI TCP Accept-1099" daemon [_thread_in_native, id=9608, stack(0x000000001abf0000,0x000000001acf0000)]
  0x0000000019d71800 JavaThread "RMI TCP Accept-0" daemon [_thread_in_native, id=7624, stack(0x000000001a8f0000,0x000000001a9f0000)]
  0x0000000019a96000 JavaThread "FileHandlerLogFilesCleaner-1" daemon [_thread_blocked, id=12388, stack(0x000000001a4b0000,0x000000001a5b0000)]
  0x000000001977e800 JavaThread "AsyncFileHandlerWriter-1625635731" daemon [_thread_blocked, id=12140, stack(0x0000000019bb0000,0x0000000019cb0000)]
  0x00000000196da800 JavaThread "Service Thread" daemon [_thread_blocked, id=10052, stack(0x0000000019ab0000,0x0000000019bb0000)]
  0x0000000017d4d800 JavaThread "C1 CompilerThread2" daemon [_thread_in_native, id=3308, stack(0x00000000195b0000,0x00000000196b0000)]
=>0x0000000017d47000 JavaThread "C2 CompilerThread1" daemon [_thread_in_native, id=8392, stack(0x00000000194b0000,0x00000000195b0000)]
  0x0000000017d41800 JavaThread "C2 CompilerThread0" daemon [_thread_in_native, id=10168, stack(0x00000000193b0000,0x00000000194b0000)]
  0x0000000017d40800 JavaThread "Attach Listener" daemon [_thread_blocked, id=9888, stack(0x00000000192b0000,0x00000000193b0000)]
  0x0000000017d3f000 JavaThread "Signal Dispatcher" daemon [_thread_blocked, id=4560, stack(0x00000000191b0000,0x00000000192b0000)]
  0x0000000003269800 JavaThread "Finalizer" daemon [_thread_blocked, id=1844, stack(0x0000000018fa0000,0x00000000190a0000)]
  0x0000000017d2a000 JavaThread "Reference Handler" daemon [_thread_blocked, id=4708, stack(0x0000000018ea0000,0x0000000018fa0000)]
  0x0000000003173800 JavaThread "main" [_thread_in_native, id=8900, stack(0x0000000003010000,0x0000000003110000)]

Other Threads:
  0x0000000017d08000 VMThread [stack: 0x0000000018da0000,0x0000000018ea0000] [id=9964]
  0x0000000019d79800 WatcherThread [stack: 0x000000001adf0000,0x000000001aef0000] [id=10028]

VM state:not at safepoint (normal execution)

VM Mutex/Monitor currently owned by a thread: None

heap address: 0x0000000082200000, size: 2014 MB, Compressed Oops mode: 32-bit
Narrow klass base: 0x0000000000000000, Narrow klass shift: 3
Compressed class space size: 1073741824 Address: 0x0000000100000000

Heap:
 PSYoungGen      total 75776K, used 54717K [0x00000000d6100000, 0x00000000db700000, 0x0000000100000000)
  eden space 64512K, 68% used [0x00000000d6100000,0x00000000d8bfaf08,0x00000000da000000)
  from space 11264K, 95% used [0x00000000da000000,0x00000000daa74658,0x00000000dab00000)
  to   space 10240K, 0% used [0x00000000dab00000,0x00000000dab00000,0x00000000db500000)
 ParOldGen       total 86016K, used 18549K [0x0000000082200000, 0x0000000087600000, 0x00000000d6100000)
  object space 86016K, 21% used [0x0000000082200000,0x000000008341d418,0x0000000087600000)
 Metaspace       used 17906K, capacity 18354K, committed 18560K, reserved 1064960K
  class space    used 2003K, capacity 2116K, committed 2176K, reserved 1048576K

Card table byte_map: [0x0000000012630000,0x0000000012a20000] byte_map_base: 0x000000001221f000

Marking Bits: (ParMarkBitMap*) 0x0000000056b15ce0
 Begin Bits: [0x00000000130c0000, 0x0000000015038000)
 End Bits:   [0x0000000015038000, 0x0000000016fb0000)

Polling page: 0x0000000002fd0000

CodeCache: size=245760Kb used=7692Kb max_used=7705Kb free=238068Kb
 bounds [0x0000000003270000, 0x0000000003a00000, 0x0000000012270000]
 total_blobs=2422 nmethods=2019 adapters=315
 compilation: enabled

Compilation events (10 events):
Event: 5.531 Thread 0x0000000017d47000 nmethod 2008 0x00000000039f33d0 code [0x00000000039f3820, 0x00000000039f6c88]
Event: 5.531 Thread 0x0000000017d47000 2009       4       org.apache.tomcat.util.bcel.classfile.ClassParser::readAttributes (124 bytes)
Event: 5.545 Thread 0x0000000017d4d800 2019       3       sun.net.www.protocol.jar.URLJarFile::getJarFile (23 bytes)
Event: 5.546 Thread 0x0000000017d4d800 nmethod 2019 0x00000000039f2890 code [0x00000000039f2a60, 0x00000000039f3068]
Event: 5.546 Thread 0x0000000017d4d800 2020       3       sun.net.www.protocol.jar.URLJarFile::isFileURL (52 bytes)
Event: 5.546 Thread 0x0000000017d4d800 nmethod 2020 0x00000000039f1ed0 code [0x00000000039f2080, 0x00000000039f2718]
Event: 5.561 Thread 0x0000000017d47000 nmethod 2009 0x00000000039faa50 code [0x00000000039faca0, 0x00000000039fbef0]
Event: 5.561 Thread 0x0000000017d47000 2011  s    4       java.util.jar.JarFile::getInputStream (89 bytes)
Event: 5.572 Thread 0x0000000017d47000 nmethod 2011 0x00000000039edb50 code [0x00000000039edd00, 0x00000000039ee4d0]
Event: 5.572 Thread 0x0000000017d47000 2021       4       org.apache.catalina.startup.ContextConfig::populateSCIsForCacheEntry (202 bytes)

GC Heap History (10 events):
Event: 4.284 GC heap before
{Heap before GC invocations=3 (full 0):
 PSYoungGen      total 37888K, used 37867K [0x00000000d6100000, 0x00000000d8b00000, 0x0000000100000000)
  eden space 32768K, 100% used [0x00000000d6100000,0x00000000d8100000,0x00000000d8100000)
  from space 5120K, 99% used [0x00000000d8600000,0x00000000d8afaf10,0x00000000d8b00000)
  to   space 5120K, 0% used [0x00000000d8100000,0x00000000d8100000,0x00000000d8600000)
 ParOldGen       total 86016K, used 3928K [0x0000000082200000, 0x0000000087600000, 0x00000000d6100000)
  object space 86016K, 4% used [0x0000000082200000,0x00000000825d6288,0x0000000087600000)
 Metaspace       used 17708K, capacity 18098K, committed 18304K, reserved 1064960K
  class space    used 1999K, capacity 2116K, committed 2176K, reserved 1048576K
Event: 4.295 GC heap after
Heap after GC invocations=3 (full 0):
 PSYoungGen      total 37888K, used 5109K [0x00000000d6100000, 0x00000000d8b00000, 0x0000000100000000)
  eden space 32768K, 0% used [0x00000000d6100000,0x00000000d6100000,0x00000000d8100000)
  from space 5120K, 99% used [0x00000000d8100000,0x00000000d85fd4b8,0x00000000d8600000)
  to   space 5120K, 0% used [0x00000000d8600000,0x00000000d8600000,0x00000000d8b00000)
 ParOldGen       total 86016K, used 6307K [0x0000000082200000, 0x0000000087600000, 0x00000000d6100000)
  object space 86016K, 7% used [0x0000000082200000,0x0000000082828fb0,0x0000000087600000)
 Metaspace       used 17708K, capacity 18098K, committed 18304K, reserved 1064960K
  class space    used 1999K, capacity 2116K, committed 2176K, reserved 1048576K
}
Event: 4.573 GC heap before
{Heap before GC invocations=4 (full 0):
 PSYoungGen      total 37888K, used 37877K [0x00000000d6100000, 0x00000000d8b00000, 0x0000000100000000)
  eden space 32768K, 100% used [0x00000000d6100000,0x00000000d8100000,0x00000000d8100000)
  from space 5120K, 99% used [0x00000000d8100000,0x00000000d85fd4b8,0x00000000d8600000)
  to   space 5120K, 0% used [0x00000000d8600000,0x00000000d8600000,0x00000000d8b00000)
 ParOldGen       total 86016K, used 6307K [0x0000000082200000, 0x0000000087600000, 0x00000000d6100000)
  object space 86016K, 7% used [0x0000000082200000,0x0000000082828fb0,0x0000000087600000)
 Metaspace       used 17830K, capacity 18226K, committed 18560K, reserved 1064960K
  class space    used 2003K, capacity 2116K, committed 2176K, reserved 1048576K
Event: 4.586 GC heap after
Heap after GC invocations=4 (full 0):
 PSYoungGen      total 37888K, used 5109K [0x00000000d6100000, 0x00000000dab00000, 0x0000000100000000)
  eden space 32768K, 0% used [0x00000000d6100000,0x00000000d6100000,0x00000000d8100000)
  from space 5120K, 99% used [0x00000000d8600000,0x00000000d8afd4d8,0x00000000d8b00000)
  to   space 5120K, 0% used [0x00000000d8100000,0x00000000d8100000,0x00000000d8600000)
 ParOldGen       total 86016K, used 10087K [0x0000000082200000, 0x0000000087600000, 0x00000000d6100000)
  object space 86016K, 11% used [0x0000000082200000,0x0000000082bd9e40,0x0000000087600000)
 Metaspace       used 17830K, capacity 18226K, committed 18560K, reserved 1064960K
  class space    used 2003K, capacity 2116K, committed 2176K, reserved 1048576K
}
Event: 4.817 GC heap before
{Heap before GC invocations=5 (full 0):
 PSYoungGen      total 37888K, used 37877K [0x00000000d6100000, 0x00000000dab00000, 0x0000000100000000)
  eden space 32768K, 100% used [0x00000000d6100000,0x00000000d8100000,0x00000000d8100000)
  from space 5120K, 99% used [0x00000000d8600000,0x00000000d8afd4d8,0x00000000d8b00000)
  to   space 5120K, 0% used [0x00000000d8100000,0x00000000d8100000,0x00000000d8600000)
 ParOldGen       total 86016K, used 10087K [0x0000000082200000, 0x0000000087600000, 0x00000000d6100000)
  object space 86016K, 11% used [0x0000000082200000,0x0000000082bd9e40,0x0000000087600000)
 Metaspace       used 17874K, capacity 18226K, committed 18560K, reserved 1064960K
  class space    used 2003K, capacity 2116K, committed 2176K, reserved 1048576K
Event: 4.829 GC heap after
Heap after GC invocations=5 (full 0):
 PSYoungGen      total 37888K, used 5109K [0x00000000d6100000, 0x00000000db500000, 0x0000000100000000)
  eden space 32768K, 0% used [0x00000000d6100000,0x00000000d6100000,0x00000000d8100000)
  from space 5120K, 99% used [0x00000000d8100000,0x00000000d85fd4b8,0x00000000d8600000)
  to   space 10240K, 0% used [0x00000000dab00000,0x00000000dab00000,0x00000000db500000)
 ParOldGen       total 86016K, used 14886K [0x0000000082200000, 0x0000000087600000, 0x00000000d6100000)
  object space 86016K, 17% used [0x0000000082200000,0x0000000083089a18,0x0000000087600000)
 Metaspace       used 17874K, capacity 18226K, committed 18560K, reserved 1064960K
  class space    used 2003K, capacity 2116K, committed 2176K, reserved 1048576K
}
Event: 4.993 GC heap before
{Heap before GC invocations=6 (full 0):
 PSYoungGen      total 37888K, used 37877K [0x00000000d6100000, 0x00000000db500000, 0x0000000100000000)
  eden space 32768K, 100% used [0x00000000d6100000,0x00000000d8100000,0x00000000d8100000)
  from space 5120K, 99% used [0x00000000d8100000,0x00000000d85fd4b8,0x00000000d8600000)
  to   space 10240K, 0% used [0x00000000dab00000,0x00000000dab00000,0x00000000db500000)
 ParOldGen       total 86016K, used 14886K [0x0000000082200000, 0x0000000087600000, 0x00000000d6100000)
  object space 86016K, 17% used [0x0000000082200000,0x0000000083089a18,0x0000000087600000)
 Metaspace       used 17887K, capacity 18226K, committed 18560K, reserved 1064960K
  class space    used 2003K, capacity 2116K, committed 2176K, reserved 1048576K
Event: 5.005 GC heap after
Heap after GC invocations=6 (full 0):
 PSYoungGen      total 74752K, used 10220K [0x00000000d6100000, 0x00000000db700000, 0x0000000100000000)
  eden space 64512K, 0% used [0x00000000d6100000,0x00000000d6100000,0x00000000da000000)
  from space 10240K, 99% used [0x00000000dab00000,0x00000000db4fb0b8,0x00000000db500000)
  to   space 11264K, 0% used [0x00000000da000000,0x00000000da000000,0x00000000dab00000)
 ParOldGen       total 86016K, used 15065K [0x0000000082200000, 0x0000000087600000, 0x00000000d6100000)
  object space 86016K, 17% used [0x0000000082200000,0x00000000830b6408,0x0000000087600000)
 Metaspace       used 17887K, capacity 18226K, committed 18560K, reserved 1064960K
  class space    used 2003K, capacity 2116K, committed 2176K, reserved 1048576K
}
Event: 5.352 GC heap before
{Heap before GC invocations=7 (full 0):
 PSYoungGen      total 74752K, used 74732K [0x00000000d6100000, 0x00000000db700000, 0x0000000100000000)
  eden space 64512K, 100% used [0x00000000d6100000,0x00000000da000000,0x00000000da000000)
  from space 10240K, 99% used [0x00000000dab00000,0x00000000db4fb0b8,0x00000000db500000)
  to   space 11264K, 0% used [0x00000000da000000,0x00000000da000000,0x00000000dab00000)
 ParOldGen       total 86016K, used 15065K [0x0000000082200000, 0x0000000087600000, 0x00000000d6100000)
  object space 86016K, 17% used [0x0000000082200000,0x00000000830b6408,0x0000000087600000)
 Metaspace       used 17897K, capacity 18354K, committed 18560K, reserved 1064960K
  class space    used 2003K, capacity 2116K, committed 2176K, reserved 1048576K
Event: 5.368 GC heap after
Heap after GC invocations=7 (full 0):
 PSYoungGen      total 75776K, used 10705K [0x00000000d6100000, 0x00000000db700000, 0x0000000100000000)
  eden space 64512K, 0% used [0x00000000d6100000,0x00000000d6100000,0x00000000da000000)
  from space 11264K, 95% used [0x00000000da000000,0x00000000daa74658,0x00000000dab00000)
  to   space 10240K, 0% used [0x00000000dab00000,0x00000000dab00000,0x00000000db500000)
 ParOldGen       total 86016K, used 18549K [0x0000000082200000, 0x0000000087600000, 0x00000000d6100000)
  object space 86016K, 21% used [0x0000000082200000,0x000000008341d418,0x0000000087600000)
 Metaspace       used 17897K, capacity 18354K, committed 18560K, reserved 1064960K
  class space    used 2003K, capacity 2116K, committed 2176K, reserved 1048576K
}

Deoptimization events (10 events):
Event: 4.028 Thread 0x0000000019f59800 Uncommon trap: reason=class_check action=maybe_recompile pc=0x00000000037e374c method=java.io.FilterInputStream.read([B)I @ 5
Event: 4.028 Thread 0x0000000019f59800 Uncommon trap: reason=class_check action=maybe_recompile pc=0x00000000037e374c method=java.io.FilterInputStream.read([B)I @ 5
Event: 4.061 Thread 0x0000000019f59800 Uncommon trap: reason=unstable_if action=reinterpret pc=0x000000000350f458 method=java.lang.reflect.Method.equals(Ljava/lang/Object;)Z @ 49
Event: 4.097 Thread 0x0000000019f59800 Uncommon trap: reason=unstable_if action=reinterpret pc=0x0000000003739068 method=com.sun.org.apache.xerces.internal.impl.XMLEntityScanner.arrangeCapacity(IZ)Z @ 59
Event: 4.119 Thread 0x0000000019f59800 Uncommon trap: reason=unstable_if action=reinterpret pc=0x0000000003873124 method=com.sun.org.apache.xerces.internal.impl.XMLEntityScanner.scanContent(Lcom/sun/org/apache/xerces/internal/xni/XMLString;)I @ 526
Event: 4.134 Thread 0x0000000019f59800 Uncommon trap: reason=unstable_if action=reinterpret pc=0x000000000364fe98 method=com.sun.org.apache.xerces.internal.impl.XMLEntityScanner.skipSpaces()Z @ 72
Event: 4.379 Thread 0x0000000019f59800 Uncommon trap: reason=unloaded action=reinterpret pc=0x00000000038f5ff8 method=org.apache.tomcat.util.bcel.classfile.Constant.readConstant(Ljava/io/DataInput;)Lorg/apache/tomcat/util/bcel/classfile/Constant; @ 122
Event: 4.682 Thread 0x0000000019f59800 Uncommon trap: reason=unloaded action=reinterpret pc=0x00000000039183c8 method=org.apache.tomcat.util.bcel.classfile.Constant.readConstant(Ljava/io/DataInput;)Lorg/apache/tomcat/util/bcel/classfile/Constant; @ 140
Event: 4.682 Thread 0x0000000019f59800 Uncommon trap: reason=unstable_if action=reinterpret pc=0x00000000039337d8 method=org.apache.tomcat.util.bcel.classfile.ConstantPool.<init>(Ljava/io/DataInput;)V @ 60
Event: 4.690 Thread 0x0000000019f59800 Uncommon trap: reason=unstable_if action=reinterpret pc=0x00000000038ecc9c method=java.io.DataInputStream.readUTF(Ljava/io/DataInput;)Ljava/lang/String; @ 112

Classes redefined (0 events):
No events

Internal exceptions (10 events):
Event: 1.822 Thread 0x0000000003173800 Implicit null exception at 0x00000000035fa161 to 0x00000000035fc850
Event: 1.822 Thread 0x0000000003173800 Exception <a 'java/lang/NullPointerException'> (0x00000000d665d470) thrown at [C:\re\workspace\8-2-build-windows-amd64-cygwin\jdk8u221\13320\hotspot\src\share\vm\runtime\sharedRuntime.cpp, line 605]
Event: 1.891 Thread 0x0000000003173800 Exception <a 'java/io/FileNotFoundException'> (0x00000000d67e24b8) thrown at [C:\re\workspace\8-2-build-windows-amd64-cygwin\jdk8u221\13320\hotspot\src\share\vm\prims\jni.cpp, line 710]
Event: 2.458 Thread 0x0000000019f59800 Exception <a 'java/security/PrivilegedActionException'> (0x00000000d695dc20) thrown at [C:\re\workspace\8-2-build-windows-amd64-cygwin\jdk8u221\13320\hotspot\src\share\vm\prims\jvm.cpp, line 1502]
Event: 2.458 Thread 0x0000000019f59800 Exception <a 'java/lang/reflect/InvocationTargetException'> (0x00000000d695df38) thrown at [C:\re\workspace\8-2-build-windows-amd64-cygwin\jdk8u221\13320\hotspot\src\share\vm\runtime\reflection.cpp, line 1092]
Event: 2.572 Thread 0x0000000019f59800 Exception <a 'java/io/FileNotFoundException'> (0x00000000d6d867c8) thrown at [C:\re\workspace\8-2-build-windows-amd64-cygwin\jdk8u221\13320\hotspot\src\share\vm\prims\jni.cpp, line 710]
Event: 2.921 Thread 0x0000000019f59800 Implicit null exception at 0x00000000037a08af to 0x00000000037a34b5
Event: 2.927 Thread 0x0000000019f59800 Exception <a 'java/lang/ClassNotFoundException': org/apache/catalina/webresources/file/Handler> (0x00000000d6feb208) thrown at [C:\re\workspace\8-2-build-windows-amd64-cygwin\jdk8u221\13320\hotspot\src\share\vm\classfile\systemDictionary.cpp, line 210]
Event: 4.046 Thread 0x0000000019f59800 Exception <a 'java/lang/ClassNotFoundException': org/apache/catalina/webresources/jar/Handler> (0x00000000d7400500) thrown at [C:\re\workspace\8-2-build-windows-amd64-cygwin\jdk8u221\13320\hotspot\src\share\vm\classfile\systemDictionary.cpp, line 210]
Event: 4.081 Thread 0x0000000019f59800 Exception <a 'java/io/FileNotFoundException'> (0x00000000d768c648) thrown at [C:\re\workspace\8-2-build-windows-amd64-cygwin\jdk8u221\13320\hotspot\src\share\vm\prims\jni.cpp, line 710]

Events (10 events):
Event: 5.372 Executing VM operation: RevokeBias
Event: 5.372 Executing VM operation: RevokeBias done
Event: 5.372 Executing VM operation: RevokeBias
Event: 5.372 Executing VM operation: RevokeBias done
Event: 5.372 Executing VM operation: RevokeBias
Event: 5.372 Executing VM operation: RevokeBias done
Event: 5.372 Executing VM operation: RevokeBias
Event: 5.372 Executing VM operation: RevokeBias done
Event: 5.413 Thread 0x0000000019f59800 DEOPT PACKING pc=0x00000000039cb1a4 sp=0x000000001b3e9c30
Event: 5.413 Thread 0x0000000019f59800 DEOPT UNPACKING pc=0x00000000032b7890 sp=0x000000001b3e9970 mode 0


Dynamic libraries:
0x00007ff6208b0000 - 0x00007ff6208e7000 	C:\Program Files\Java\jdk1.8.0_221\bin\java.exe
0x00007ff944220000 - 0x00007ff944410000 	C:\WINDOWS\SYSTEM32\ntdll.dll
0x00007ff9422d0000 - 0x00007ff942382000 	C:\WINDOWS\System32\KERNEL32.DLL
0x00007ff941500000 - 0x00007ff9417a3000 	C:\WINDOWS\System32\KERNELBASE.dll
0x00007ff9427b0000 - 0x00007ff942853000 	C:\WINDOWS\System32\ADVAPI32.dll
0x00007ff943250000 - 0x00007ff9432ee000 	C:\WINDOWS\System32\msvcrt.dll
0x00007ff942f50000 - 0x00007ff942fe7000 	C:\WINDOWS\System32\sechost.dll
0x00007ff943080000 - 0x00007ff9431a0000 	C:\WINDOWS\System32\RPCRT4.dll
0x00007ff9433a0000 - 0x00007ff943534000 	C:\WINDOWS\System32\USER32.dll
0x00007ff9411b0000 - 0x00007ff9411d1000 	C:\WINDOWS\System32\win32u.dll
0x00007ff943540000 - 0x00007ff943566000 	C:\WINDOWS\System32\GDI32.dll
0x00007ff941230000 - 0x00007ff9413c4000 	C:\WINDOWS\System32\gdi32full.dll
0x00007ff942080000 - 0x00007ff94211e000 	C:\WINDOWS\System32\msvcp_win.dll
0x00007ff942120000 - 0x00007ff94221a000 	C:\WINDOWS\System32\ucrtbase.dll
0x00007ff931f90000 - 0x00007ff932215000 	C:\WINDOWS\WinSxS\amd64_microsoft.windows.common-controls_6595b64144ccf1df_6.0.18362.657_none_e6c5b579130e3898\COMCTL32.dll
0x00007ff942460000 - 0x00007ff942796000 	C:\WINDOWS\System32\combase.dll
0x00007ff941480000 - 0x00007ff941500000 	C:\WINDOWS\System32\bcryptPrimitives.dll
0x00007ff944120000 - 0x00007ff94414e000 	C:\WINDOWS\System32\IMM32.DLL
0x00000000571f0000 - 0x00000000572c2000 	C:\Program Files\Java\jdk1.8.0_221\jre\bin\msvcr100.dll
0x00000000562f0000 - 0x0000000056b95000 	C:\Program Files\Java\jdk1.8.0_221\jre\bin\server\jvm.dll
0x00007ff943070000 - 0x00007ff943078000 	C:\WINDOWS\System32\PSAPI.DLL
0x00007ff92dd70000 - 0x00007ff92dd79000 	C:\WINDOWS\SYSTEM32\WSOCK32.dll
0x00007ff943a00000 - 0x00007ff943a6f000 	C:\WINDOWS\System32\WS2_32.dll
0x00007ff93dbf0000 - 0x00007ff93dc14000 	C:\WINDOWS\SYSTEM32\WINMM.dll
0x00007ff930180000 - 0x00007ff93018a000 	C:\WINDOWS\SYSTEM32\VERSION.dll
0x00007ff93da50000 - 0x00007ff93da7d000 	C:\WINDOWS\SYSTEM32\WINMMBASE.dll
0x00007ff9411e0000 - 0x00007ff94122a000 	C:\WINDOWS\System32\cfgmgr32.dll
0x00007ff93ddf0000 - 0x00007ff93ddff000 	C:\Program Files\Java\jdk1.8.0_221\jre\bin\verify.dll
0x00007ff936fa0000 - 0x00007ff936fc9000 	C:\Program Files\Java\jdk1.8.0_221\jre\bin\java.dll
0x00007ff93a8a0000 - 0x00007ff93a8b6000 	C:\Program Files\Java\jdk1.8.0_221\jre\bin\zip.dll
0x00007ff942860000 - 0x00007ff942f45000 	C:\WINDOWS\System32\SHELL32.dll
0x00007ff9431a0000 - 0x00007ff943249000 	C:\WINDOWS\System32\shcore.dll
0x00007ff9417b0000 - 0x00007ff941f2f000 	C:\WINDOWS\System32\windows.storage.dll
0x00007ff941100000 - 0x00007ff94111f000 	C:\WINDOWS\System32\profapi.dll
0x00007ff941160000 - 0x00007ff9411aa000 	C:\WINDOWS\System32\powrprof.dll
0x00007ff9410f0000 - 0x00007ff941100000 	C:\WINDOWS\System32\UMPDC.dll
0x00007ff943840000 - 0x00007ff943892000 	C:\WINDOWS\System32\shlwapi.dll
0x00007ff941120000 - 0x00007ff941131000 	C:\WINDOWS\System32\kernel.appcore.dll
0x00007ff9422b0000 - 0x00007ff9422c7000 	C:\WINDOWS\System32\cryptsp.dll
0x00007ff93c0e0000 - 0x00007ff93c0ed000 	C:\Program Files\Java\jdk1.8.0_221\jre\bin\management.dll
0x00007ff936f80000 - 0x00007ff936f9a000 	C:\Program Files\Java\jdk1.8.0_221\jre\bin\net.dll
0x00007ff935520000 - 0x00007ff9356f6000 	C:\WINDOWS\SYSTEM32\urlmon.dll
0x00007ff9337c0000 - 0x00007ff933a66000 	C:\WINDOWS\SYSTEM32\iertutil.dll
0x00007ff940b30000 - 0x00007ff940b3c000 	C:\WINDOWS\SYSTEM32\CRYPTBASE.DLL
0x00007ff940960000 - 0x00007ff9409c7000 	C:\WINDOWS\system32\mswsock.dll
0x00007ff936f60000 - 0x00007ff936f72000 	C:\Program Files\Java\jdk1.8.0_221\jre\bin\nio.dll
0x00007ff9222a0000 - 0x00007ff9222b6000 	C:\WINDOWS\system32\napinsp.dll
0x00007ff922280000 - 0x00007ff92229a000 	C:\WINDOWS\system32\pnrpnsp.dll
0x00007ff9406b0000 - 0x00007ff94077a000 	C:\WINDOWS\SYSTEM32\DNSAPI.dll
0x00007ff944150000 - 0x00007ff944158000 	C:\WINDOWS\System32\NSI.dll
0x00007ff940670000 - 0x00007ff9406aa000 	C:\WINDOWS\SYSTEM32\IPHLPAPI.DLL
0x00007ff922270000 - 0x00007ff92227e000 	C:\WINDOWS\System32\winrnr.dll
0x00007ff93d930000 - 0x00007ff93d94c000 	C:\WINDOWS\system32\NLAapi.dll
0x00007ff93c720000 - 0x00007ff93c735000 	C:\WINDOWS\system32\wshbth.dll
0x00007ff928770000 - 0x00007ff92877a000 	C:\Windows\System32\rasadhlp.dll
0x00007ff935f70000 - 0x00007ff935fe7000 	C:\WINDOWS\System32\fwpuclnt.dll
0x00007ff942220000 - 0x00007ff942246000 	C:\WINDOWS\System32\bcrypt.dll
0x00007ff940470000 - 0x00007ff9404a3000 	C:\WINDOWS\system32\rsaenh.dll
0x00007ff941010000 - 0x00007ff941035000 	C:\WINDOWS\SYSTEM32\USERENV.dll
0x00007ff936090000 - 0x00007ff9360a6000 	C:\WINDOWS\SYSTEM32\dhcpcsvc6.DLL
0x00007ff936170000 - 0x00007ff93618c000 	C:\WINDOWS\SYSTEM32\dhcpcsvc.DLL
0x00007ff93a000000 - 0x00007ff93a024000 	C:\Program Files\Java\jdk1.8.0_221\jre\bin\sunec.dll
0x00007ff935480000 - 0x00007ff93548b000 	C:\Program Files\Java\jdk1.8.0_221\jre\bin\sunmscapi.dll
0x00007ff941f30000 - 0x00007ff942079000 	C:\WINDOWS\System32\CRYPT32.dll
0x00007ff941140000 - 0x00007ff941152000 	C:\WINDOWS\System32\MSASN1.dll

VM Arguments:
jvm_args: -Djava.util.logging.config.file=C:\Users\ADMIN\.IntelliJIdea2019.2\system\tomcat\Unnamed_Blog\conf\logging.properties -Djava.util.logging.manager=org.apache.juli.ClassLoaderLogManager -Dcom.sun.management.jmxremote= -Dcom.sun.management.jmxremote.port=1099 -Dcom.sun.management.jmxremote.ssl=false -Dcom.sun.management.jmxremote.password.file=C:\Users\ADMIN\.IntelliJIdea2019.2\system\tomcat\Unnamed_Blog\jmxremote.password -Dcom.sun.management.jmxremote.access.file=C:\Users\ADMIN\.IntelliJIdea2019.2\system\tomcat\Unnamed_Blog\jmxremote.access -Djava.rmi.server.hostname=127.0.0.1 -Djdk.tls.ephemeralDHKeySize=2048 -Djava.protocol.handler.pkgs=org.apache.catalina.webresources -Dignore.endorsed.dirs= -Dcatalina.base=C:\Users\ADMIN\.IntelliJIdea2019.2\system\tomcat\Unnamed_Blog -Dcatalina.home=D:\MyCode\apache-tomcat-9.0.36 -Djava.io.tmpdir=D:\MyCode\apache-tomcat-9.0.36\temp 
java_command: org.apache.catalina.startup.Bootstrap start
java_class_path (initial): D:\MyCode\apache-tomcat-9.0.36\bin\bootstrap.jar;D:\MyCode\apache-tomcat-9.0.36\bin\tomcat-juli.jar
Launcher Type: SUN_STANDARD

Environment Variables:
JAVA_HOME=C:\Program Files\Java\jdk1.8.0_221
JRE_HOME=C:\Program Files\Java\jdk1.8.0_221
CLASSPATH=D:\MyCode\apache-tomcat-9.0.36\bin\bootstrap.jar;D:\MyCode\apache-tomcat-9.0.36\bin\tomcat-juli.jar
PATH=D:\IntelliJ IDEA 2019.2\jbr\\bin;D:\IntelliJ IDEA 2019.2\jbr\\bin\server;C:\Program Files\Microsoft MPI\Bin\;C:\Program Files (x86)\Common Files\Oracle\Java\javapath;C:\WINDOWS\system32;C:\WINDOWS;C:\WINDOWS\System32\Wbem;C:\WINDOWS\System32\WindowsPowerShell\v1.0\;C:\Program Files\Git\cmd;C:\WINDOWS\System32\OpenSSH\;C:\Program Files\dotnet\;C:\Program Files (x86)\Microsoft SQL Server\150\DTS\Binn\;C:\Program Files (x86)\Microsoft SQL Server\150\Tools\Binn\;G:\cc\Microsoft SQL Server\150\Tools\Binn\;G:\cc\Microsoft SQL Server\150\DTS\Binn\;G:\cc\Microsoft SQL Server\Client SDK\ODBC\170\Tools\Binn\;C:\Program Files\Microsoft SQL Server\130\Tools\Binn\;C:\Program Files\MySQL\MySQL Shell 8.0\bin\;C:\Users\ADMIN\AppData\Local\Microsoft\WindowsApps;C:\Users\ADMIN\.dotnet\tools;C:\Users\ADMIN\AppData\Local\GitHubDesktop\bin
USERNAME=ADMIN
OS=Windows_NT
PROCESSOR_IDENTIFIER=Intel64 Family 6 Model 78 Stepping 3, GenuineIntel



---------------  S Y S T E M  ---------------

OS: Windows 10.0 , 64 bit Build 18362 (10.0.18362.329)

CPU:total 4 (initial active 4) (2 cores per cpu, 2 threads per core) family 6 model 78 stepping 3, cmov, cx8, fxsr, mmx, sse, sse2, sse3, ssse3, sse4.1, sse4.2, popcnt, avx, avx2, aes, clmul, erms, 3dnowpref, lzcnt, ht, tsc, tscinvbit, bmi1, bmi2, adx

Memory: 4k page, physical 8244800k(2343400k free), swap 11392260k(5132k free)

vm_info: Java HotSpot(TM) 64-Bit Server VM (25.221-b11) for windows-amd64 JRE (1.8.0_221-b11), built on Jul  4 2019 04:39:29 by "java_re" with MS VC++ 10.0 (VS2010)

time: Mon Jun 15 11:43:52 2020
timezone: SE Asia Standard Time
elapsed time: 5 seconds (0d 0h 0m 5s)

