#
# There is insufficient memory for the Java Runtime Environment to continue.
# Native memory allocation (malloc) failed to allocate 32744 bytes for ChunkPool::allocate
# Possible reasons:
#   The system is out of physical RAM or swap space
#   The process is running with CompressedOops enabled, and the Java Heap may be blocking the growth of the native heap
# Possible solutions:
#   Reduce memory load on the system
#   Increase physical memory or swap space
#   Check if swap backing store is full
#   Decrease Java heap size (-Xmx/-Xms)
#   Decrease number of Java threads
#   Decrease Java thread stack sizes (-Xss)
#   Set larger code cache with -XX:ReservedCodeCacheSize=
#   JVM is running with Unscaled Compressed Oops mode in which the Java heap is
#     placed in the first 4GB address space. The Java Heap base address is the
#     maximum limit for the native heap growth. Please use -XX:HeapBaseMinAddress
#     to set the Java Heap base and to place the Java Heap above 4GB virtual address.
# This output file may be truncated or incomplete.
#
#  Out of Memory Error (allocation.cpp:272), pid=9232, tid=0x0000000000002510
#
# JRE version: Java(TM) SE Runtime Environment (8.0_221-b11) (build 1.8.0_221-b11)
# Java VM: Java HotSpot(TM) 64-Bit Server VM (25.221-b11 mixed mode windows-amd64 compressed oops)
# Failed to write core dump. Minidumps are not enabled by default on client versions of Windows
#

---------------  T H R E A D  ---------------

Current thread (0x0000000017567800):  JavaThread "C2 CompilerThread1" daemon [_thread_in_native, id=9488, stack(0x0000000018cd0000,0x0000000018dd0000)]

Stack: [0x0000000018cd0000,0x0000000018dd0000]
[error occurred during error reporting (printing stack bounds), id 0xc0000005]

Native frames: (J=compiled Java code, j=interpreted, Vv=VM code, C=native code)


Current CompileTask:
C2:   5600 1939       4       org.apache.catalina.startup.ContextConfig::populateJavaClassCache (78 bytes)


---------------  P R O C E S S  ---------------

Java Threads: ( => current thread )
  0x000000001a92c000 JavaThread "JMX server connection timeout 40" daemon [_thread_blocked, id=12876, stack(0x000000001d220000,0x000000001d320000)]
  0x000000001a92e000 JavaThread "http-nio-8080-Acceptor" daemon [_thread_in_native, id=10204, stack(0x000000001d120000,0x000000001d220000)]
  0x000000001a92d800 JavaThread "http-nio-8080-ClientPoller" daemon [_thread_in_native, id=5208, stack(0x000000001d020000,0x000000001d120000)]
  0x000000001a931000 JavaThread "http-nio-8080-exec-10" daemon [_thread_blocked, id=11036, stack(0x000000001cf20000,0x000000001d020000)]
  0x000000001a92a800 JavaThread "http-nio-8080-exec-9" daemon [_thread_blocked, id=984, stack(0x000000001ce20000,0x000000001cf20000)]
  0x000000001a923800 JavaThread "http-nio-8080-exec-8" daemon [_thread_blocked, id=4608, stack(0x000000001cd20000,0x000000001ce20000)]
  0x000000001a924800 JavaThread "http-nio-8080-exec-7" daemon [_thread_blocked, id=12848, stack(0x000000001cc20000,0x000000001cd20000)]
  0x000000001a923000 JavaThread "http-nio-8080-exec-6" daemon [_thread_blocked, id=3960, stack(0x000000001cb20000,0x000000001cc20000)]
  0x000000001a927800 JavaThread "http-nio-8080-exec-5" daemon [_thread_blocked, id=11136, stack(0x000000001ca20000,0x000000001cb20000)]
  0x000000001a929800 JavaThread "http-nio-8080-exec-4" daemon [_thread_blocked, id=2024, stack(0x000000001c920000,0x000000001ca20000)]
  0x000000001a922000 JavaThread "http-nio-8080-exec-3" daemon [_thread_blocked, id=13268, stack(0x000000001c820000,0x000000001c920000)]
  0x000000001a929000 JavaThread "http-nio-8080-exec-2" daemon [_thread_blocked, id=12168, stack(0x000000001c620000,0x000000001c720000)]
  0x000000001a928000 JavaThread "http-nio-8080-exec-1" daemon [_thread_blocked, id=7576, stack(0x000000001c520000,0x000000001c620000)]
  0x000000001a926800 JavaThread "Catalina-utility-2" [_thread_blocked, id=12052, stack(0x000000001c420000,0x000000001c520000)]
  0x000000001a926000 JavaThread "Catalina-utility-1" [_thread_blocked, id=10860, stack(0x000000001c320000,0x000000001c420000)]
  0x000000001a925000 JavaThread "http-nio-8080-BlockPoller" daemon [_thread_in_native, id=2716, stack(0x000000001bce0000,0x000000001bde0000)]
  0x000000001911f800 JavaThread "GC Daemon" daemon [_thread_blocked, id=13056, stack(0x000000001bbe0000,0x000000001bce0000)]
  0x000000001911e000 JavaThread "RMI Scheduler(0)" daemon [_thread_blocked, id=9012, stack(0x000000001bae0000,0x000000001bbe0000)]
  0x0000000019124800 JavaThread "RMI TCP Connection(2)-127.0.0.1" daemon [_thread_in_native, id=2936, stack(0x000000001b9e0000,0x000000001bae0000)]
  0x0000000019124000 JavaThread "RMI TCP Connection(3)-127.0.0.1" daemon [_thread_in_native, id=1340, stack(0x000000001b8e0000,0x000000001b9e0000)]
  0x000000001911e800 JavaThread "RMI TCP Accept-0" daemon [_thread_in_native, id=7340, stack(0x000000001a510000,0x000000001a610000)]
  0x0000000019122800 JavaThread "RMI TCP Accept-1099" daemon [_thread_in_native, id=10852, stack(0x000000001a410000,0x000000001a510000)]
  0x0000000019123000 JavaThread "RMI TCP Accept-0" daemon [_thread_in_native, id=7872, stack(0x000000001a110000,0x000000001a210000)]
  0x0000000019121800 JavaThread "FileHandlerLogFilesCleaner-1" daemon [_thread_blocked, id=6796, stack(0x0000000019cd0000,0x0000000019dd0000)]
  0x0000000019121000 JavaThread "AsyncFileHandlerWriter-1625635731" daemon [_thread_blocked, id=12224, stack(0x00000000193d0000,0x00000000194d0000)]
  0x0000000018f03000 JavaThread "Service Thread" daemon [_thread_blocked, id=13188, stack(0x00000000192d0000,0x00000000193d0000)]
  0x000000001756e000 JavaThread "C1 CompilerThread2" daemon [_thread_in_native, id=4444, stack(0x0000000018dd0000,0x0000000018ed0000)]
=>0x0000000017567800 JavaThread "C2 CompilerThread1" daemon [_thread_in_native, id=9488, stack(0x0000000018cd0000,0x0000000018dd0000)]
  0x0000000017562000 JavaThread "C2 CompilerThread0" daemon [_thread_in_native, id=8164, stack(0x0000000018bd0000,0x0000000018cd0000)]
  0x0000000017560000 JavaThread "Attach Listener" daemon [_thread_blocked, id=2596, stack(0x0000000018ad0000,0x0000000018bd0000)]
  0x000000001755e800 JavaThread "Signal Dispatcher" daemon [_thread_blocked, id=3356, stack(0x00000000189d0000,0x0000000018ad0000)]
  0x000000001754b000 JavaThread "Finalizer" daemon [_thread_blocked, id=12944, stack(0x00000000187c0000,0x00000000188c0000)]
  0x000000001754a000 JavaThread "Reference Handler" daemon [_thread_blocked, id=3892, stack(0x00000000186c0000,0x00000000187c0000)]
  0x0000000002963800 JavaThread "main" [_thread_in_native, id=10716, stack(0x0000000002820000,0x0000000002920000)]

Other Threads:
  0x0000000017527000 VMThread [stack: 0x00000000185c0000,0x00000000186c0000] [id=1184]
  0x00000000195aa000 WatcherThread [stack: 0x000000001a610000,0x000000001a710000] [id=5748]

VM state:not at safepoint (normal execution)

VM Mutex/Monitor currently owned by a thread: None

heap address: 0x0000000082200000, size: 2014 MB, Compressed Oops mode: 32-bit
Narrow klass base: 0x0000000000000000, Narrow klass shift: 3
Compressed class space size: 1073741824 Address: 0x0000000100000000

Heap:
 PSYoungGen      total 37888K, used 37583K [0x00000000d6100000, 0x00000000d8b00000, 0x0000000100000000)
  eden space 32768K, 99% used [0x00000000d6100000,0x00000000d80b56b8,0x00000000d8100000)
  from space 5120K, 99% used [0x00000000d8100000,0x00000000d85fe5a8,0x00000000d8600000)
  to   space 5120K, 0% used [0x00000000d8600000,0x00000000d8600000,0x00000000d8b00000)
 ParOldGen       total 86016K, used 26568K [0x0000000082200000, 0x0000000087600000, 0x00000000d6100000)
  object space 86016K, 30% used [0x0000000082200000,0x0000000083bf2378,0x0000000087600000)
 Metaspace       used 17837K, capacity 18222K, committed 18560K, reserved 1064960K
  class space    used 2004K, capacity 2116K, committed 2176K, reserved 1048576K

Card table byte_map: [0x0000000011e20000,0x0000000012210000] byte_map_base: 0x0000000011a0f000

Marking Bits: (ParMarkBitMap*) 0x0000000056b15ce0
 Begin Bits: [0x00000000128b0000, 0x0000000014828000)
 End Bits:   [0x0000000014828000, 0x00000000167a0000)

Polling page: 0x0000000002920000

CodeCache: size=245760Kb used=7359Kb max_used=7359Kb free=238400Kb
 bounds [0x0000000002a60000, 0x00000000031a0000, 0x0000000011a60000]
 total_blobs=2348 nmethods=1945 adapters=315
 compilation: enabled

Compilation events (10 events):
Event: 5.578 Thread 0x000000001756e000 1943  s!   3       sun.net.www.protocol.file.Handler::openConnection (273 bytes)
Event: 5.581 Thread 0x000000001756e000 nmethod 1943 0x0000000003192a50 code [0x0000000003192ec0, 0x0000000003195ce8]
Event: 5.581 Thread 0x000000001756e000 1944       3       sun.net.www.URLConnection::<init> (22 bytes)
Event: 5.581 Thread 0x000000001756e000 nmethod 1944 0x000000000318a5d0 code [0x000000000318a760, 0x000000000318aa58]
Event: 5.582 Thread 0x000000001756e000 1945       3       java.util.WeakHashMap::isEmpty (13 bytes)
Event: 5.583 Thread 0x000000001756e000 nmethod 1945 0x000000000318a090 code [0x000000000318a200, 0x000000000318a528]
Event: 5.583 Thread 0x000000001756e000 1946       3       java.util.WeakHashMap::size (18 bytes)
Event: 5.583 Thread 0x000000001756e000 nmethod 1946 0x000000000318c9d0 code [0x000000000318cb40, 0x000000000318cd28]
Event: 5.583 Thread 0x000000001756e000 1947       3       sun.nio.cs.ThreadLocalCoders$Cache::forName (108 bytes)
Event: 5.584 Thread 0x000000001756e000 nmethod 1947 0x000000000318f450 code [0x000000000318f6c0, 0x0000000003190a58]

GC Heap History (10 events):
Event: 4.655 GC heap before
{Heap before GC invocations=3 (full 0):
 PSYoungGen      total 37888K, used 37885K [0x00000000d6100000, 0x00000000d8b00000, 0x0000000100000000)
  eden space 32768K, 100% used [0x00000000d6100000,0x00000000d8100000,0x00000000d8100000)
  from space 5120K, 99% used [0x00000000d8600000,0x00000000d8aff6d0,0x00000000d8b00000)
  to   space 5120K, 0% used [0x00000000d8100000,0x00000000d8100000,0x00000000d8600000)
 ParOldGen       total 86016K, used 3856K [0x0000000082200000, 0x0000000087600000, 0x00000000d6100000)
  object space 86016K, 4% used [0x0000000082200000,0x00000000825c4120,0x0000000087600000)
 Metaspace       used 17654K, capacity 18030K, committed 18304K, reserved 1064960K
  class space    used 2000K, capacity 2116K, committed 2176K, reserved 1048576K
Event: 4.668 GC heap after
Heap after GC invocations=3 (full 0):
 PSYoungGen      total 37888K, used 5088K [0x00000000d6100000, 0x00000000d8b00000, 0x0000000100000000)
  eden space 32768K, 0% used [0x00000000d6100000,0x00000000d6100000,0x00000000d8100000)
  from space 5120K, 99% used [0x00000000d8100000,0x00000000d85f81e0,0x00000000d8600000)
  to   space 5120K, 0% used [0x00000000d8600000,0x00000000d8600000,0x00000000d8b00000)
 ParOldGen       total 86016K, used 6694K [0x0000000082200000, 0x0000000087600000, 0x00000000d6100000)
  object space 86016K, 7% used [0x0000000082200000,0x0000000082889ac0,0x0000000087600000)
 Metaspace       used 17654K, capacity 18030K, committed 18304K, reserved 1064960K
  class space    used 2000K, capacity 2116K, committed 2176K, reserved 1048576K
}
Event: 4.935 GC heap before
{Heap before GC invocations=4 (full 0):
 PSYoungGen      total 37888K, used 37856K [0x00000000d6100000, 0x00000000d8b00000, 0x0000000100000000)
  eden space 32768K, 100% used [0x00000000d6100000,0x00000000d8100000,0x00000000d8100000)
  from space 5120K, 99% used [0x00000000d8100000,0x00000000d85f81e0,0x00000000d8600000)
  to   space 5120K, 0% used [0x00000000d8600000,0x00000000d8600000,0x00000000d8b00000)
 ParOldGen       total 86016K, used 6694K [0x0000000082200000, 0x0000000087600000, 0x00000000d6100000)
  object space 86016K, 7% used [0x0000000082200000,0x0000000082889ac0,0x0000000087600000)
 Metaspace       used 17793K, capacity 18158K, committed 18304K, reserved 1064960K
  class space    used 2004K, capacity 2116K, committed 2176K, reserved 1048576K
Event: 4.944 GC heap after
Heap after GC invocations=4 (full 0):
 PSYoungGen      total 37888K, used 5110K [0x00000000d6100000, 0x00000000d8b00000, 0x0000000100000000)
  eden space 32768K, 0% used [0x00000000d6100000,0x00000000d6100000,0x00000000d8100000)
  from space 5120K, 99% used [0x00000000d8600000,0x00000000d8afd9e0,0x00000000d8b00000)
  to   space 5120K, 0% used [0x00000000d8100000,0x00000000d8100000,0x00000000d8600000)
 ParOldGen       total 86016K, used 11712K [0x0000000082200000, 0x0000000087600000, 0x00000000d6100000)
  object space 86016K, 13% used [0x0000000082200000,0x0000000082d702b0,0x0000000087600000)
 Metaspace       used 17793K, capacity 18158K, committed 18304K, reserved 1064960K
  class space    used 2004K, capacity 2116K, committed 2176K, reserved 1048576K
}
Event: 5.074 GC heap before
{Heap before GC invocations=5 (full 0):
 PSYoungGen      total 37888K, used 37878K [0x00000000d6100000, 0x00000000d8b00000, 0x0000000100000000)
  eden space 32768K, 100% used [0x00000000d6100000,0x00000000d8100000,0x00000000d8100000)
  from space 5120K, 99% used [0x00000000d8600000,0x00000000d8afd9e0,0x00000000d8b00000)
  to   space 5120K, 0% used [0x00000000d8100000,0x00000000d8100000,0x00000000d8600000)
 ParOldGen       total 86016K, used 11712K [0x0000000082200000, 0x0000000087600000, 0x00000000d6100000)
  object space 86016K, 13% used [0x0000000082200000,0x0000000082d702b0,0x0000000087600000)
 Metaspace       used 17797K, capacity 18158K, committed 18304K, reserved 1064960K
  class space    used 2004K, capacity 2116K, committed 2176K, reserved 1048576K
Event: 5.084 GC heap after
Heap after GC invocations=5 (full 0):
 PSYoungGen      total 37888K, used 5094K [0x00000000d6100000, 0x00000000d8b00000, 0x0000000100000000)
  eden space 32768K, 0% used [0x00000000d6100000,0x00000000d6100000,0x00000000d8100000)
  from space 5120K, 99% used [0x00000000d8100000,0x00000000d85f99d0,0x00000000d8600000)
  to   space 5120K, 0% used [0x00000000d8600000,0x00000000d8600000,0x00000000d8b00000)
 ParOldGen       total 86016K, used 17541K [0x0000000082200000, 0x0000000087600000, 0x00000000d6100000)
  object space 86016K, 20% used [0x0000000082200000,0x0000000083321708,0x0000000087600000)
 Metaspace       used 17797K, capacity 18158K, committed 18304K, reserved 1064960K
  class space    used 2004K, capacity 2116K, committed 2176K, reserved 1048576K
}
Event: 5.226 GC heap before
{Heap before GC invocations=6 (full 0):
 PSYoungGen      total 37888K, used 37862K [0x00000000d6100000, 0x00000000d8b00000, 0x0000000100000000)
  eden space 32768K, 100% used [0x00000000d6100000,0x00000000d8100000,0x00000000d8100000)
  from space 5120K, 99% used [0x00000000d8100000,0x00000000d85f99d0,0x00000000d8600000)
  to   space 5120K, 0% used [0x00000000d8600000,0x00000000d8600000,0x00000000d8b00000)
 ParOldGen       total 86016K, used 17541K [0x0000000082200000, 0x0000000087600000, 0x00000000d6100000)
  object space 86016K, 20% used [0x0000000082200000,0x0000000083321708,0x0000000087600000)
 Metaspace       used 17809K, capacity 18158K, committed 18304K, reserved 1064960K
  class space    used 2004K, capacity 2116K, committed 2176K, reserved 1048576K
Event: 5.236 GC heap after
Heap after GC invocations=6 (full 0):
 PSYoungGen      total 37888K, used 5090K [0x00000000d6100000, 0x00000000d8b00000, 0x0000000100000000)
  eden space 32768K, 0% used [0x00000000d6100000,0x00000000d6100000,0x00000000d8100000)
  from space 5120K, 99% used [0x00000000d8600000,0x00000000d8af88d0,0x00000000d8b00000)
  to   space 5120K, 0% used [0x00000000d8100000,0x00000000d8100000,0x00000000d8600000)
 ParOldGen       total 86016K, used 22189K [0x0000000082200000, 0x0000000087600000, 0x00000000d6100000)
  object space 86016K, 25% used [0x0000000082200000,0x00000000837ab510,0x0000000087600000)
 Metaspace       used 17809K, capacity 18158K, committed 18304K, reserved 1064960K
  class space    used 2004K, capacity 2116K, committed 2176K, reserved 1048576K
}
Event: 5.388 GC heap before
{Heap before GC invocations=7 (full 0):
 PSYoungGen      total 37888K, used 37858K [0x00000000d6100000, 0x00000000d8b00000, 0x0000000100000000)
  eden space 32768K, 100% used [0x00000000d6100000,0x00000000d8100000,0x00000000d8100000)
  from space 5120K, 99% used [0x00000000d8600000,0x00000000d8af88d0,0x00000000d8b00000)
  to   space 5120K, 0% used [0x00000000d8100000,0x00000000d8100000,0x00000000d8600000)
 ParOldGen       total 86016K, used 22189K [0x0000000082200000, 0x0000000087600000, 0x00000000d6100000)
  object space 86016K, 25% used [0x0000000082200000,0x00000000837ab510,0x0000000087600000)
 Metaspace       used 17826K, capacity 18222K, committed 18560K, reserved 1064960K
  class space    used 2004K, capacity 2116K, committed 2176K, reserved 1048576K
Event: 5.400 GC heap after
Heap after GC invocations=7 (full 0):
 PSYoungGen      total 37888K, used 5113K [0x00000000d6100000, 0x00000000d8b00000, 0x0000000100000000)
  eden space 32768K, 0% used [0x00000000d6100000,0x00000000d6100000,0x00000000d8100000)
  from space 5120K, 99% used [0x00000000d8100000,0x00000000d85fe5a8,0x00000000d8600000)
  to   space 5120K, 0% used [0x00000000d8600000,0x00000000d8600000,0x00000000d8b00000)
 ParOldGen       total 86016K, used 26568K [0x0000000082200000, 0x0000000087600000, 0x00000000d6100000)
  object space 86016K, 30% used [0x0000000082200000,0x0000000083bf2378,0x0000000087600000)
 Metaspace       used 17826K, capacity 18222K, committed 18560K, reserved 1064960K
  class space    used 2004K, capacity 2116K, committed 2176K, reserved 1048576K
}

Deoptimization events (10 events):
Event: 2.604 Thread 0x0000000019124000 Uncommon trap: reason=class_check action=maybe_recompile pc=0x0000000002f92b0c method=java.io.FilterInputStream.read([B)I @ 5
Event: 2.604 Thread 0x0000000019124000 Uncommon trap: reason=class_check action=maybe_recompile pc=0x0000000002f92b0c method=java.io.FilterInputStream.read([B)I @ 5
Event: 2.625 Thread 0x0000000019124000 Uncommon trap: reason=null_check action=make_not_entrant pc=0x0000000002f723ac method=java.lang.StringCoding.deref(Ljava/lang/ThreadLocal;)Ljava/lang/Object; @ 4
Event: 4.337 Thread 0x0000000019124000 Uncommon trap: reason=class_check action=maybe_recompile pc=0x0000000002f92b0c method=java.io.FilterInputStream.read([B)I @ 5
Event: 4.339 Thread 0x0000000019124000 Uncommon trap: reason=class_check action=maybe_recompile pc=0x0000000002f92b0c method=java.io.FilterInputStream.read([B)I @ 5
Event: 4.470 Thread 0x0000000019124000 Uncommon trap: reason=unstable_if action=reinterpret pc=0x0000000002f3d868 method=com.sun.org.apache.xerces.internal.impl.XMLEntityScanner.arrangeCapacity(IZ)Z @ 59
Event: 4.490 Thread 0x0000000019124000 Uncommon trap: reason=unstable_if action=reinterpret pc=0x0000000003020a2c method=com.sun.org.apache.xerces.internal.impl.XMLEntityScanner.scanContent(Lcom/sun/org/apache/xerces/internal/xni/XMLString;)I @ 44
Event: 4.518 Thread 0x0000000019124000 Uncommon trap: reason=unstable_if action=reinterpret pc=0x0000000002e19f94 method=com.sun.org.apache.xerces.internal.impl.XMLEntityScanner.skipSpaces()Z @ 72
Event: 4.692 Thread 0x0000000019124000 Uncommon trap: reason=unstable_if action=reinterpret pc=0x00000000030a2960 method=java.io.DataInputStream.readUTF(Ljava/io/DataInput;)Ljava/lang/String; @ 112
Event: 4.740 Thread 0x0000000019124000 Uncommon trap: reason=unloaded action=reinterpret pc=0x00000000030b1588 method=org.apache.tomcat.util.bcel.classfile.Constant.readConstant(Ljava/io/DataInput;)Lorg/apache/tomcat/util/bcel/classfile/Constant; @ 140

Classes redefined (0 events):
No events

Internal exceptions (10 events):
Event: 2.138 Thread 0x0000000019124000 Exception <a 'java/lang/reflect/InvocationTargetException'> (0x00000000d6a30d10) thrown at [C:\re\workspace\8-2-build-windows-amd64-cygwin\jdk8u221\13320\hotspot\src\share\vm\runtime\reflection.cpp, line 1092]
Event: 2.201 Thread 0x0000000019124000 Exception <a 'java/io/FileNotFoundException'> (0x00000000d6c446a0) thrown at [C:\re\workspace\8-2-build-windows-amd64-cygwin\jdk8u221\13320\hotspot\src\share\vm\prims\jni.cpp, line 710]
Event: 2.607 Thread 0x0000000019124000 Implicit null exception at 0x0000000002de2f61 to 0x0000000002de5650
Event: 2.607 Thread 0x0000000019124000 Exception <a 'java/lang/NullPointerException'> (0x00000000d6e1e218) thrown at [C:\re\workspace\8-2-build-windows-amd64-cygwin\jdk8u221\13320\hotspot\src\share\vm\runtime\sharedRuntime.cpp, line 605]
Event: 2.607 Thread 0x0000000019124000 Implicit null exception at 0x0000000002de2f61 to 0x0000000002de5650
Event: 2.607 Thread 0x0000000019124000 Exception <a 'java/lang/NullPointerException'> (0x00000000d6e1e7f0) thrown at [C:\re\workspace\8-2-build-windows-amd64-cygwin\jdk8u221\13320\hotspot\src\share\vm\runtime\sharedRuntime.cpp, line 605]
Event: 2.625 Thread 0x0000000019124000 Implicit null exception at 0x0000000002f6f7f3 to 0x0000000002f72389
Event: 2.635 Thread 0x0000000019124000 Exception <a 'java/lang/ClassNotFoundException': org/apache/catalina/webresources/file/Handler> (0x00000000d6eb9970) thrown at [C:\re\workspace\8-2-build-windows-amd64-cygwin\jdk8u221\13320\hotspot\src\share\vm\classfile\systemDictionary.cpp, line 210]
Event: 4.388 Thread 0x0000000019124000 Exception <a 'java/lang/ClassNotFoundException': org/apache/catalina/webresources/jar/Handler> (0x00000000d72e0a88) thrown at [C:\re\workspace\8-2-build-windows-amd64-cygwin\jdk8u221\13320\hotspot\src\share\vm\classfile\systemDictionary.cpp, line 210]
Event: 4.436 Thread 0x0000000019124000 Exception <a 'java/io/FileNotFoundException'> (0x00000000d757dde8) thrown at [C:\re\workspace\8-2-build-windows-amd64-cygwin\jdk8u221\13320\hotspot\src\share\vm\prims\jni.cpp, line 710]

Events (10 events):
Event: 5.402 Executing VM operation: RevokeBias
Event: 5.402 Executing VM operation: RevokeBias done
Event: 5.402 Executing VM operation: RevokeBias
Event: 5.402 Executing VM operation: RevokeBias done
Event: 5.402 Executing VM operation: RevokeBias
Event: 5.402 Executing VM operation: RevokeBias done
Event: 5.402 Executing VM operation: RevokeBias
Event: 5.402 Executing VM operation: RevokeBias done
Event: 5.521 Thread 0x0000000019124000 DEOPT PACKING pc=0x00000000030e3973 sp=0x000000001b9da050
Event: 5.521 Thread 0x0000000019124000 DEOPT UNPACKING pc=0x0000000002aa7890 sp=0x000000001b9d9db8 mode 0


Dynamic libraries:
0x00007ff6208b0000 - 0x00007ff6208e7000 	C:\Program Files\Java\jdk1.8.0_221\bin\java.exe
0x00007ff944220000 - 0x00007ff944410000 	C:\WINDOWS\SYSTEM32\ntdll.dll
0x00007ff9422d0000 - 0x00007ff942382000 	C:\WINDOWS\System32\KERNEL32.DLL
0x00007ff941500000 - 0x00007ff9417a3000 	C:\WINDOWS\System32\KERNELBASE.dll
0x00007ff9427b0000 - 0x00007ff942853000 	C:\WINDOWS\System32\ADVAPI32.dll
0x00007ff943250000 - 0x00007ff9432ee000 	C:\WINDOWS\System32\msvcrt.dll
0x00007ff942f50000 - 0x00007ff942fe7000 	C:\WINDOWS\System32\sechost.dll
0x00007ff943080000 - 0x00007ff9431a0000 	C:\WINDOWS\System32\RPCRT4.dll
0x00007ff9433a0000 - 0x00007ff943534000 	C:\WINDOWS\System32\USER32.dll
0x00007ff9411b0000 - 0x00007ff9411d1000 	C:\WINDOWS\System32\win32u.dll
0x00007ff943540000 - 0x00007ff943566000 	C:\WINDOWS\System32\GDI32.dll
0x00007ff941230000 - 0x00007ff9413c4000 	C:\WINDOWS\System32\gdi32full.dll
0x00007ff942080000 - 0x00007ff94211e000 	C:\WINDOWS\System32\msvcp_win.dll
0x00007ff942120000 - 0x00007ff94221a000 	C:\WINDOWS\System32\ucrtbase.dll
0x00007ff931f90000 - 0x00007ff932215000 	C:\WINDOWS\WinSxS\amd64_microsoft.windows.common-controls_6595b64144ccf1df_6.0.18362.657_none_e6c5b579130e3898\COMCTL32.dll
0x00007ff942460000 - 0x00007ff942796000 	C:\WINDOWS\System32\combase.dll
0x00007ff941480000 - 0x00007ff941500000 	C:\WINDOWS\System32\bcryptPrimitives.dll
0x00007ff944120000 - 0x00007ff94414e000 	C:\WINDOWS\System32\IMM32.DLL
0x00000000571f0000 - 0x00000000572c2000 	C:\Program Files\Java\jdk1.8.0_221\jre\bin\msvcr100.dll
0x00000000562f0000 - 0x0000000056b95000 	C:\Program Files\Java\jdk1.8.0_221\jre\bin\server\jvm.dll
0x00007ff943070000 - 0x00007ff943078000 	C:\WINDOWS\System32\PSAPI.DLL
0x00007ff930180000 - 0x00007ff93018a000 	C:\WINDOWS\SYSTEM32\VERSION.dll
0x00007ff93dbf0000 - 0x00007ff93dc14000 	C:\WINDOWS\SYSTEM32\WINMM.dll
0x00007ff92dd70000 - 0x00007ff92dd79000 	C:\WINDOWS\SYSTEM32\WSOCK32.dll
0x00007ff93da50000 - 0x00007ff93da7d000 	C:\WINDOWS\SYSTEM32\winmmbase.dll
0x00007ff943a00000 - 0x00007ff943a6f000 	C:\WINDOWS\System32\WS2_32.dll
0x00007ff9411e0000 - 0x00007ff94122a000 	C:\WINDOWS\System32\cfgmgr32.dll
0x00007ff93ddf0000 - 0x00007ff93ddff000 	C:\Program Files\Java\jdk1.8.0_221\jre\bin\verify.dll
0x00007ff936fa0000 - 0x00007ff936fc9000 	C:\Program Files\Java\jdk1.8.0_221\jre\bin\java.dll
0x00007ff93a8a0000 - 0x00007ff93a8b6000 	C:\Program Files\Java\jdk1.8.0_221\jre\bin\zip.dll
0x00007ff942860000 - 0x00007ff942f45000 	C:\WINDOWS\System32\SHELL32.dll
0x00007ff9431a0000 - 0x00007ff943249000 	C:\WINDOWS\System32\shcore.dll
0x00007ff9417b0000 - 0x00007ff941f2f000 	C:\WINDOWS\System32\windows.storage.dll
0x00007ff941100000 - 0x00007ff94111f000 	C:\WINDOWS\System32\profapi.dll
0x00007ff941160000 - 0x00007ff9411aa000 	C:\WINDOWS\System32\powrprof.dll
0x00007ff9410f0000 - 0x00007ff941100000 	C:\WINDOWS\System32\UMPDC.dll
0x00007ff943840000 - 0x00007ff943892000 	C:\WINDOWS\System32\shlwapi.dll
0x00007ff941120000 - 0x00007ff941131000 	C:\WINDOWS\System32\kernel.appcore.dll
0x00007ff9422b0000 - 0x00007ff9422c7000 	C:\WINDOWS\System32\cryptsp.dll
0x00007ff93c0e0000 - 0x00007ff93c0ed000 	C:\Program Files\Java\jdk1.8.0_221\jre\bin\management.dll
0x00007ff936f80000 - 0x00007ff936f9a000 	C:\Program Files\Java\jdk1.8.0_221\jre\bin\net.dll
0x00007ff935520000 - 0x00007ff9356f6000 	C:\WINDOWS\SYSTEM32\urlmon.dll
0x00007ff9337c0000 - 0x00007ff933a66000 	C:\WINDOWS\SYSTEM32\iertutil.dll
0x00007ff940b30000 - 0x00007ff940b3c000 	C:\WINDOWS\SYSTEM32\CRYPTBASE.DLL
0x00007ff940960000 - 0x00007ff9409c7000 	C:\WINDOWS\system32\mswsock.dll
0x00007ff936f60000 - 0x00007ff936f72000 	C:\Program Files\Java\jdk1.8.0_221\jre\bin\nio.dll
0x00007ff9222a0000 - 0x00007ff9222b6000 	C:\WINDOWS\system32\napinsp.dll
0x00007ff922280000 - 0x00007ff92229a000 	C:\WINDOWS\system32\pnrpnsp.dll
0x00007ff9406b0000 - 0x00007ff94077a000 	C:\WINDOWS\SYSTEM32\DNSAPI.dll
0x00007ff944150000 - 0x00007ff944158000 	C:\WINDOWS\System32\NSI.dll
0x00007ff940670000 - 0x00007ff9406aa000 	C:\WINDOWS\SYSTEM32\IPHLPAPI.DLL
0x00007ff922270000 - 0x00007ff92227e000 	C:\WINDOWS\System32\winrnr.dll
0x00007ff93d930000 - 0x00007ff93d94c000 	C:\WINDOWS\system32\NLAapi.dll
0x00007ff93c720000 - 0x00007ff93c735000 	C:\WINDOWS\system32\wshbth.dll
0x00007ff928770000 - 0x00007ff92877a000 	C:\Windows\System32\rasadhlp.dll
0x00007ff935f70000 - 0x00007ff935fe7000 	C:\WINDOWS\System32\fwpuclnt.dll
0x00007ff942220000 - 0x00007ff942246000 	C:\WINDOWS\System32\bcrypt.dll
0x00007ff940470000 - 0x00007ff9404a3000 	C:\WINDOWS\system32\rsaenh.dll
0x00007ff941010000 - 0x00007ff941035000 	C:\WINDOWS\SYSTEM32\USERENV.dll
0x00007ff936090000 - 0x00007ff9360a6000 	C:\WINDOWS\SYSTEM32\dhcpcsvc6.DLL
0x00007ff936170000 - 0x00007ff93618c000 	C:\WINDOWS\SYSTEM32\dhcpcsvc.DLL
0x00007ff93a000000 - 0x00007ff93a024000 	C:\Program Files\Java\jdk1.8.0_221\jre\bin\sunec.dll
0x00007ff93d470000 - 0x00007ff93d47b000 	C:\Program Files\Java\jdk1.8.0_221\jre\bin\sunmscapi.dll
0x00007ff941f30000 - 0x00007ff942079000 	C:\WINDOWS\System32\CRYPT32.dll
0x00007ff941140000 - 0x00007ff941152000 	C:\WINDOWS\System32\MSASN1.dll

VM Arguments:
jvm_args: -Djava.util.logging.config.file=C:\Users\ADMIN\.IntelliJIdea2019.2\system\tomcat\Unnamed_Blog\conf\logging.properties -Djava.util.logging.manager=org.apache.juli.ClassLoaderLogManager -Dcom.sun.management.jmxremote= -Dcom.sun.management.jmxremote.port=1099 -Dcom.sun.management.jmxremote.ssl=false -Dcom.sun.management.jmxremote.password.file=C:\Users\ADMIN\.IntelliJIdea2019.2\system\tomcat\Unnamed_Blog\jmxremote.password -Dcom.sun.management.jmxremote.access.file=C:\Users\ADMIN\.IntelliJIdea2019.2\system\tomcat\Unnamed_Blog\jmxremote.access -Djava.rmi.server.hostname=127.0.0.1 -Djdk.tls.ephemeralDHKeySize=2048 -Djava.protocol.handler.pkgs=org.apache.catalina.webresources -Dignore.endorsed.dirs= -Dcatalina.base=C:\Users\ADMIN\.IntelliJIdea2019.2\system\tomcat\Unnamed_Blog -Dcatalina.home=D:\MyCode\apache-tomcat-9.0.36 -Djava.io.tmpdir=D:\MyCode\apache-tomcat-9.0.36\temp 
java_command: org.apache.catalina.startup.Bootstrap start
java_class_path (initial): D:\MyCode\apache-tomcat-9.0.36\bin\bootstrap.jar;D:\MyCode\apache-tomcat-9.0.36\bin\tomcat-juli.jar
Launcher Type: SUN_STANDARD

Environment Variables:
JAVA_HOME=C:\Program Files\Java\jdk1.8.0_221
JRE_HOME=C:\Program Files\Java\jdk1.8.0_221
CLASSPATH=D:\MyCode\apache-tomcat-9.0.36\bin\bootstrap.jar;D:\MyCode\apache-tomcat-9.0.36\bin\tomcat-juli.jar
PATH=D:\IntelliJ IDEA 2019.2\jbr\\bin;D:\IntelliJ IDEA 2019.2\jbr\\bin\server;C:\Program Files\Microsoft MPI\Bin\;C:\Program Files (x86)\Common Files\Oracle\Java\javapath;C:\WINDOWS\system32;C:\WINDOWS;C:\WINDOWS\System32\Wbem;C:\WINDOWS\System32\WindowsPowerShell\v1.0\;C:\Program Files\Git\cmd;C:\WINDOWS\System32\OpenSSH\;C:\Program Files\dotnet\;C:\Program Files (x86)\Microsoft SQL Server\150\DTS\Binn\;C:\Program Files (x86)\Microsoft SQL Server\150\Tools\Binn\;G:\cc\Microsoft SQL Server\150\Tools\Binn\;G:\cc\Microsoft SQL Server\150\DTS\Binn\;G:\cc\Microsoft SQL Server\Client SDK\ODBC\170\Tools\Binn\;C:\Program Files\Microsoft SQL Server\130\Tools\Binn\;C:\Program Files\MySQL\MySQL Shell 8.0\bin\;C:\Users\ADMIN\AppData\Local\Microsoft\WindowsApps;C:\Users\ADMIN\.dotnet\tools;C:\Users\ADMIN\AppData\Local\GitHubDesktop\bin
USERNAME=ADMIN
OS=Windows_NT
PROCESSOR_IDENTIFIER=Intel64 Family 6 Model 78 Stepping 3, GenuineIntel



---------------  S Y S T E M  ---------------

OS: Windows 10.0 , 64 bit Build 18362 (10.0.18362.329)

CPU:total 4 (initial active 4) (2 cores per cpu, 2 threads per core) family 6 model 78 stepping 3, cmov, cx8, fxsr, mmx, sse, sse2, sse3, ssse3, sse4.1, sse4.2, popcnt, avx, avx2, aes, clmul, erms, 3dnowpref, lzcnt, ht, tsc, tscinvbit, bmi1, bmi2, adx

Memory: 4k page, physical 8244800k(1536736k free), swap 11392260k(5124k free)

vm_info: Java HotSpot(TM) 64-Bit Server VM (25.221-b11) for windows-amd64 JRE (1.8.0_221-b11), built on Jul  4 2019 04:39:29 by "java_re" with MS VC++ 10.0 (VS2010)

time: Mon Jun 15 09:53:18 2020
timezone: SE Asia Standard Time
elapsed time: 5 seconds (0d 0h 0m 5s)

