#
# There is insufficient memory for the Java Runtime Environment to continue.
# Native memory allocation (malloc) failed to allocate 399376 bytes for Chunk::new
# Possible reasons:
#   The system is out of physical RAM or swap space
#   The process is running with CompressedOops enabled, and the Java Heap may be blocking the growth of the native heap
# Possible solutions:
#   Reduce memory load on the system
#   Increase physical memory or swap space
#   Check if swap backing store is full
#   Decrease Java heap size (-Xmx/-Xms)
#   Decrease number of Java threads
#   Decrease Java thread stack sizes (-Xss)
#   Set larger code cache with -XX:ReservedCodeCacheSize=
#   JVM is running with Unscaled Compressed Oops mode in which the Java heap is
#     placed in the first 4GB address space. The Java Heap base address is the
#     maximum limit for the native heap growth. Please use -XX:HeapBaseMinAddress
#     to set the Java Heap base and to place the Java Heap above 4GB virtual address.
# This output file may be truncated or incomplete.
#
#  Out of Memory Error (allocation.cpp:389), pid=11484, tid=0x000000000000202c
#
# JRE version: Java(TM) SE Runtime Environment (8.0_221-b11) (build 1.8.0_221-b11)
# Java VM: Java HotSpot(TM) 64-Bit Server VM (25.221-b11 mixed mode windows-amd64 compressed oops)
# Failed to write core dump. Minidumps are not enabled by default on client versions of Windows
#

---------------  T H R E A D  ---------------

Current thread (0x0000000017ab1800):  JavaThread "C2 CompilerThread0" daemon [_thread_in_native, id=8236, stack(0x0000000019110000,0x0000000019210000)]

Stack: [0x0000000019110000,0x0000000019210000]
[error occurred during error reporting (printing stack bounds), id 0xc0000005]

Native frames: (J=compiled Java code, j=interpreted, Vv=VM code, C=native code)


Current CompileTask:
C2:   7213 1928   !   4       org.apache.catalina.startup.ContextConfig::populateJavaClassCache (284 bytes)


---------------  P R O C E S S  ---------------

Java Threads: ( => current thread )
  0x000000001b748800 JavaThread "JMX server connection timeout 41" daemon [_thread_blocked, id=10864, stack(0x000000001d760000,0x000000001d860000)]
  0x000000001b745800 JavaThread "Catalina-utility-2" [_thread_blocked, id=13256, stack(0x000000001d660000,0x000000001d760000)]
  0x000000001b747000 JavaThread "http-nio-8080-Acceptor" daemon [_thread_in_native, id=11244, stack(0x000000001d560000,0x000000001d660000)]
  0x000000001b747800 JavaThread "http-nio-8080-ClientPoller" daemon [_thread_in_native, id=6476, stack(0x000000001d460000,0x000000001d560000)]
  0x000000001b744800 JavaThread "http-nio-8080-exec-10" daemon [_thread_blocked, id=1020, stack(0x000000001d260000,0x000000001d360000)]
  0x000000001b746000 JavaThread "http-nio-8080-exec-9" daemon [_thread_blocked, id=1684, stack(0x000000001d160000,0x000000001d260000)]
  0x000000001b300000 JavaThread "http-nio-8080-exec-8" daemon [_thread_blocked, id=2196, stack(0x000000001d060000,0x000000001d160000)]
  0x000000001b303000 JavaThread "http-nio-8080-exec-7" daemon [_thread_blocked, id=7908, stack(0x000000001cf60000,0x000000001d060000)]
  0x000000001b2ff800 JavaThread "http-nio-8080-exec-6" daemon [_thread_blocked, id=9184, stack(0x000000001ce60000,0x000000001cf60000)]
  0x000000001b302800 JavaThread "http-nio-8080-exec-5" daemon [_thread_blocked, id=10388, stack(0x000000001cd60000,0x000000001ce60000)]
  0x000000001b301000 JavaThread "http-nio-8080-exec-4" daemon [_thread_blocked, id=10572, stack(0x000000001cc60000,0x000000001cd60000)]
  0x000000001b304000 JavaThread "http-nio-8080-exec-3" daemon [_thread_blocked, id=9084, stack(0x000000001cb60000,0x000000001cc60000)]
  0x000000001b2fe000 JavaThread "http-nio-8080-exec-2" daemon [_thread_blocked, id=8560, stack(0x000000001ca60000,0x000000001cb60000)]
  0x000000001b2fe800 JavaThread "http-nio-8080-exec-1" daemon [_thread_blocked, id=11292, stack(0x000000001c960000,0x000000001ca60000)]
  0x000000001b304800 JavaThread "Catalina-utility-1" [_thread_blocked, id=6324, stack(0x000000001c860000,0x000000001c960000)]
  0x000000001b301800 JavaThread "http-nio-8080-BlockPoller" daemon [_thread_in_native, id=2596, stack(0x000000001c420000,0x000000001c520000)]
  0x000000001b3ad800 JavaThread "GC Daemon" daemon [_thread_blocked, id=11016, stack(0x000000001b150000,0x000000001b250000)]
  0x0000000019dca000 JavaThread "RMI Scheduler(0)" daemon [_thread_blocked, id=6504, stack(0x000000001b050000,0x000000001b150000)]
  0x0000000019cdb800 JavaThread "RMI TCP Connection(2)-127.0.0.1" daemon [_thread_in_native, id=3560, stack(0x000000001af50000,0x000000001b050000)]
  0x0000000019ce7000 JavaThread "RMI TCP Connection(3)-127.0.0.1" daemon [_thread_in_native, id=12936, stack(0x000000001ae50000,0x000000001af50000)]
  0x0000000019a9c000 JavaThread "RMI TCP Accept-0" daemon [_thread_in_native, id=9620, stack(0x000000001aa50000,0x000000001ab50000)]
  0x0000000019a9b000 JavaThread "RMI TCP Accept-1099" daemon [_thread_in_native, id=8284, stack(0x000000001a950000,0x000000001aa50000)]
  0x0000000019a96000 JavaThread "RMI TCP Accept-0" daemon [_thread_in_native, id=6116, stack(0x000000001a650000,0x000000001a750000)]
  0x0000000019804800 JavaThread "FileHandlerLogFilesCleaner-1" daemon [_thread_blocked, id=9568, stack(0x000000001a210000,0x000000001a310000)]
  0x000000001965c000 JavaThread "AsyncFileHandlerWriter-1625635731" daemon [_thread_blocked, id=4576, stack(0x0000000019910000,0x0000000019a10000)]
  0x0000000019440800 JavaThread "Service Thread" daemon [_thread_blocked, id=5340, stack(0x0000000019810000,0x0000000019910000)]
  0x0000000017abe800 JavaThread "C1 CompilerThread2" daemon [_thread_blocked, id=3868, stack(0x0000000019310000,0x0000000019410000)]
  0x0000000017ab8000 JavaThread "C2 CompilerThread1" daemon [_thread_in_native, id=3480, stack(0x0000000019210000,0x0000000019310000)]
=>0x0000000017ab1800 JavaThread "C2 CompilerThread0" daemon [_thread_in_native, id=8236, stack(0x0000000019110000,0x0000000019210000)]
  0x0000000017ab0800 JavaThread "Attach Listener" daemon [_thread_blocked, id=1440, stack(0x0000000019010000,0x0000000019110000)]
  0x0000000017aaf800 JavaThread "Signal Dispatcher" daemon [_thread_blocked, id=1520, stack(0x0000000018f10000,0x0000000019010000)]
  0x0000000002fd7800 JavaThread "Finalizer" daemon [_thread_blocked, id=5012, stack(0x0000000018d10000,0x0000000018e10000)]
  0x0000000017a9a000 JavaThread "Reference Handler" daemon [_thread_blocked, id=2540, stack(0x0000000018c10000,0x0000000018d10000)]
  0x0000000002ee3800 JavaThread "main" [_thread_in_native, id=2360, stack(0x0000000002de0000,0x0000000002ee0000)]

Other Threads:
  0x0000000017a77800 VMThread [stack: 0x0000000018b10000,0x0000000018c10000] [id=3328]
  0x0000000019a9f000 WatcherThread [stack: 0x000000001ab50000,0x000000001ac50000] [id=9128]

VM state:not at safepoint (normal execution)

VM Mutex/Monitor currently owned by a thread: None

heap address: 0x0000000082200000, size: 2014 MB, Compressed Oops mode: 32-bit
Narrow klass base: 0x0000000000000000, Narrow klass shift: 3
Compressed class space size: 1073741824 Address: 0x0000000100000000

Heap:
 PSYoungGen      total 70656K, used 7671K [0x00000000d6100000, 0x00000000dab00000, 0x0000000100000000)
  eden space 65536K, 3% used [0x00000000d6100000,0x00000000d6382b20,0x00000000da100000)
  from space 5120K, 99% used [0x00000000da100000,0x00000000da5fb170,0x00000000da600000)
  to   space 5120K, 0% used [0x00000000da600000,0x00000000da600000,0x00000000dab00000)
 ParOldGen       total 65024K, used 10797K [0x0000000082200000, 0x0000000086180000, 0x00000000d6100000)
  object space 65024K, 16% used [0x0000000082200000,0x0000000082c8b478,0x0000000086180000)
 Metaspace       used 24936K, capacity 25378K, committed 25600K, reserved 1071104K
  class space    used 2928K, capacity 3061K, committed 3072K, reserved 1048576K

Card table byte_map: [0x00000000123a0000,0x0000000012790000] byte_map_base: 0x0000000011f8f000

Marking Bits: (ParMarkBitMap*) 0x0000000056b15ce0
 Begin Bits: [0x0000000012e30000, 0x0000000014da8000)
 End Bits:   [0x0000000014da8000, 0x0000000016d20000)

Polling page: 0x0000000000df0000

CodeCache: size=245760Kb used=8518Kb max_used=8685Kb free=237241Kb
 bounds [0x0000000002fe0000, 0x0000000003870000, 0x0000000011fe0000]
 total_blobs=2811 nmethods=2388 adapters=335
 compilation: enabled

Compilation events (10 events):
Event: 7.057 Thread 0x0000000017abe800 nmethod 2413 0x000000000382af10 code [0x000000000382b080, 0x000000000382b208]
Event: 7.059 Thread 0x0000000017abe800 2414       1       org.springframework.core.type.classreading.ClassMetadataReadingVisitor::getClassName (5 bytes)
Event: 7.060 Thread 0x0000000017abe800 nmethod 2414 0x000000000382b290 code [0x000000000382b3e0, 0x000000000382b4f0]
Event: 7.060 Thread 0x0000000017abe800 2415 %     3       org.springframework.asm.ClassReader::readUTF @ 20 (194 bytes)
Event: 7.060 Thread 0x0000000017abe800 nmethod 2415% 0x000000000382b550 code [0x000000000382b6e0, 0x000000000382bc28]
Event: 7.060 Thread 0x0000000017abe800 2416       3       org.springframework.asm.ClassReader::readUTF (194 bytes)
Event: 7.061 Thread 0x0000000017abe800 nmethod 2416 0x000000000382bf50 code [0x000000000382c0e0, 0x000000000382c588]
Event: 7.061 Thread 0x0000000017abe800 2417       2       org.springframework.asm.ClassReader::readLabel (34 bytes)
Event: 7.061 Thread 0x0000000017abe800 nmethod 2417 0x000000000382c890 code [0x000000000382ca00, 0x000000000382ccd0]
Event: 7.061 Thread 0x0000000017abe800 2418       2       org.springframework.asm.ClassReader::readCode (3619 bytes)

GC Heap History (10 events):
Event: 4.959 GC heap before
{Heap before GC invocations=7 (full 0):
 PSYoungGen      total 70656K, used 70651K [0x00000000d6100000, 0x00000000dab00000, 0x0000000100000000)
  eden space 65536K, 100% used [0x00000000d6100000,0x00000000da100000,0x00000000da100000)
  from space 5120K, 99% used [0x00000000da600000,0x00000000daafeca8,0x00000000dab00000)
  to   space 5120K, 0% used [0x00000000da100000,0x00000000da100000,0x00000000da600000)
 ParOldGen       total 86016K, used 29796K [0x0000000082200000, 0x0000000087600000, 0x00000000d6100000)
  object space 86016K, 34% used [0x0000000082200000,0x0000000083f193a0,0x0000000087600000)
 Metaspace       used 17865K, capacity 18300K, committed 18560K, reserved 1064960K
  class space    used 2007K, capacity 2118K, committed 2176K, reserved 1048576K
Event: 4.983 GC heap after
Heap after GC invocations=7 (full 0):
 PSYoungGen      total 70656K, used 5102K [0x00000000d6100000, 0x00000000dab00000, 0x0000000100000000)
  eden space 65536K, 0% used [0x00000000d6100000,0x00000000d6100000,0x00000000da100000)
  from space 5120K, 99% used [0x00000000da100000,0x00000000da5fbaf0,0x00000000da600000)
  to   space 5120K, 0% used [0x00000000da600000,0x00000000da600000,0x00000000dab00000)
 ParOldGen       total 86016K, used 38502K [0x0000000082200000, 0x0000000087600000, 0x00000000d6100000)
  object space 86016K, 44% used [0x0000000082200000,0x00000000847999d0,0x0000000087600000)
 Metaspace       used 17865K, capacity 18300K, committed 18560K, reserved 1064960K
  class space    used 2007K, capacity 2118K, committed 2176K, reserved 1048576K
}
Event: 5.306 GC heap before
{Heap before GC invocations=8 (full 0):
 PSYoungGen      total 70656K, used 70638K [0x00000000d6100000, 0x00000000dab00000, 0x0000000100000000)
  eden space 65536K, 100% used [0x00000000d6100000,0x00000000da100000,0x00000000da100000)
  from space 5120K, 99% used [0x00000000da100000,0x00000000da5fbaf0,0x00000000da600000)
  to   space 5120K, 0% used [0x00000000da600000,0x00000000da600000,0x00000000dab00000)
 ParOldGen       total 86016K, used 38502K [0x0000000082200000, 0x0000000087600000, 0x00000000d6100000)
  object space 86016K, 44% used [0x0000000082200000,0x00000000847999d0,0x0000000087600000)
 Metaspace       used 17878K, capacity 18300K, committed 18560K, reserved 1064960K
  class space    used 2007K, capacity 2118K, committed 2176K, reserved 1048576K
Event: 5.320 GC heap after
Heap after GC invocations=8 (full 0):
 PSYoungGen      total 70656K, used 5096K [0x00000000d6100000, 0x00000000dab00000, 0x0000000100000000)
  eden space 65536K, 0% used [0x00000000d6100000,0x00000000d6100000,0x00000000da100000)
  from space 5120K, 99% used [0x00000000da600000,0x00000000daafa368,0x00000000dab00000)
  to   space 5120K, 0% used [0x00000000da100000,0x00000000da100000,0x00000000da600000)
 ParOldGen       total 86016K, used 46225K [0x0000000082200000, 0x0000000087600000, 0x00000000d6100000)
  object space 86016K, 53% used [0x0000000082200000,0x0000000084f246d0,0x0000000087600000)
 Metaspace       used 17878K, capacity 18300K, committed 18560K, reserved 1064960K
  class space    used 2007K, capacity 2118K, committed 2176K, reserved 1048576K
}
Event: 5.628 GC heap before
{Heap before GC invocations=9 (full 0):
 PSYoungGen      total 70656K, used 70632K [0x00000000d6100000, 0x00000000dab00000, 0x0000000100000000)
  eden space 65536K, 100% used [0x00000000d6100000,0x00000000da100000,0x00000000da100000)
  from space 5120K, 99% used [0x00000000da600000,0x00000000daafa368,0x00000000dab00000)
  to   space 5120K, 0% used [0x00000000da100000,0x00000000da100000,0x00000000da600000)
 ParOldGen       total 86016K, used 46225K [0x0000000082200000, 0x0000000087600000, 0x00000000d6100000)
  object space 86016K, 53% used [0x0000000082200000,0x0000000084f246d0,0x0000000087600000)
 Metaspace       used 17882K, capacity 18300K, committed 18560K, reserved 1064960K
  class space    used 2007K, capacity 2118K, committed 2176K, reserved 1048576K
Event: 5.642 GC heap after
Heap after GC invocations=9 (full 0):
 PSYoungGen      total 70656K, used 5118K [0x00000000d6100000, 0x00000000dab00000, 0x0000000100000000)
  eden space 65536K, 0% used [0x00000000d6100000,0x00000000d6100000,0x00000000da100000)
  from space 5120K, 99% used [0x00000000da100000,0x00000000da5ff990,0x00000000da600000)
  to   space 5120K, 0% used [0x00000000da600000,0x00000000da600000,0x00000000dab00000)
 ParOldGen       total 86016K, used 53543K [0x0000000082200000, 0x0000000087600000, 0x00000000d6100000)
  object space 86016K, 62% used [0x0000000082200000,0x0000000085649c48,0x0000000087600000)
 Metaspace       used 17882K, capacity 18300K, committed 18560K, reserved 1064960K
  class space    used 2007K, capacity 2118K, committed 2176K, reserved 1048576K
}
Event: 6.210 GC heap before
{Heap before GC invocations=10 (full 0):
 PSYoungGen      total 70656K, used 49077K [0x00000000d6100000, 0x00000000dab00000, 0x0000000100000000)
  eden space 65536K, 67% used [0x00000000d6100000,0x00000000d8bedb08,0x00000000da100000)
  from space 5120K, 99% used [0x00000000da100000,0x00000000da5ff990,0x00000000da600000)
  to   space 5120K, 0% used [0x00000000da600000,0x00000000da600000,0x00000000dab00000)
 ParOldGen       total 86016K, used 53543K [0x0000000082200000, 0x0000000087600000, 0x00000000d6100000)
  object space 86016K, 62% used [0x0000000082200000,0x0000000085649c48,0x0000000087600000)
 Metaspace       used 20701K, capacity 21084K, committed 21248K, reserved 1069056K
  class space    used 2372K, capacity 2484K, committed 2560K, reserved 1048576K
Event: 6.217 GC heap after
Heap after GC invocations=10 (full 0):
 PSYoungGen      total 70656K, used 4217K [0x00000000d6100000, 0x00000000dab00000, 0x0000000100000000)
  eden space 65536K, 0% used [0x00000000d6100000,0x00000000d6100000,0x00000000da100000)
  from space 5120K, 82% used [0x00000000da600000,0x00000000daa1e630,0x00000000dab00000)
  to   space 5120K, 0% used [0x00000000da100000,0x00000000da100000,0x00000000da600000)
 ParOldGen       total 86016K, used 54031K [0x0000000082200000, 0x0000000087600000, 0x00000000d6100000)
  object space 86016K, 62% used [0x0000000082200000,0x00000000856c3c58,0x0000000087600000)
 Metaspace       used 20701K, capacity 21084K, committed 21248K, reserved 1069056K
  class space    used 2372K, capacity 2484K, committed 2560K, reserved 1048576K
}
Event: 6.217 GC heap before
{Heap before GC invocations=11 (full 1):
 PSYoungGen      total 70656K, used 4217K [0x00000000d6100000, 0x00000000dab00000, 0x0000000100000000)
  eden space 65536K, 0% used [0x00000000d6100000,0x00000000d6100000,0x00000000da100000)
  from space 5120K, 82% used [0x00000000da600000,0x00000000daa1e630,0x00000000dab00000)
  to   space 5120K, 0% used [0x00000000da100000,0x00000000da100000,0x00000000da600000)
 ParOldGen       total 86016K, used 54031K [0x0000000082200000, 0x0000000087600000, 0x00000000d6100000)
  object space 86016K, 62% used [0x0000000082200000,0x00000000856c3c58,0x0000000087600000)
 Metaspace       used 20701K, capacity 21084K, committed 21248K, reserved 1069056K
  class space    used 2372K, capacity 2484K, committed 2560K, reserved 1048576K
Event: 6.288 GC heap after
Heap after GC invocations=11 (full 1):
 PSYoungGen      total 70656K, used 0K [0x00000000d6100000, 0x00000000dab00000, 0x0000000100000000)
  eden space 65536K, 0% used [0x00000000d6100000,0x00000000d6100000,0x00000000da100000)
  from space 5120K, 0% used [0x00000000da600000,0x00000000da600000,0x00000000dab00000)
  to   space 5120K, 0% used [0x00000000da100000,0x00000000da100000,0x00000000da600000)
 ParOldGen       total 65024K, used 10757K [0x0000000082200000, 0x0000000086180000, 0x00000000d6100000)
  object space 65024K, 16% used [0x0000000082200000,0x0000000082c81478,0x0000000086180000)
 Metaspace       used 20701K, capacity 21084K, committed 21248K, reserved 1069056K
  class space    used 2372K, capacity 2484K, committed 2560K, reserved 1048576K
}

Deoptimization events (10 events):
Event: 6.317 Thread 0x0000000019ce7000 Uncommon trap: reason=unstable_if action=reinterpret pc=0x000000000349ae4c method=com.sun.org.apache.xerces.internal.impl.XMLEntityScanner.scanData(Ljava/lang/String;Lcom/sun/org/apache/xerces/internal/util/XMLStringBuffer;)Z @ 339
Event: 6.317 Thread 0x0000000019ce7000 Uncommon trap: reason=unstable_if action=reinterpret pc=0x0000000003479efc method=com.sun.org.apache.xerces.internal.impl.XMLEntityScanner.scanData(Ljava/lang/String;Lcom/sun/org/apache/xerces/internal/util/XMLStringBuffer;)Z @ 909
Event: 6.320 Thread 0x0000000019ce7000 Uncommon trap: reason=unstable_if action=reinterpret pc=0x00000000035bb03c method=com.sun.org.apache.xerces.internal.util.SymbolTable.addSymbol([CII)Ljava/lang/String; @ 64
Event: 6.504 Thread 0x0000000019ce7000 Uncommon trap: reason=unstable_if action=reinterpret pc=0x0000000003365958 method=java.util.HashMap.getNode(ILjava/lang/Object;)Ljava/util/HashMap$Node; @ 129
Event: 6.665 Thread 0x0000000019ce7000 Uncommon trap: reason=unstable_if action=reinterpret pc=0x00000000036a4294 method=org.apache.catalina.webresources.AbstractArchiveResourceSet.getResource(Ljava/lang/String;)Lorg/apache/catalina/WebResource; @ 190
Event: 6.669 Thread 0x0000000019ce7000 Uncommon trap: reason=predicate action=maybe_recompile pc=0x0000000003536c68 method=java.util.regex.Pattern$Slice.match(Ljava/util/regex/Matcher;ILjava/lang/CharSequence;)Z @ 21
Event: 6.724 Thread 0x0000000019ce7000 Uncommon trap: reason=unstable_if action=reinterpret pc=0x000000000329c934 method=java.util.HashMap.getNode(ILjava/lang/Object;)Ljava/util/HashMap$Node; @ 129
Event: 6.908 Thread 0x0000000019ce7000 Uncommon trap: reason=unstable_if action=reinterpret pc=0x000000000369b5e0 method=java.io.WinNTFileSystem.parentOrNull(Ljava/lang/String;)Ljava/lang/String; @ 96
Event: 7.053 Thread 0x0000000019ce7000 Uncommon trap: reason=bimorphic action=maybe_recompile pc=0x0000000003615818 method=java.io.BufferedInputStream.read1([BII)I @ 39
Event: 7.059 Thread 0x0000000019ce7000 Uncommon trap: reason=bimorphic action=maybe_recompile pc=0x0000000003615818 method=java.io.BufferedInputStream.read1([BII)I @ 39

Classes redefined (0 events):
No events

Internal exceptions (10 events):
Event: 6.493 Thread 0x0000000019ce7000 Exception <a 'java/lang/ClassNotFoundException': org/springframework/web/filter/CharacterEncodingFilterCustomizer> (0x00000000d6b6e1a0) thrown at [C:\re\workspace\8-2-build-windows-amd64-cygwin\jdk8u221\13320\hotspot\src\share\vm\classfile\systemDictionar
Event: 6.511 Thread 0x0000000019ce7000 Exception <a 'java/lang/ClassNotFoundException': javax/servlet/FilterCustomizer> (0x00000000d6c8d310) thrown at [C:\re\workspace\8-2-build-windows-amd64-cygwin\jdk8u221\13320\hotspot\src\share\vm\classfile\systemDictionary.cpp, line 210]
Event: 6.512 Thread 0x0000000019ce7000 Exception <a 'java/lang/ClassNotFoundException': org/springframework/beans/factory/BeanNameAwareCustomizer> (0x00000000d6cbd7b8) thrown at [C:\re\workspace\8-2-build-windows-amd64-cygwin\jdk8u221\13320\hotspot\src\share\vm\classfile\systemDictionary.cpp, 
Event: 6.513 Thread 0x0000000019ce7000 Exception <a 'java/lang/ClassNotFoundException': org/springframework/context/EnvironmentAwareCustomizer> (0x00000000d6cec708) thrown at [C:\re\workspace\8-2-build-windows-amd64-cygwin\jdk8u221\13320\hotspot\src\share\vm\classfile\systemDictionary.cpp, lin
Event: 6.515 Thread 0x0000000019ce7000 Exception <a 'java/lang/ClassNotFoundException': org/springframework/core/env/EnvironmentCapableCustomizer> (0x00000000d6d1c548) thrown at [C:\re\workspace\8-2-build-windows-amd64-cygwin\jdk8u221\13320\hotspot\src\share\vm\classfile\systemDictionary.cpp, 
Event: 6.516 Thread 0x0000000019ce7000 Exception <a 'java/lang/ClassNotFoundException': org/springframework/web/context/ServletContextAwareCustomizer> (0x00000000d6d4ee88) thrown at [C:\re\workspace\8-2-build-windows-amd64-cygwin\jdk8u221\13320\hotspot\src\share\vm\classfile\systemDictionary.c
Event: 6.517 Thread 0x0000000019ce7000 Exception <a 'java/lang/ClassNotFoundException': org/springframework/beans/factory/InitializingBeanCustomizer> (0x00000000d6d81078) thrown at [C:\re\workspace\8-2-build-windows-amd64-cygwin\jdk8u221\13320\hotspot\src\share\vm\classfile\systemDictionary.cp
Event: 6.518 Thread 0x0000000019ce7000 Exception <a 'java/lang/ClassNotFoundException': org/springframework/beans/factory/DisposableBeanCustomizer> (0x00000000d6db1840) thrown at [C:\re\workspace\8-2-build-windows-amd64-cygwin\jdk8u221\13320\hotspot\src\share\vm\classfile\systemDictionary.cpp,
Event: 6.563 Thread 0x0000000019ce7000 Exception <a 'java/lang/ArrayIndexOutOfBoundsException'> (0x00000000d707a4b8) thrown at [C:\re\workspace\8-2-build-windows-amd64-cygwin\jdk8u221\13320\hotspot\src\share\vm\runtime\sharedRuntime.cpp, line 605]
Event: 6.563 Thread 0x0000000019ce7000 Exception <a 'java/lang/ArrayIndexOutOfBoundsException'> (0x00000000d707bba0) thrown at [C:\re\workspace\8-2-build-windows-amd64-cygwin\jdk8u221\13320\hotspot\src\share\vm\runtime\sharedRuntime.cpp, line 605]

Events (10 events):
Event: 7.053 Executing VM operation: RevokeBias done
Event: 7.053 Thread 0x0000000019ce7000 DEOPT PACKING pc=0x0000000003615818 sp=0x000000001af49450
Event: 7.053 Thread 0x0000000019ce7000 DEOPT UNPACKING pc=0x000000000302583b sp=0x000000001af493c8 mode 2
Event: 7.059 Thread 0x0000000019ce7000 Uncommon trap: trap_request=0xffffffc6 fr.pc=0x0000000003615818
Event: 7.059 Executing VM operation: RevokeBias
Event: 7.059 Executing VM operation: RevokeBias done
Event: 7.059 Thread 0x0000000019ce7000 DEOPT PACKING pc=0x0000000003615818 sp=0x000000001af49450
Event: 7.059 Thread 0x0000000019ce7000 DEOPT UNPACKING pc=0x000000000302583b sp=0x000000001af493c8 mode 2
Event: 7.061 Thread 0x0000000019ce7000 DEOPT PACKING pc=0x000000000381f27f sp=0x000000001af49270
Event: 7.061 Thread 0x0000000019ce7000 DEOPT UNPACKING pc=0x0000000003027890 sp=0x000000001af48f60 mode 0


Dynamic libraries:
0x00007ff6208b0000 - 0x00007ff6208e7000 	C:\Program Files\Java\jdk1.8.0_221\bin\java.exe
0x00007ff944220000 - 0x00007ff944410000 	C:\WINDOWS\SYSTEM32\ntdll.dll
0x00007ff9422d0000 - 0x00007ff942382000 	C:\WINDOWS\System32\KERNEL32.DLL
0x00007ff941500000 - 0x00007ff9417a3000 	C:\WINDOWS\System32\KERNELBASE.dll
0x00007ff9427b0000 - 0x00007ff942853000 	C:\WINDOWS\System32\ADVAPI32.dll
0x00007ff943250000 - 0x00007ff9432ee000 	C:\WINDOWS\System32\msvcrt.dll
0x00007ff942f50000 - 0x00007ff942fe7000 	C:\WINDOWS\System32\sechost.dll
0x00007ff943080000 - 0x00007ff9431a0000 	C:\WINDOWS\System32\RPCRT4.dll
0x00007ff9433a0000 - 0x00007ff943534000 	C:\WINDOWS\System32\USER32.dll
0x00007ff9411b0000 - 0x00007ff9411d1000 	C:\WINDOWS\System32\win32u.dll
0x00007ff943540000 - 0x00007ff943566000 	C:\WINDOWS\System32\GDI32.dll
0x00007ff941230000 - 0x00007ff9413c4000 	C:\WINDOWS\System32\gdi32full.dll
0x00007ff942080000 - 0x00007ff94211e000 	C:\WINDOWS\System32\msvcp_win.dll
0x00007ff942120000 - 0x00007ff94221a000 	C:\WINDOWS\System32\ucrtbase.dll
0x00007ff931f90000 - 0x00007ff932215000 	C:\WINDOWS\WinSxS\amd64_microsoft.windows.common-controls_6595b64144ccf1df_6.0.18362.657_none_e6c5b579130e3898\COMCTL32.dll
0x00007ff942460000 - 0x00007ff942796000 	C:\WINDOWS\System32\combase.dll
0x00007ff941480000 - 0x00007ff941500000 	C:\WINDOWS\System32\bcryptPrimitives.dll
0x00007ff944120000 - 0x00007ff94414e000 	C:\WINDOWS\System32\IMM32.DLL
0x00000000571f0000 - 0x00000000572c2000 	C:\Program Files\Java\jdk1.8.0_221\jre\bin\msvcr100.dll
0x00000000562f0000 - 0x0000000056b95000 	C:\Program Files\Java\jdk1.8.0_221\jre\bin\server\jvm.dll
0x00007ff943070000 - 0x00007ff943078000 	C:\WINDOWS\System32\PSAPI.DLL
0x00007ff93dbf0000 - 0x00007ff93dc14000 	C:\WINDOWS\SYSTEM32\WINMM.dll
0x00007ff930180000 - 0x00007ff93018a000 	C:\WINDOWS\SYSTEM32\VERSION.dll
0x00007ff92dd70000 - 0x00007ff92dd79000 	C:\WINDOWS\SYSTEM32\WSOCK32.dll
0x00007ff943a00000 - 0x00007ff943a6f000 	C:\WINDOWS\System32\WS2_32.dll
0x00007ff93da50000 - 0x00007ff93da7d000 	C:\WINDOWS\SYSTEM32\winmmbase.dll
0x00007ff9411e0000 - 0x00007ff94122a000 	C:\WINDOWS\System32\cfgmgr32.dll
0x00007ff93ddf0000 - 0x00007ff93ddff000 	C:\Program Files\Java\jdk1.8.0_221\jre\bin\verify.dll
0x00007ff936fa0000 - 0x00007ff936fc9000 	C:\Program Files\Java\jdk1.8.0_221\jre\bin\java.dll
0x00007ff93a8a0000 - 0x00007ff93a8b6000 	C:\Program Files\Java\jdk1.8.0_221\jre\bin\zip.dll
0x00007ff942860000 - 0x00007ff942f45000 	C:\WINDOWS\System32\SHELL32.dll
0x00007ff9431a0000 - 0x00007ff943249000 	C:\WINDOWS\System32\shcore.dll
0x00007ff9417b0000 - 0x00007ff941f2f000 	C:\WINDOWS\System32\windows.storage.dll
0x00007ff941100000 - 0x00007ff94111f000 	C:\WINDOWS\System32\profapi.dll
0x00007ff941160000 - 0x00007ff9411aa000 	C:\WINDOWS\System32\powrprof.dll
0x00007ff9410f0000 - 0x00007ff941100000 	C:\WINDOWS\System32\UMPDC.dll
0x00007ff943840000 - 0x00007ff943892000 	C:\WINDOWS\System32\shlwapi.dll
0x00007ff941120000 - 0x00007ff941131000 	C:\WINDOWS\System32\kernel.appcore.dll
0x00007ff9422b0000 - 0x00007ff9422c7000 	C:\WINDOWS\System32\cryptsp.dll
0x00007ff93c0e0000 - 0x00007ff93c0ed000 	C:\Program Files\Java\jdk1.8.0_221\jre\bin\management.dll
0x00007ff936f80000 - 0x00007ff936f9a000 	C:\Program Files\Java\jdk1.8.0_221\jre\bin\net.dll
0x00007ff935520000 - 0x00007ff9356f6000 	C:\WINDOWS\SYSTEM32\urlmon.dll
0x00007ff9337c0000 - 0x00007ff933a66000 	C:\WINDOWS\SYSTEM32\iertutil.dll
0x00007ff940b30000 - 0x00007ff940b3c000 	C:\WINDOWS\SYSTEM32\CRYPTBASE.DLL
0x00007ff940960000 - 0x00007ff9409c7000 	C:\WINDOWS\system32\mswsock.dll
0x00007ff936f60000 - 0x00007ff936f72000 	C:\Program Files\Java\jdk1.8.0_221\jre\bin\nio.dll
0x00007ff9222a0000 - 0x00007ff9222b6000 	C:\WINDOWS\system32\napinsp.dll
0x00007ff922280000 - 0x00007ff92229a000 	C:\WINDOWS\system32\pnrpnsp.dll
0x00007ff9406b0000 - 0x00007ff94077a000 	C:\WINDOWS\SYSTEM32\DNSAPI.dll
0x00007ff944150000 - 0x00007ff944158000 	C:\WINDOWS\System32\NSI.dll
0x00007ff940670000 - 0x00007ff9406aa000 	C:\WINDOWS\SYSTEM32\IPHLPAPI.DLL
0x00007ff922270000 - 0x00007ff92227e000 	C:\WINDOWS\System32\winrnr.dll
0x00007ff93d930000 - 0x00007ff93d94c000 	C:\WINDOWS\system32\NLAapi.dll
0x00007ff93c720000 - 0x00007ff93c735000 	C:\WINDOWS\system32\wshbth.dll
0x00007ff928770000 - 0x00007ff92877a000 	C:\Windows\System32\rasadhlp.dll
0x00007ff935f70000 - 0x00007ff935fe7000 	C:\WINDOWS\System32\fwpuclnt.dll
0x00007ff942220000 - 0x00007ff942246000 	C:\WINDOWS\System32\bcrypt.dll
0x00007ff940470000 - 0x00007ff9404a3000 	C:\WINDOWS\system32\rsaenh.dll
0x00007ff941010000 - 0x00007ff941035000 	C:\WINDOWS\SYSTEM32\USERENV.dll
0x00007ff936090000 - 0x00007ff9360a6000 	C:\WINDOWS\SYSTEM32\dhcpcsvc6.DLL
0x00007ff936170000 - 0x00007ff93618c000 	C:\WINDOWS\SYSTEM32\dhcpcsvc.DLL
0x00007ff93a000000 - 0x00007ff93a024000 	C:\Program Files\Java\jdk1.8.0_221\jre\bin\sunec.dll
0x00007ff93a0c0000 - 0x00007ff93a0cb000 	C:\Program Files\Java\jdk1.8.0_221\jre\bin\sunmscapi.dll
0x00007ff941f30000 - 0x00007ff942079000 	C:\WINDOWS\System32\CRYPT32.dll
0x00007ff941140000 - 0x00007ff941152000 	C:\WINDOWS\System32\MSASN1.dll

VM Arguments:
jvm_args: -Djava.util.logging.config.file=C:\Users\ADMIN\.IntelliJIdea2019.2\system\tomcat\Unnamed_Blog\conf\logging.properties -Djava.util.logging.manager=org.apache.juli.ClassLoaderLogManager -Dcom.sun.management.jmxremote= -Dcom.sun.management.jmxremote.port=1099 -Dcom.sun.management.jmxremote.ssl=false -Dcom.sun.management.jmxremote.password.file=C:\Users\ADMIN\.IntelliJIdea2019.2\system\tomcat\Unnamed_Blog\jmxremote.password -Dcom.sun.management.jmxremote.access.file=C:\Users\ADMIN\.IntelliJIdea2019.2\system\tomcat\Unnamed_Blog\jmxremote.access -Djava.rmi.server.hostname=127.0.0.1 -Djdk.tls.ephemeralDHKeySize=2048 -Djava.protocol.handler.pkgs=org.apache.catalina.webresources -Dignore.endorsed.dirs= -Dcatalina.base=C:\Users\ADMIN\.IntelliJIdea2019.2\system\tomcat\Unnamed_Blog -Dcatalina.home=D:\MyCode\apache-tomcat-9.0.36 -Djava.io.tmpdir=D:\MyCode\apache-tomcat-9.0.36\temp 
java_command: org.apache.catalina.startup.Bootstrap start
java_class_path (initial): D:\MyCode\apache-tomcat-9.0.36\bin\bootstrap.jar;D:\MyCode\apache-tomcat-9.0.36\bin\tomcat-juli.jar
Launcher Type: SUN_STANDARD

Environment Variables:
JAVA_HOME=C:\Program Files\Java\jdk1.8.0_221
JRE_HOME=C:\Program Files\Java\jdk1.8.0_221
CLASSPATH=D:\MyCode\apache-tomcat-9.0.36\bin\bootstrap.jar;D:\MyCode\apache-tomcat-9.0.36\bin\tomcat-juli.jar
PATH=D:\IntelliJ IDEA 2019.2\jbr\\bin;D:\IntelliJ IDEA 2019.2\jbr\\bin\server;C:\Program Files\Microsoft MPI\Bin\;C:\Program Files (x86)\Common Files\Oracle\Java\javapath;C:\WINDOWS\system32;C:\WINDOWS;C:\WINDOWS\System32\Wbem;C:\WINDOWS\System32\WindowsPowerShell\v1.0\;C:\Program Files\Git\cmd;C:\WINDOWS\System32\OpenSSH\;C:\Program Files\dotnet\;C:\Program Files (x86)\Microsoft SQL Server\150\DTS\Binn\;C:\Program Files (x86)\Microsoft SQL Server\150\Tools\Binn\;G:\cc\Microsoft SQL Server\150\Tools\Binn\;G:\cc\Microsoft SQL Server\150\DTS\Binn\;G:\cc\Microsoft SQL Server\Client SDK\ODBC\170\Tools\Binn\;C:\Program Files\Microsoft SQL Server\130\Tools\Binn\;C:\Program Files\MySQL\MySQL Shell 8.0\bin\;C:\Users\ADMIN\AppData\Local\Microsoft\WindowsApps;C:\Users\ADMIN\.dotnet\tools;C:\Users\ADMIN\AppData\Local\GitHubDesktop\bin
USERNAME=ADMIN
OS=Windows_NT
PROCESSOR_IDENTIFIER=Intel64 Family 6 Model 78 Stepping 3, GenuineIntel



---------------  S Y S T E M  ---------------

OS: Windows 10.0 , 64 bit Build 18362 (10.0.18362.329)

CPU:total 4 (initial active 4) (2 cores per cpu, 2 threads per core) family 6 model 78 stepping 3, cmov, cx8, fxsr, mmx, sse, sse2, sse3, ssse3, sse4.1, sse4.2, popcnt, avx, avx2, aes, clmul, erms, 3dnowpref, lzcnt, ht, tsc, tscinvbit, bmi1, bmi2, adx

Memory: 4k page, physical 8244800k(2320472k free), swap 11392260k(5332k free)

vm_info: Java HotSpot(TM) 64-Bit Server VM (25.221-b11) for windows-amd64 JRE (1.8.0_221-b11), built on Jul  4 2019 04:39:29 by "java_re" with MS VC++ 10.0 (VS2010)

time: Mon Jun 15 11:46:27 2020
timezone: SE Asia Standard Time
elapsed time: 7 seconds (0d 0h 0m 7s)

