#
# There is insufficient memory for the Java Runtime Environment to continue.
# Native memory allocation (malloc) failed to allocate 760656 bytes for Chunk::new
# Possible reasons:
#   The system is out of physical RAM or swap space
#   The process is running with CompressedOops enabled, and the Java Heap may be blocking the growth of the native heap
# Possible solutions:
#   Reduce memory load on the system
#   Increase physical memory or swap space
#   Check if swap backing store is full
#   Decrease Java heap size (-Xmx/-Xms)
#   Decrease number of Java threads
#   Decrease Java thread stack sizes (-Xss)
#   Set larger code cache with -XX:ReservedCodeCacheSize=
#   JVM is running with Unscaled Compressed Oops mode in which the Java heap is
#     placed in the first 4GB address space. The Java Heap base address is the
#     maximum limit for the native heap growth. Please use -XX:HeapBaseMinAddress
#     to set the Java Heap base and to place the Java Heap above 4GB virtual address.
# This output file may be truncated or incomplete.
#
#  Out of Memory Error (allocation.cpp:389), pid=7448, tid=0x0000000000002a34
#
# JRE version: Java(TM) SE Runtime Environment (8.0_221-b11) (build 1.8.0_221-b11)
# Java VM: Java HotSpot(TM) 64-Bit Server VM (25.221-b11 mixed mode windows-amd64 compressed oops)
# Failed to write core dump. Minidumps are not enabled by default on client versions of Windows
#

---------------  T H R E A D  ---------------

Current thread (0x0000000017376000):  JavaThread "C2 CompilerThread1" daemon [_thread_in_native, id=10804, stack(0x0000000018ac0000,0x0000000018bc0000)]

Stack: [0x0000000018ac0000,0x0000000018bc0000]
[error occurred during error reporting (printing stack bounds), id 0xc0000005]

Native frames: (J=compiled Java code, j=interpreted, Vv=VM code, C=native code)


Current CompileTask:
C2:   9313 2649       4       org.apache.catalina.webresources.StandardRoot::getResourceInternal (172 bytes)


---------------  P R O C E S S  ---------------

Java Threads: ( => current thread )
  0x000000001aac4800 JavaThread "Abandoned connection cleanup thread" daemon [_thread_blocked, id=11092, stack(0x0000000021b40000,0x0000000021c40000)]
  0x000000001aac6000 JavaThread "JMX server connection timeout 41" daemon [_thread_blocked, id=7184, stack(0x000000001d010000,0x000000001d110000)]
  0x000000001aaca800 JavaThread "http-nio-8080-Acceptor" daemon [_thread_in_native, id=10060, stack(0x000000001cf10000,0x000000001d010000)]
  0x000000001aac7800 JavaThread "http-nio-8080-ClientPoller" daemon [_thread_in_native, id=2148, stack(0x000000001ce10000,0x000000001cf10000)]
  0x000000001aac9800 JavaThread "http-nio-8080-exec-10" daemon [_thread_blocked, id=9848, stack(0x000000001cd10000,0x000000001ce10000)]
  0x000000001aac3800 JavaThread "http-nio-8080-exec-9" daemon [_thread_blocked, id=1996, stack(0x000000001cc10000,0x000000001cd10000)]
  0x000000001aac9000 JavaThread "http-nio-8080-exec-8" daemon [_thread_blocked, id=1600, stack(0x000000001cb10000,0x000000001cc10000)]
  0x000000001ad4a800 JavaThread "http-nio-8080-exec-7" daemon [_thread_blocked, id=9056, stack(0x000000001ca10000,0x000000001cb10000)]
  0x000000001ad49800 JavaThread "http-nio-8080-exec-6" daemon [_thread_blocked, id=3064, stack(0x000000001c910000,0x000000001ca10000)]
  0x000000001ad49000 JavaThread "http-nio-8080-exec-5" daemon [_thread_blocked, id=9584, stack(0x000000001c810000,0x000000001c910000)]
  0x000000001ad48000 JavaThread "http-nio-8080-exec-4" daemon [_thread_blocked, id=11952, stack(0x000000001c710000,0x000000001c810000)]
  0x000000001ad47800 JavaThread "http-nio-8080-exec-3" daemon [_thread_blocked, id=2676, stack(0x000000001c610000,0x000000001c710000)]
  0x000000001ad4d800 JavaThread "http-nio-8080-exec-2" daemon [_thread_blocked, id=10672, stack(0x000000001c410000,0x000000001c510000)]
  0x000000001ad4c800 JavaThread "http-nio-8080-exec-1" daemon [_thread_blocked, id=7404, stack(0x000000001c310000,0x000000001c410000)]
  0x000000001ad4b000 JavaThread "Catalina-utility-2" [_thread_blocked, id=7712, stack(0x000000001c210000,0x000000001c310000)]
  0x000000001ad4e000 JavaThread "Catalina-utility-1" [_thread_blocked, id=7564, stack(0x000000001c110000,0x000000001c210000)]
  0x000000001ad4c000 JavaThread "http-nio-8080-BlockPoller" daemon [_thread_in_native, id=8268, stack(0x000000001bcd0000,0x000000001bdd0000)]
  0x0000000019aaa800 JavaThread "GC Daemon" daemon [_thread_blocked, id=7880, stack(0x000000001b9d0000,0x000000001bad0000)]
  0x0000000019654800 JavaThread "RMI Scheduler(0)" daemon [_thread_blocked, id=7524, stack(0x000000001a700000,0x000000001a800000)]
  0x0000000019686800 JavaThread "RMI TCP Connection(2)-127.0.0.1" daemon [_thread_in_native, id=11188, stack(0x000000001a600000,0x000000001a700000)]
  0x0000000019685800 JavaThread "RMI TCP Connection(3)-127.0.0.1" daemon [_thread_in_native, id=11292, stack(0x000000001a500000,0x000000001a600000)]
  0x0000000019475000 JavaThread "RMI TCP Accept-0" daemon [_thread_in_native, id=8652, stack(0x000000001a300000,0x000000001a400000)]
  0x0000000019473800 JavaThread "RMI TCP Accept-1099" daemon [_thread_in_native, id=10596, stack(0x000000001a200000,0x000000001a300000)]
  0x0000000019431800 JavaThread "RMI TCP Accept-0" daemon [_thread_in_native, id=9780, stack(0x0000000019f00000,0x000000001a000000)]
  0x00000000190b9000 JavaThread "FileHandlerLogFilesCleaner-1" daemon [_thread_blocked, id=8668, stack(0x00000000192c0000,0x00000000193c0000)]
  0x0000000018f0c000 JavaThread "AsyncFileHandlerWriter-1625635731" daemon [_thread_blocked, id=7892, stack(0x00000000191c0000,0x00000000192c0000)]
  0x0000000018cf8800 JavaThread "Service Thread" daemon [_thread_blocked, id=3992, stack(0x00000000190c0000,0x00000000191c0000)]
  0x000000001737a000 JavaThread "C1 CompilerThread2" daemon [_thread_blocked, id=12320, stack(0x0000000018bc0000,0x0000000018cc0000)]
=>0x0000000017376000 JavaThread "C2 CompilerThread1" daemon [_thread_in_native, id=10804, stack(0x0000000018ac0000,0x0000000018bc0000)]
  0x0000000017370000 JavaThread "C2 CompilerThread0" daemon [_thread_in_native, id=2004, stack(0x00000000189c0000,0x0000000018ac0000)]
  0x000000001736f000 JavaThread "Attach Listener" daemon [_thread_blocked, id=1272, stack(0x00000000188c0000,0x00000000189c0000)]
  0x000000001736d800 JavaThread "Signal Dispatcher" daemon [_thread_blocked, id=6504, stack(0x00000000187c0000,0x00000000188c0000)]
  0x0000000002897800 JavaThread "Finalizer" daemon [_thread_blocked, id=7112, stack(0x00000000185c0000,0x00000000186c0000)]
  0x000000001735a000 JavaThread "Reference Handler" daemon [_thread_blocked, id=6600, stack(0x00000000184c0000,0x00000000185c0000)]
  0x00000000027a3800 JavaThread "main" [_thread_in_native, id=5620, stack(0x00000000026a0000,0x00000000027a0000)]

Other Threads:
  0x0000000017337800 VMThread [stack: 0x00000000183c0000,0x00000000184c0000] [id=11428]
  0x0000000019479000 WatcherThread [stack: 0x000000001a400000,0x000000001a500000] [id=10628]

VM state:not at safepoint (normal execution)

VM Mutex/Monitor currently owned by a thread: None

heap address: 0x0000000082200000, size: 2014 MB, Compressed Oops mode: 32-bit
Narrow klass base: 0x0000000000000000, Narrow klass shift: 3
Compressed class space size: 1073741824 Address: 0x0000000100000000

Heap:
 PSYoungGen      total 76288K, used 36511K [0x00000000d6100000, 0x00000000dd680000, 0x0000000100000000)
  eden space 59904K, 60% used [0x00000000d6100000,0x00000000d84a7ee0,0x00000000d9b80000)
  from space 16384K, 0% used [0x00000000d9b80000,0x00000000d9b80000,0x00000000dab80000)
  to   space 16896K, 0% used [0x00000000dc600000,0x00000000dc600000,0x00000000dd680000)
 ParOldGen       total 57344K, used 11106K [0x0000000082200000, 0x0000000085a00000, 0x00000000d6100000)
  object space 57344K, 19% used [0x0000000082200000,0x0000000082cd8840,0x0000000085a00000)
 Metaspace       used 30433K, capacity 30932K, committed 31360K, reserved 1077248K
  class space    used 3802K, capacity 3966K, committed 3968K, reserved 1048576K

Card table byte_map: [0x0000000011c60000,0x0000000012050000] byte_map_base: 0x000000001184f000

Marking Bits: (ParMarkBitMap*) 0x0000000056b15ce0
 Begin Bits: [0x00000000126f0000, 0x0000000014668000)
 End Bits:   [0x0000000014668000, 0x00000000165e0000)

Polling page: 0x0000000002530000

CodeCache: size=245760Kb used=8171Kb max_used=8171Kb free=237588Kb
 bounds [0x00000000028a0000, 0x00000000030b0000, 0x00000000118a0000]
 total_blobs=2800 nmethods=2369 adapters=342
 compilation: enabled

Compilation events (10 events):
Event: 9.222 Thread 0x000000001737a000 2658       3       java.util.logging.Logger::<init> (61 bytes)
Event: 9.223 Thread 0x000000001737a000 nmethod 2658 0x0000000002c11e90 code [0x0000000002c12060, 0x0000000002c129c8]
Event: 9.223 Thread 0x000000001737a000 2659       1       java.net.URLClassLoader::access$200 (5 bytes)
Event: 9.223 Thread 0x000000001737a000 nmethod 2659 0x0000000002eb8310 code [0x0000000002eb8460, 0x0000000002eb8550]
Event: 9.233 Thread 0x000000001737a000 2660       3       java.lang.invoke.MemberName::flagsMods (72 bytes)
Event: 9.233 Thread 0x000000001737a000 nmethod 2660 0x0000000002c0f750 code [0x0000000002c0f8a0, 0x0000000002c0fa10]
Event: 9.233 Thread 0x000000001737a000 2661       3       java.lang.invoke.MemberName::init (66 bytes)
Event: 9.233 Thread 0x000000001737a000 nmethod 2661 0x0000000002eb7350 code [0x0000000002eb74a0, 0x0000000002eb7650]
Event: 9.233 Thread 0x000000001737a000 2663       3       java.lang.invoke.LambdaForm$Name::<init> (54 bytes)
Event: 9.233 Thread 0x000000001737a000 nmethod 2663 0x0000000002eb6f10 code [0x0000000002eb7080, 0x0000000002eb7290]

GC Heap History (10 events):
Event: 7.225 GC heap before
{Heap before GC invocations=11 (full 0):
 PSYoungGen      total 76288K, used 58923K [0x00000000d6100000, 0x00000000db600000, 0x0000000100000000)
  eden space 65536K, 73% used [0x00000000d6100000,0x00000000d900b120,0x00000000da100000)
  from space 10752K, 99% used [0x00000000dab80000,0x00000000db5ffe28,0x00000000db600000)
  to   space 10752K, 0% used [0x00000000da100000,0x00000000da100000,0x00000000dab80000)
 ParOldGen       total 86016K, used 26328K [0x0000000082200000, 0x0000000087600000, 0x00000000d6100000)
  object space 86016K, 30% used [0x0000000082200000,0x0000000083bb60f8,0x0000000087600000)
 Metaspace       used 20701K, capacity 21088K, committed 21248K, reserved 1069056K
  class space    used 2372K, capacity 2484K, committed 2560K, reserved 1048576K
Event: 7.233 GC heap after
Heap after GC invocations=11 (full 0):
 PSYoungGen      total 76288K, used 4220K [0x00000000d6100000, 0x00000000db600000, 0x0000000100000000)
  eden space 65536K, 0% used [0x00000000d6100000,0x00000000d6100000,0x00000000da100000)
  from space 10752K, 39% used [0x00000000da100000,0x00000000da51f0e8,0x00000000dab80000)
  to   space 10752K, 0% used [0x00000000dab80000,0x00000000dab80000,0x00000000db600000)
 ParOldGen       total 86016K, used 26984K [0x0000000082200000, 0x0000000087600000, 0x00000000d6100000)
  object space 86016K, 31% used [0x0000000082200000,0x0000000083c5a118,0x0000000087600000)
 Metaspace       used 20701K, capacity 21088K, committed 21248K, reserved 1069056K
  class space    used 2372K, capacity 2484K, committed 2560K, reserved 1048576K
}
Event: 7.233 GC heap before
{Heap before GC invocations=12 (full 1):
 PSYoungGen      total 76288K, used 4220K [0x00000000d6100000, 0x00000000db600000, 0x0000000100000000)
  eden space 65536K, 0% used [0x00000000d6100000,0x00000000d6100000,0x00000000da100000)
  from space 10752K, 39% used [0x00000000da100000,0x00000000da51f0e8,0x00000000dab80000)
  to   space 10752K, 0% used [0x00000000dab80000,0x00000000dab80000,0x00000000db600000)
 ParOldGen       total 86016K, used 26984K [0x0000000082200000, 0x0000000087600000, 0x00000000d6100000)
  object space 86016K, 31% used [0x0000000082200000,0x0000000083c5a118,0x0000000087600000)
 Metaspace       used 20701K, capacity 21088K, committed 21248K, reserved 1069056K
  class space    used 2372K, capacity 2484K, committed 2560K, reserved 1048576K
Event: 7.289 GC heap after
Heap after GC invocations=12 (full 1):
 PSYoungGen      total 76288K, used 0K [0x00000000d6100000, 0x00000000db600000, 0x0000000100000000)
  eden space 65536K, 0% used [0x00000000d6100000,0x00000000d6100000,0x00000000da100000)
  from space 10752K, 0% used [0x00000000da100000,0x00000000da100000,0x00000000dab80000)
  to   space 10752K, 0% used [0x00000000dab80000,0x00000000dab80000,0x00000000db600000)
 ParOldGen       total 57344K, used 10938K [0x0000000082200000, 0x0000000085a00000, 0x00000000d6100000)
  object space 57344K, 19% used [0x0000000082200000,0x0000000082caea68,0x0000000085a00000)
 Metaspace       used 20701K, capacity 21088K, committed 21248K, reserved 1069056K
  class space    used 2372K, capacity 2484K, committed 2560K, reserved 1048576K
}
Event: 8.142 GC heap before
{Heap before GC invocations=13 (full 1):
 PSYoungGen      total 76288K, used 65536K [0x00000000d6100000, 0x00000000db600000, 0x0000000100000000)
  eden space 65536K, 100% used [0x00000000d6100000,0x00000000da100000,0x00000000da100000)
  from space 10752K, 0% used [0x00000000da100000,0x00000000da100000,0x00000000dab80000)
  to   space 10752K, 0% used [0x00000000dab80000,0x00000000dab80000,0x00000000db600000)
 ParOldGen       total 57344K, used 10938K [0x0000000082200000, 0x0000000085a00000, 0x00000000d6100000)
  object space 57344K, 19% used [0x0000000082200000,0x0000000082caea68,0x0000000085a00000)
 Metaspace       used 24879K, capacity 25382K, committed 25600K, reserved 1071104K
  class space    used 2916K, capacity 3061K, committed 3072K, reserved 1048576K
Event: 8.148 GC heap after
Heap after GC invocations=13 (full 1):
 PSYoungGen      total 70656K, used 5106K [0x00000000d6100000, 0x00000000dde00000, 0x0000000100000000)
  eden space 59904K, 0% used [0x00000000d6100000,0x00000000d6100000,0x00000000d9b80000)
  from space 10752K, 47% used [0x00000000dab80000,0x00000000db07cb98,0x00000000db600000)
  to   space 16384K, 0% used [0x00000000d9b80000,0x00000000d9b80000,0x00000000dab80000)
 ParOldGen       total 57344K, used 10946K [0x0000000082200000, 0x0000000085a00000, 0x00000000d6100000)
  object space 57344K, 19% used [0x0000000082200000,0x0000000082cb0a68,0x0000000085a00000)
 Metaspace       used 24879K, capacity 25382K, committed 25600K, reserved 1071104K
  class space    used 2916K, capacity 3061K, committed 3072K, reserved 1048576K
}
Event: 8.543 GC heap before
{Heap before GC invocations=14 (full 1):
 PSYoungGen      total 70656K, used 40993K [0x00000000d6100000, 0x00000000dde00000, 0x0000000100000000)
  eden space 59904K, 59% used [0x00000000d6100000,0x00000000d840bb78,0x00000000d9b80000)
  from space 10752K, 47% used [0x00000000dab80000,0x00000000db07cb98,0x00000000db600000)
  to   space 16384K, 0% used [0x00000000d9b80000,0x00000000d9b80000,0x00000000dab80000)
 ParOldGen       total 57344K, used 10946K [0x0000000082200000, 0x0000000085a00000, 0x00000000d6100000)
  object space 57344K, 19% used [0x0000000082200000,0x0000000082cb0a68,0x0000000085a00000)
 Metaspace       used 26407K, capacity 26866K, committed 27008K, reserved 1077248K
  class space    used 3059K, capacity 3191K, committed 3200K, reserved 1048576K
Event: 8.548 GC heap after
Heap after GC invocations=14 (full 1):
 PSYoungGen      total 76288K, used 2099K [0x00000000d6100000, 0x00000000dd680000, 0x0000000100000000)
  eden space 59904K, 0% used [0x00000000d6100000,0x00000000d6100000,0x00000000d9b80000)
  from space 16384K, 12% used [0x00000000d9b80000,0x00000000d9d8cd48,0x00000000dab80000)
  to   space 16896K, 0% used [0x00000000dc600000,0x00000000dc600000,0x00000000dd680000)
 ParOldGen       total 57344K, used 12612K [0x0000000082200000, 0x0000000085a00000, 0x00000000d6100000)
  object space 57344K, 21% used [0x0000000082200000,0x0000000082e51098,0x0000000085a00000)
 Metaspace       used 26407K, capacity 26866K, committed 27008K, reserved 1077248K
  class space    used 3059K, capacity 3191K, committed 3200K, reserved 1048576K
}
Event: 8.548 GC heap before
{Heap before GC invocations=15 (full 2):
 PSYoungGen      total 76288K, used 2099K [0x00000000d6100000, 0x00000000dd680000, 0x0000000100000000)
  eden space 59904K, 0% used [0x00000000d6100000,0x00000000d6100000,0x00000000d9b80000)
  from space 16384K, 12% used [0x00000000d9b80000,0x00000000d9d8cd48,0x00000000dab80000)
  to   space 16896K, 0% used [0x00000000dc600000,0x00000000dc600000,0x00000000dd680000)
 ParOldGen       total 57344K, used 12612K [0x0000000082200000, 0x0000000085a00000, 0x00000000d6100000)
  object space 57344K, 21% used [0x0000000082200000,0x0000000082e51098,0x0000000085a00000)
 Metaspace       used 26407K, capacity 26866K, committed 27008K, reserved 1077248K
  class space    used 3059K, capacity 3191K, committed 3200K, reserved 1048576K
Event: 8.583 GC heap after
Heap after GC invocations=15 (full 2):
 PSYoungGen      total 76288K, used 0K [0x00000000d6100000, 0x00000000dd680000, 0x0000000100000000)
  eden space 59904K, 0% used [0x00000000d6100000,0x00000000d6100000,0x00000000d9b80000)
  from space 16384K, 0% used [0x00000000d9b80000,0x00000000d9b80000,0x00000000dab80000)
  to   space 16896K, 0% used [0x00000000dc600000,0x00000000dc600000,0x00000000dd680000)
 ParOldGen       total 57344K, used 11106K [0x0000000082200000, 0x0000000085a00000, 0x00000000d6100000)
  object space 57344K, 19% used [0x0000000082200000,0x0000000082cd8840,0x0000000085a00000)
 Metaspace       used 26407K, capacity 26866K, committed 27008K, reserved 1075200K
  class space    used 3059K, capacity 3191K, committed 3200K, reserved 1048576K
}

Deoptimization events (10 events):
Event: 7.704 Thread 0x0000000019685800 Uncommon trap: reason=unstable_if action=reinterpret pc=0x0000000002f87080 method=org.apache.catalina.webresources.AbstractArchiveResourceSet.getResource(Ljava/lang/String;)Lorg/apache/catalina/WebResource; @ 190
Event: 7.707 Thread 0x0000000019685800 Uncommon trap: reason=predicate action=maybe_recompile pc=0x0000000002e14928 method=java.util.regex.Pattern$Slice.match(Ljava/util/regex/Matcher;ILjava/lang/CharSequence;)Z @ 21
Event: 7.753 Thread 0x0000000019685800 Uncommon trap: reason=unstable_if action=reinterpret pc=0x0000000002b5e6f4 method=java.util.HashMap.getNode(ILjava/lang/Object;)Ljava/util/HashMap$Node; @ 129
Event: 7.912 Thread 0x0000000019685800 Uncommon trap: reason=unstable_if action=reinterpret pc=0x0000000002f8370c method=java.io.WinNTFileSystem.parentOrNull(Ljava/lang/String;)Ljava/lang/String; @ 96
Event: 8.027 Thread 0x0000000019685800 Uncommon trap: reason=bimorphic action=maybe_recompile pc=0x0000000002f17f94 method=java.io.BufferedInputStream.read1([BII)I @ 39
Event: 8.030 Thread 0x0000000019685800 Uncommon trap: reason=bimorphic action=maybe_recompile pc=0x0000000002f17f94 method=java.io.BufferedInputStream.read1([BII)I @ 39
Event: 8.378 Thread 0x0000000019685800 Uncommon trap: reason=class_check action=maybe_recompile pc=0x0000000002daef74 method=java.util.concurrent.ConcurrentHashMap.putVal(Ljava/lang/Object;Ljava/lang/Object;Z)Ljava/lang/Object; @ 192
Event: 8.379 Thread 0x0000000019685800 Uncommon trap: reason=class_check action=maybe_recompile pc=0x0000000002daef74 method=java.util.concurrent.ConcurrentHashMap.putVal(Ljava/lang/Object;Ljava/lang/Object;Z)Ljava/lang/Object; @ 192
Event: 8.379 Thread 0x0000000019685800 Uncommon trap: reason=class_check action=maybe_recompile pc=0x0000000002daef74 method=java.util.concurrent.ConcurrentHashMap.putVal(Ljava/lang/Object;Ljava/lang/Object;Z)Ljava/lang/Object; @ 192
Event: 8.496 Thread 0x0000000019685800 Uncommon trap: reason=class_check action=maybe_recompile pc=0x0000000002daef74 method=java.util.concurrent.ConcurrentHashMap.putVal(Ljava/lang/Object;Ljava/lang/Object;Z)Ljava/lang/Object; @ 192

Classes redefined (0 events):
No events

Internal exceptions (10 events):
Event: 8.491 Thread 0x0000000019685800 Exception <a 'java/lang/ArrayIndexOutOfBoundsException'> (0x00000000d80fb510) thrown at [C:\re\workspace\8-2-build-windows-amd64-cygwin\jdk8u221\13320\hotspot\src\share\vm\runtime\sharedRuntime.cpp, line 605]
Event: 8.491 Thread 0x0000000019685800 Exception <a 'java/lang/ArrayIndexOutOfBoundsException'> (0x00000000d80fe0a0) thrown at [C:\re\workspace\8-2-build-windows-amd64-cygwin\jdk8u221\13320\hotspot\src\share\vm\runtime\sharedRuntime.cpp, line 605]
Event: 8.491 Thread 0x0000000019685800 Exception <a 'java/lang/ArrayIndexOutOfBoundsException'> (0x00000000d8100c00) thrown at [C:\re\workspace\8-2-build-windows-amd64-cygwin\jdk8u221\13320\hotspot\src\share\vm\runtime\sharedRuntime.cpp, line 605]
Event: 8.494 Thread 0x0000000019685800 Exception <a 'java/lang/ClassNotFoundException': org/springframework/orm/jpa/JpaVendorAdapterCustomizer> (0x00000000d81531a0) thrown at [C:\re\workspace\8-2-build-windows-amd64-cygwin\jdk8u221\13320\hotspot\src\share\vm\classfile\systemDictionary.cpp, lin
Event: 8.494 Thread 0x0000000019685800 Exception <a 'java/lang/ArrayIndexOutOfBoundsException'> (0x00000000d8155828) thrown at [C:\re\workspace\8-2-build-windows-amd64-cygwin\jdk8u221\13320\hotspot\src\share\vm\runtime\sharedRuntime.cpp, line 605]
Event: 8.494 Thread 0x0000000019685800 Exception <a 'java/lang/ArrayIndexOutOfBoundsException'> (0x00000000d8157510) thrown at [C:\re\workspace\8-2-build-windows-amd64-cygwin\jdk8u221\13320\hotspot\src\share\vm\runtime\sharedRuntime.cpp, line 605]
Event: 8.495 Thread 0x0000000019685800 Exception <a 'java/lang/ArrayIndexOutOfBoundsException'> (0x00000000d8159580) thrown at [C:\re\workspace\8-2-build-windows-amd64-cygwin\jdk8u221\13320\hotspot\src\share\vm\runtime\sharedRuntime.cpp, line 605]
Event: 8.495 Thread 0x0000000019685800 Exception <a 'java/lang/ArrayIndexOutOfBoundsException'> (0x00000000d815b1a0) thrown at [C:\re\workspace\8-2-build-windows-amd64-cygwin\jdk8u221\13320\hotspot\src\share\vm\runtime\sharedRuntime.cpp, line 605]
Event: 8.500 Thread 0x0000000019685800 Exception <a 'java/lang/ArrayIndexOutOfBoundsException'> (0x00000000d818c1c8) thrown at [C:\re\workspace\8-2-build-windows-amd64-cygwin\jdk8u221\13320\hotspot\src\share\vm\runtime\sharedRuntime.cpp, line 605]
Event: 8.500 Thread 0x0000000019685800 Exception <a 'java/lang/ArrayIndexOutOfBoundsException'> (0x00000000d818e2c8) thrown at [C:\re\workspace\8-2-build-windows-amd64-cygwin\jdk8u221\13320\hotspot\src\share\vm\runtime\sharedRuntime.cpp, line 605]

Events (10 events):
Event: 9.257 loading class java/util/zip/DeflaterInputStream
Event: 9.257 loading class java/util/zip/DeflaterInputStream done
Event: 9.257 loading class java/lang/Module
Event: 9.257 loading class java/lang/Module done
Event: 9.268 Thread 0x0000000019685800 DEOPT PACKING pc=0x00000000030537e5 sp=0x000000001a5f6dc0
Event: 9.268 Thread 0x0000000019685800 DEOPT UNPACKING pc=0x00000000028e7890 sp=0x000000001a5f6af0 mode 0
Event: 9.295 loading class java/util/ArrayList$ListItr
Event: 9.295 loading class java/util/ArrayList$ListItr done
Event: 9.295 Executing VM operation: Deoptimize
Event: 9.295 Executing VM operation: Deoptimize done


Dynamic libraries:
0x00007ff6208b0000 - 0x00007ff6208e7000 	C:\Program Files\Java\jdk1.8.0_221\bin\java.exe
0x00007ff944220000 - 0x00007ff944410000 	C:\WINDOWS\SYSTEM32\ntdll.dll
0x00007ff9422d0000 - 0x00007ff942382000 	C:\WINDOWS\System32\KERNEL32.DLL
0x00007ff941500000 - 0x00007ff9417a3000 	C:\WINDOWS\System32\KERNELBASE.dll
0x00007ff9427b0000 - 0x00007ff942853000 	C:\WINDOWS\System32\ADVAPI32.dll
0x00007ff943250000 - 0x00007ff9432ee000 	C:\WINDOWS\System32\msvcrt.dll
0x00007ff942f50000 - 0x00007ff942fe7000 	C:\WINDOWS\System32\sechost.dll
0x00007ff943080000 - 0x00007ff9431a0000 	C:\WINDOWS\System32\RPCRT4.dll
0x00007ff9433a0000 - 0x00007ff943534000 	C:\WINDOWS\System32\USER32.dll
0x00007ff9411b0000 - 0x00007ff9411d1000 	C:\WINDOWS\System32\win32u.dll
0x00007ff943540000 - 0x00007ff943566000 	C:\WINDOWS\System32\GDI32.dll
0x00007ff941230000 - 0x00007ff9413c4000 	C:\WINDOWS\System32\gdi32full.dll
0x00007ff942080000 - 0x00007ff94211e000 	C:\WINDOWS\System32\msvcp_win.dll
0x00007ff942120000 - 0x00007ff94221a000 	C:\WINDOWS\System32\ucrtbase.dll
0x00007ff931f90000 - 0x00007ff932215000 	C:\WINDOWS\WinSxS\amd64_microsoft.windows.common-controls_6595b64144ccf1df_6.0.18362.657_none_e6c5b579130e3898\COMCTL32.dll
0x00007ff942460000 - 0x00007ff942796000 	C:\WINDOWS\System32\combase.dll
0x00007ff941480000 - 0x00007ff941500000 	C:\WINDOWS\System32\bcryptPrimitives.dll
0x00007ff944120000 - 0x00007ff94414e000 	C:\WINDOWS\System32\IMM32.DLL
0x00000000571f0000 - 0x00000000572c2000 	C:\Program Files\Java\jdk1.8.0_221\jre\bin\msvcr100.dll
0x00000000562f0000 - 0x0000000056b95000 	C:\Program Files\Java\jdk1.8.0_221\jre\bin\server\jvm.dll
0x00007ff943070000 - 0x00007ff943078000 	C:\WINDOWS\System32\PSAPI.DLL
0x00007ff930180000 - 0x00007ff93018a000 	C:\WINDOWS\SYSTEM32\VERSION.dll
0x00007ff93dbf0000 - 0x00007ff93dc14000 	C:\WINDOWS\SYSTEM32\WINMM.dll
0x00007ff92dd70000 - 0x00007ff92dd79000 	C:\WINDOWS\SYSTEM32\WSOCK32.dll
0x00007ff93da50000 - 0x00007ff93da7d000 	C:\WINDOWS\SYSTEM32\winmmbase.dll
0x00007ff943a00000 - 0x00007ff943a6f000 	C:\WINDOWS\System32\WS2_32.dll
0x00007ff9411e0000 - 0x00007ff94122a000 	C:\WINDOWS\System32\cfgmgr32.dll
0x00007ff93ddf0000 - 0x00007ff93ddff000 	C:\Program Files\Java\jdk1.8.0_221\jre\bin\verify.dll
0x00007ff936fa0000 - 0x00007ff936fc9000 	C:\Program Files\Java\jdk1.8.0_221\jre\bin\java.dll
0x00007ff93a8a0000 - 0x00007ff93a8b6000 	C:\Program Files\Java\jdk1.8.0_221\jre\bin\zip.dll
0x00007ff942860000 - 0x00007ff942f45000 	C:\WINDOWS\System32\SHELL32.dll
0x00007ff9431a0000 - 0x00007ff943249000 	C:\WINDOWS\System32\shcore.dll
0x00007ff9417b0000 - 0x00007ff941f2f000 	C:\WINDOWS\System32\windows.storage.dll
0x00007ff941100000 - 0x00007ff94111f000 	C:\WINDOWS\System32\profapi.dll
0x00007ff941160000 - 0x00007ff9411aa000 	C:\WINDOWS\System32\powrprof.dll
0x00007ff9410f0000 - 0x00007ff941100000 	C:\WINDOWS\System32\UMPDC.dll
0x00007ff943840000 - 0x00007ff943892000 	C:\WINDOWS\System32\shlwapi.dll
0x00007ff941120000 - 0x00007ff941131000 	C:\WINDOWS\System32\kernel.appcore.dll
0x00007ff9422b0000 - 0x00007ff9422c7000 	C:\WINDOWS\System32\cryptsp.dll
0x00007ff93c0e0000 - 0x00007ff93c0ed000 	C:\Program Files\Java\jdk1.8.0_221\jre\bin\management.dll
0x00007ff936f80000 - 0x00007ff936f9a000 	C:\Program Files\Java\jdk1.8.0_221\jre\bin\net.dll
0x00007ff935520000 - 0x00007ff9356f6000 	C:\WINDOWS\SYSTEM32\urlmon.dll
0x00007ff9337c0000 - 0x00007ff933a66000 	C:\WINDOWS\SYSTEM32\iertutil.dll
0x00007ff940b30000 - 0x00007ff940b3c000 	C:\WINDOWS\SYSTEM32\CRYPTBASE.DLL
0x00007ff940960000 - 0x00007ff9409c7000 	C:\WINDOWS\system32\mswsock.dll
0x00007ff936f60000 - 0x00007ff936f72000 	C:\Program Files\Java\jdk1.8.0_221\jre\bin\nio.dll
0x00007ff9222a0000 - 0x00007ff9222b6000 	C:\WINDOWS\system32\napinsp.dll
0x00007ff922280000 - 0x00007ff92229a000 	C:\WINDOWS\system32\pnrpnsp.dll
0x00007ff9406b0000 - 0x00007ff94077a000 	C:\WINDOWS\SYSTEM32\DNSAPI.dll
0x00007ff944150000 - 0x00007ff944158000 	C:\WINDOWS\System32\NSI.dll
0x00007ff940670000 - 0x00007ff9406aa000 	C:\WINDOWS\SYSTEM32\IPHLPAPI.DLL
0x00007ff922270000 - 0x00007ff92227e000 	C:\WINDOWS\System32\winrnr.dll
0x00007ff93d930000 - 0x00007ff93d94c000 	C:\WINDOWS\system32\NLAapi.dll
0x00007ff93c720000 - 0x00007ff93c735000 	C:\WINDOWS\system32\wshbth.dll
0x00007ff928770000 - 0x00007ff92877a000 	C:\Windows\System32\rasadhlp.dll
0x00007ff935f70000 - 0x00007ff935fe7000 	C:\WINDOWS\System32\fwpuclnt.dll
0x00007ff942220000 - 0x00007ff942246000 	C:\WINDOWS\System32\bcrypt.dll
0x00007ff940470000 - 0x00007ff9404a3000 	C:\WINDOWS\system32\rsaenh.dll
0x00007ff941010000 - 0x00007ff941035000 	C:\WINDOWS\SYSTEM32\USERENV.dll
0x00007ff936090000 - 0x00007ff9360a6000 	C:\WINDOWS\SYSTEM32\dhcpcsvc6.DLL
0x00007ff936170000 - 0x00007ff93618c000 	C:\WINDOWS\SYSTEM32\dhcpcsvc.DLL
0x00007ff93a000000 - 0x00007ff93a024000 	C:\Program Files\Java\jdk1.8.0_221\jre\bin\sunec.dll
0x00007ff93d470000 - 0x00007ff93d47b000 	C:\Program Files\Java\jdk1.8.0_221\jre\bin\sunmscapi.dll
0x00007ff941f30000 - 0x00007ff942079000 	C:\WINDOWS\System32\CRYPT32.dll
0x00007ff941140000 - 0x00007ff941152000 	C:\WINDOWS\System32\MSASN1.dll

VM Arguments:
jvm_args: -Djava.util.logging.config.file=C:\Users\ADMIN\.IntelliJIdea2019.2\system\tomcat\Unnamed_Blog\conf\logging.properties -Djava.util.logging.manager=org.apache.juli.ClassLoaderLogManager -Dcom.sun.management.jmxremote= -Dcom.sun.management.jmxremote.port=1099 -Dcom.sun.management.jmxremote.ssl=false -Dcom.sun.management.jmxremote.password.file=C:\Users\ADMIN\.IntelliJIdea2019.2\system\tomcat\Unnamed_Blog\jmxremote.password -Dcom.sun.management.jmxremote.access.file=C:\Users\ADMIN\.IntelliJIdea2019.2\system\tomcat\Unnamed_Blog\jmxremote.access -Djava.rmi.server.hostname=127.0.0.1 -Djdk.tls.ephemeralDHKeySize=2048 -Djava.protocol.handler.pkgs=org.apache.catalina.webresources -Dignore.endorsed.dirs= -Dcatalina.base=C:\Users\ADMIN\.IntelliJIdea2019.2\system\tomcat\Unnamed_Blog -Dcatalina.home=D:\MyCode\apache-tomcat-9.0.36 -Djava.io.tmpdir=D:\MyCode\apache-tomcat-9.0.36\temp 
java_command: org.apache.catalina.startup.Bootstrap start
java_class_path (initial): D:\MyCode\apache-tomcat-9.0.36\bin\bootstrap.jar;D:\MyCode\apache-tomcat-9.0.36\bin\tomcat-juli.jar
Launcher Type: SUN_STANDARD

Environment Variables:
JAVA_HOME=C:\Program Files\Java\jdk1.8.0_221
JRE_HOME=C:\Program Files\Java\jdk1.8.0_221
CLASSPATH=D:\MyCode\apache-tomcat-9.0.36\bin\bootstrap.jar;D:\MyCode\apache-tomcat-9.0.36\bin\tomcat-juli.jar
PATH=D:\IntelliJ IDEA 2019.2\jbr\\bin;D:\IntelliJ IDEA 2019.2\jbr\\bin\server;C:\Program Files\Microsoft MPI\Bin\;C:\Program Files (x86)\Common Files\Oracle\Java\javapath;C:\WINDOWS\system32;C:\WINDOWS;C:\WINDOWS\System32\Wbem;C:\WINDOWS\System32\WindowsPowerShell\v1.0\;C:\Program Files\Git\cmd;C:\WINDOWS\System32\OpenSSH\;C:\Program Files\dotnet\;C:\Program Files (x86)\Microsoft SQL Server\150\DTS\Binn\;C:\Program Files (x86)\Microsoft SQL Server\150\Tools\Binn\;G:\cc\Microsoft SQL Server\150\Tools\Binn\;G:\cc\Microsoft SQL Server\150\DTS\Binn\;G:\cc\Microsoft SQL Server\Client SDK\ODBC\170\Tools\Binn\;C:\Program Files\Microsoft SQL Server\130\Tools\Binn\;C:\Program Files\MySQL\MySQL Shell 8.0\bin\;C:\Users\ADMIN\AppData\Local\Microsoft\WindowsApps;C:\Users\ADMIN\.dotnet\tools;C:\Users\ADMIN\AppData\Local\GitHubDesktop\bin
USERNAME=ADMIN
OS=Windows_NT
PROCESSOR_IDENTIFIER=Intel64 Family 6 Model 78 Stepping 3, GenuineIntel



---------------  S Y S T E M  ---------------

OS: Windows 10.0 , 64 bit Build 18362 (10.0.18362.329)

CPU:total 4 (initial active 4) (2 cores per cpu, 2 threads per core) family 6 model 78 stepping 3, cmov, cx8, fxsr, mmx, sse, sse2, sse3, ssse3, sse4.1, sse4.2, popcnt, avx, avx2, aes, clmul, erms, 3dnowpref, lzcnt, ht, tsc, tscinvbit, bmi1, bmi2, adx

Memory: 4k page, physical 8244800k(1406784k free), swap 11392260k(5532k free)

vm_info: Java HotSpot(TM) 64-Bit Server VM (25.221-b11) for windows-amd64 JRE (1.8.0_221-b11), built on Jul  4 2019 04:39:29 by "java_re" with MS VC++ 10.0 (VS2010)

time: Mon Jun 15 09:47:50 2020
timezone: SE Asia Standard Time
elapsed time: 9 seconds (0d 0h 0m 9s)

