#
# There is insufficient memory for the Java Runtime Environment to continue.
# Native memory allocation (malloc) failed to allocate 32744 bytes for ChunkPool::allocate
# Possible reasons:
#   The system is out of physical RAM or swap space
#   The process is running with CompressedOops enabled, and the Java Heap may be blocking the growth of the native heap
# Possible solutions:
#   Reduce memory load on the system
#   Increase physical memory or swap space
#   Check if swap backing store is full
#   Decrease Java heap size (-Xmx/-Xms)
#   Decrease number of Java threads
#   Decrease Java thread stack sizes (-Xss)
#   Set larger code cache with -XX:ReservedCodeCacheSize=
#   JVM is running with Unscaled Compressed Oops mode in which the Java heap is
#     placed in the first 4GB address space. The Java Heap base address is the
#     maximum limit for the native heap growth. Please use -XX:HeapBaseMinAddress
#     to set the Java Heap base and to place the Java Heap above 4GB virtual address.
# This output file may be truncated or incomplete.
#
#  Out of Memory Error (allocation.cpp:272), pid=2496, tid=0x0000000000002734
#
# JRE version: Java(TM) SE Runtime Environment (8.0_221-b11) (build 1.8.0_221-b11)
# Java VM: Java HotSpot(TM) 64-Bit Server VM (25.221-b11 mixed mode windows-amd64 compressed oops)
# Failed to write core dump. Minidumps are not enabled by default on client versions of Windows
#

---------------  T H R E A D  ---------------

Current thread (0x000000001926d000):  JavaThread "RMI TCP Connection(3)-127.0.0.1" daemon [_thread_in_vm, id=10036, stack(0x000000001a4d0000,0x000000001a5d0000)]

Stack: [0x000000001a4d0000,0x000000001a5d0000]
[error occurred during error reporting (printing stack bounds), id 0xc0000005]

Native frames: (J=compiled Java code, j=interpreted, Vv=VM code, C=native code)

Java frames: (J=compiled Java code, j=interpreted, Vv=VM code)
v  ~RuntimeStub::_register_finalizer_Java
J 1934 C2 java.util.zip.ZipFile.getInputStream(Ljava/util/zip/ZipEntry;)Ljava/io/InputStream; (304 bytes) @ 0x0000000002c96da4 [0x0000000002c96980+0x424]
J 1354 C1 java.util.jar.JarFile.getInputStream(Ljava/util/zip/ZipEntry;)Ljava/io/InputStream; (89 bytes) @ 0x0000000002a61a9c [0x0000000002a611a0+0x8fc]
J 1746 C1 org.apache.tomcat.util.scan.JarFileUrlJar.getEntryInputStream()Ljava/io/InputStream; (21 bytes) @ 0x0000000002bd16d4 [0x0000000002bd1580+0x154]
j  org.apache.catalina.startup.ContextConfig.processAnnotationsJar(Ljava/net/URL;Lorg/apache/tomcat/util/descriptor/web/WebXml;ZLjava/util/Map;)V+79
j  org.apache.catalina.startup.ContextConfig.processAnnotationsUrl(Ljava/net/URL;Lorg/apache/tomcat/util/descriptor/web/WebXml;ZLjava/util/Map;)V+37
j  org.apache.catalina.startup.ContextConfig.processAnnotations(Ljava/util/Set;ZLjava/util/Map;)V+87
j  org.apache.catalina.startup.ContextConfig.processClasses(Lorg/apache/tomcat/util/descriptor/web/WebXml;Ljava/util/Set;)V+111
j  org.apache.catalina.startup.ContextConfig.webConfig()V+174
j  org.apache.catalina.startup.ContextConfig.configureStart()V+101
j  org.apache.catalina.startup.ContextConfig.lifecycleEvent(Lorg/apache/catalina/LifecycleEvent;)V+57
J 1481 C1 org.apache.catalina.util.LifecycleBase.fireLifecycleEvent(Ljava/lang/String;Ljava/lang/Object;)V (56 bytes) @ 0x0000000002ad120c [0x0000000002ad0d00+0x50c]
j  org.apache.catalina.core.StandardContext.startInternal()V+564
j  org.apache.catalina.util.LifecycleBase.start()V+210
j  org.apache.catalina.core.ContainerBase.addChildInternal(Lorg/apache/catalina/Container;)V+169
j  org.apache.catalina.core.ContainerBase.addChild(Lorg/apache/catalina/Container;)V+26
j  org.apache.catalina.core.StandardHost.addChild(Lorg/apache/catalina/Container;)V+79
j  org.apache.catalina.startup.HostConfig.manageApp(Lorg/apache/catalina/Context;)V+138
v  ~StubRoutines::call_stub
j  sun.reflect.NativeMethodAccessorImpl.invoke0(Ljava/lang/reflect/Method;Ljava/lang/Object;[Ljava/lang/Object;)Ljava/lang/Object;+0
J 1382 C1 sun.reflect.NativeMethodAccessorImpl.invoke(Ljava/lang/Object;[Ljava/lang/Object;)Ljava/lang/Object; (104 bytes) @ 0x0000000002a766a4 [0x0000000002a75500+0x11a4]
J 982 C1 sun.reflect.DelegatingMethodAccessorImpl.invoke(Ljava/lang/Object;[Ljava/lang/Object;)Ljava/lang/Object; (10 bytes) @ 0x00000000028d7004 [0x00000000028d6f00+0x104]
J 977 C1 java.lang.reflect.Method.invoke(Ljava/lang/Object;[Ljava/lang/Object;)Ljava/lang/Object; (62 bytes) @ 0x00000000028c4dac [0x00000000028c49c0+0x3ec]
j  org.apache.tomcat.util.modeler.BaseModelMBean.invoke(Ljava/lang/String;[Ljava/lang/Object;[Ljava/lang/String;)Ljava/lang/Object;+163
j  com.sun.jmx.interceptor.DefaultMBeanServerInterceptor.invoke(Ljavax/management/ObjectName;Ljava/lang/String;[Ljava/lang/Object;[Ljava/lang/String;)Ljava/lang/Object;+28
j  com.sun.jmx.mbeanserver.JmxMBeanServer.invoke(Ljavax/management/ObjectName;Ljava/lang/String;[Ljava/lang/Object;[Ljava/lang/String;)Ljava/lang/Object;+13
j  org.apache.catalina.mbeans.MBeanFactory.createStandardContext(Ljava/lang/String;Ljava/lang/String;Ljava/lang/String;ZZ)Ljava/lang/String;+268
j  org.apache.catalina.mbeans.MBeanFactory.createStandardContext(Ljava/lang/String;Ljava/lang/String;Ljava/lang/String;)Ljava/lang/String;+6
v  ~StubRoutines::call_stub
j  sun.reflect.NativeMethodAccessorImpl.invoke0(Ljava/lang/reflect/Method;Ljava/lang/Object;[Ljava/lang/Object;)Ljava/lang/Object;+0
J 1382 C1 sun.reflect.NativeMethodAccessorImpl.invoke(Ljava/lang/Object;[Ljava/lang/Object;)Ljava/lang/Object; (104 bytes) @ 0x0000000002a766a4 [0x0000000002a75500+0x11a4]
J 982 C1 sun.reflect.DelegatingMethodAccessorImpl.invoke(Ljava/lang/Object;[Ljava/lang/Object;)Ljava/lang/Object; (10 bytes) @ 0x00000000028d7004 [0x00000000028d6f00+0x104]
J 977 C1 java.lang.reflect.Method.invoke(Ljava/lang/Object;[Ljava/lang/Object;)Ljava/lang/Object; (62 bytes) @ 0x00000000028c4dac [0x00000000028c49c0+0x3ec]
j  org.apache.tomcat.util.modeler.BaseModelMBean.invoke(Ljava/lang/String;[Ljava/lang/Object;[Ljava/lang/String;)Ljava/lang/Object;+163
j  com.sun.jmx.interceptor.DefaultMBeanServerInterceptor.invoke(Ljavax/management/ObjectName;Ljava/lang/String;[Ljava/lang/Object;[Ljava/lang/String;)Ljava/lang/Object;+28
j  com.sun.jmx.mbeanserver.JmxMBeanServer.invoke(Ljavax/management/ObjectName;Ljava/lang/String;[Ljava/lang/Object;[Ljava/lang/String;)Ljava/lang/Object;+13
j  com.sun.jmx.remote.security.MBeanServerAccessController.invoke(Ljavax/management/ObjectName;Ljava/lang/String;[Ljava/lang/Object;[Ljava/lang/String;)Ljava/lang/Object;+19
j  javax.management.remote.rmi.RMIConnectionImpl.doOperation(I[Ljava/lang/Object;)Ljava/lang/Object;+391
j  javax.management.remote.rmi.RMIConnectionImpl.access$300(Ljavax/management/remote/rmi/RMIConnectionImpl;I[Ljava/lang/Object;)Ljava/lang/Object;+3
j  javax.management.remote.rmi.RMIConnectionImpl$PrivilegedOperation.run()Ljava/lang/Object;+12
v  ~StubRoutines::call_stub
J 605  java.security.AccessController.doPrivileged(Ljava/security/PrivilegedExceptionAction;Ljava/security/AccessControlContext;)Ljava/lang/Object; (0 bytes) @ 0x00000000027ab426 [0x00000000027ab3c0+0x66]
j  javax.management.remote.rmi.RMIConnectionImpl.doPrivilegedOperation(I[Ljava/lang/Object;Ljavax/security/auth/Subject;)Ljava/lang/Object;+121
j  javax.management.remote.rmi.RMIConnectionImpl.invoke(Ljavax/management/ObjectName;Ljava/lang/String;Ljava/rmi/MarshalledObject;[Ljava/lang/String;Ljavax/security/auth/Subject;)Ljava/lang/Object;+186
v  ~StubRoutines::call_stub
j  sun.reflect.NativeMethodAccessorImpl.invoke0(Ljava/lang/reflect/Method;Ljava/lang/Object;[Ljava/lang/Object;)Ljava/lang/Object;+0
J 1382 C1 sun.reflect.NativeMethodAccessorImpl.invoke(Ljava/lang/Object;[Ljava/lang/Object;)Ljava/lang/Object; (104 bytes) @ 0x0000000002a766a4 [0x0000000002a75500+0x11a4]
J 982 C1 sun.reflect.DelegatingMethodAccessorImpl.invoke(Ljava/lang/Object;[Ljava/lang/Object;)Ljava/lang/Object; (10 bytes) @ 0x00000000028d7004 [0x00000000028d6f00+0x104]
J 977 C1 java.lang.reflect.Method.invoke(Ljava/lang/Object;[Ljava/lang/Object;)Ljava/lang/Object; (62 bytes) @ 0x00000000028c4dac [0x00000000028c49c0+0x3ec]
j  sun.rmi.server.UnicastServerRef.dispatch(Ljava/rmi/Remote;Ljava/rmi/server/RemoteCall;)V+231
j  sun.rmi.transport.Transport$1.run()Ljava/lang/Void;+23
j  sun.rmi.transport.Transport$1.run()Ljava/lang/Object;+1
v  ~StubRoutines::call_stub
J 605  java.security.AccessController.doPrivileged(Ljava/security/PrivilegedExceptionAction;Ljava/security/AccessControlContext;)Ljava/lang/Object; (0 bytes) @ 0x00000000027ab426 [0x00000000027ab3c0+0x66]
j  sun.rmi.transport.Transport.serviceCall(Ljava/rmi/server/RemoteCall;)Z+157
j  sun.rmi.transport.tcp.TCPTransport.handleMessages(Lsun/rmi/transport/Connection;Z)V+185
j  sun.rmi.transport.tcp.TCPTransport$ConnectionHandler.run0()V+696
j  sun.rmi.transport.tcp.TCPTransport$ConnectionHandler.lambda$run$0()Ljava/lang/Void;+1
j  sun.rmi.transport.tcp.TCPTransport$ConnectionHandler$$Lambda$20.run()Ljava/lang/Object;+4
v  ~StubRoutines::call_stub
j  java.security.AccessController.doPrivileged(Ljava/security/PrivilegedAction;Ljava/security/AccessControlContext;)Ljava/lang/Object;+0
j  sun.rmi.transport.tcp.TCPTransport$ConnectionHandler.run()V+58
j  java.util.concurrent.ThreadPoolExecutor.runWorker(Ljava/util/concurrent/ThreadPoolExecutor$Worker;)V+95
j  java.util.concurrent.ThreadPoolExecutor$Worker.run()V+5
j  java.lang.Thread.run()V+11
v  ~StubRoutines::call_stub

---------------  P R O C E S S  ---------------

Java Threads: ( => current thread )
  0x000000001abf5800 JavaThread "JMX server connection timeout 41" daemon [_thread_blocked, id=8612, stack(0x000000001cde0000,0x000000001cee0000)]
  0x000000001abf8800 JavaThread "http-nio-8080-Acceptor" daemon [_thread_in_native, id=12068, stack(0x000000001cce0000,0x000000001cde0000)]
  0x000000001abf7000 JavaThread "http-nio-8080-ClientPoller" daemon [_thread_in_native, id=1620, stack(0x000000001cbe0000,0x000000001cce0000)]
  0x000000001abf7800 JavaThread "http-nio-8080-exec-10" daemon [_thread_blocked, id=7464, stack(0x000000001cae0000,0x000000001cbe0000)]
  0x000000001abf4800 JavaThread "http-nio-8080-exec-9" daemon [_thread_blocked, id=12748, stack(0x000000001c9e0000,0x000000001cae0000)]
  0x000000001ad7c800 JavaThread "http-nio-8080-exec-8" daemon [_thread_blocked, id=9712, stack(0x000000001c8e0000,0x000000001c9e0000)]
  0x000000001ad7e800 JavaThread "http-nio-8080-exec-7" daemon [_thread_blocked, id=12816, stack(0x000000001c7e0000,0x000000001c8e0000)]
  0x000000001ad7b800 JavaThread "http-nio-8080-exec-6" daemon [_thread_blocked, id=8076, stack(0x000000001c6e0000,0x000000001c7e0000)]
  0x000000001ad7a000 JavaThread "http-nio-8080-exec-5" daemon [_thread_blocked, id=3380, stack(0x000000001c4e0000,0x000000001c5e0000)]
  0x000000001ad7b000 JavaThread "http-nio-8080-exec-4" daemon [_thread_blocked, id=8820, stack(0x000000001c3e0000,0x000000001c4e0000)]
  0x000000001ad79800 JavaThread "http-nio-8080-exec-3" daemon [_thread_blocked, id=5028, stack(0x000000001c2e0000,0x000000001c3e0000)]
  0x000000001ad7e000 JavaThread "http-nio-8080-exec-2" daemon [_thread_blocked, id=1300, stack(0x000000001c1e0000,0x000000001c2e0000)]
  0x000000001ad7d000 JavaThread "http-nio-8080-exec-1" daemon [_thread_blocked, id=9728, stack(0x000000001c0e0000,0x000000001c1e0000)]
  0x000000001ad78800 JavaThread "Catalina-utility-2" [_thread_blocked, id=12828, stack(0x000000001bee0000,0x000000001bfe0000)]
  0x000000001ad7f800 JavaThread "Catalina-utility-1" [_thread_blocked, id=4136, stack(0x000000001bfe0000,0x000000001c0e0000)]
  0x000000001ada1000 JavaThread "http-nio-8080-BlockPoller" daemon [_thread_in_native, id=3492, stack(0x000000001b8a0000,0x000000001b9a0000)]
  0x0000000019258000 JavaThread "GC Daemon" daemon [_thread_blocked, id=5940, stack(0x000000001b7a0000,0x000000001b8a0000)]
=>0x000000001926d000 JavaThread "RMI TCP Connection(3)-127.0.0.1" daemon [_thread_in_vm, id=10036, stack(0x000000001a4d0000,0x000000001a5d0000)]
  0x000000001926c800 JavaThread "RMI Scheduler(0)" daemon [_thread_blocked, id=10752, stack(0x000000001a3d0000,0x000000001a4d0000)]
  0x0000000019254800 JavaThread "RMI TCP Connection(2)-127.0.0.1" daemon [_thread_in_native, id=2080, stack(0x000000001a2d0000,0x000000001a3d0000)]
  0x0000000019014000 JavaThread "RMI TCP Accept-0" daemon [_thread_in_native, id=1052, stack(0x000000001a0d0000,0x000000001a1d0000)]
  0x000000001900e800 JavaThread "RMI TCP Accept-1099" daemon [_thread_in_native, id=1100, stack(0x0000000019fd0000,0x000000001a0d0000)]
  0x000000001900d000 JavaThread "RMI TCP Accept-0" daemon [_thread_in_native, id=10764, stack(0x0000000019cd0000,0x0000000019dd0000)]
  0x0000000018d0f800 JavaThread "FileHandlerLogFilesCleaner-1" daemon [_thread_blocked, id=7008, stack(0x0000000019790000,0x0000000019890000)]
  0x0000000018a5e800 JavaThread "AsyncFileHandlerWriter-1625635731" daemon [_thread_blocked, id=460, stack(0x0000000018e90000,0x0000000018f90000)]
  0x000000001708e800 JavaThread "Service Thread" daemon [_thread_blocked, id=5692, stack(0x0000000018d90000,0x0000000018e90000)]
  0x0000000017036000 JavaThread "C1 CompilerThread2" daemon [_thread_blocked, id=11024, stack(0x0000000018890000,0x0000000018990000)]
  0x0000000017046000 JavaThread "C2 CompilerThread1" daemon [_thread_in_native, id=8008, stack(0x0000000018790000,0x0000000018890000)]
  0x000000001702d800 JavaThread "C2 CompilerThread0" daemon [_thread_in_native, id=7548, stack(0x0000000018690000,0x0000000018790000)]
  0x000000001703c800 JavaThread "Attach Listener" daemon [_thread_blocked, id=192, stack(0x0000000018590000,0x0000000018690000)]
  0x000000001703b800 JavaThread "Signal Dispatcher" daemon [_thread_blocked, id=1524, stack(0x0000000018490000,0x0000000018590000)]
  0x0000000002559000 JavaThread "Finalizer" daemon [_thread_blocked, id=1704, stack(0x0000000018290000,0x0000000018390000)]
  0x000000001701a000 JavaThread "Reference Handler" daemon [_thread_blocked, id=3252, stack(0x0000000018190000,0x0000000018290000)]
  0x0000000002463800 JavaThread "main" [_thread_in_native, id=9392, stack(0x0000000002360000,0x0000000002460000)]

Other Threads:
  0x0000000016ff7800 VMThread [stack: 0x0000000018090000,0x0000000018190000] [id=6984]
  0x0000000019016000 WatcherThread [stack: 0x000000001a1d0000,0x000000001a2d0000] [id=6632]

VM state:not at safepoint (normal execution)

VM Mutex/Monitor currently owned by a thread: None

heap address: 0x0000000082200000, size: 2014 MB, Compressed Oops mode: 32-bit
Narrow klass base: 0x0000000000000000, Narrow klass shift: 3
Compressed class space size: 1073741824 Address: 0x0000000100000000

Heap:
 PSYoungGen      total 37888K, used 8304K [0x00000000d6100000, 0x00000000d8b00000, 0x0000000100000000)
  eden space 32768K, 9% used [0x00000000d6100000,0x00000000d6420b10,0x00000000d8100000)
  from space 5120K, 99% used [0x00000000d8100000,0x00000000d85fb7d8,0x00000000d8600000)
  to   space 5120K, 0% used [0x00000000d8600000,0x00000000d8600000,0x00000000d8b00000)
 ParOldGen       total 86016K, used 28118K [0x0000000082200000, 0x0000000087600000, 0x00000000d6100000)
  object space 86016K, 32% used [0x0000000082200000,0x0000000083d758b8,0x0000000087600000)
 Metaspace       used 17860K, capacity 18290K, committed 18560K, reserved 1064960K
  class space    used 2005K, capacity 2116K, committed 2176K, reserved 1048576K

Card table byte_map: [0x0000000011920000,0x0000000011d10000] byte_map_base: 0x000000001150f000

Marking Bits: (ParMarkBitMap*) 0x0000000056b15ce0
 Begin Bits: [0x00000000123b0000, 0x0000000014328000)
 End Bits:   [0x0000000014328000, 0x00000000162a0000)

Polling page: 0x0000000000760000

CodeCache: size=245760Kb used=7357Kb max_used=7378Kb free=238402Kb
 bounds [0x0000000002560000, 0x0000000002ca0000, 0x0000000011560000]
 total_blobs=2338 nmethods=1935 adapters=315
 compilation: enabled

Compilation events (10 events):
Event: 6.234 Thread 0x0000000017036000 1937       3       org.apache.tomcat.util.bcel.classfile.ClassParser::parse (64 bytes)
Event: 6.235 Thread 0x0000000017036000 nmethod 1937 0x0000000002c91150 code [0x0000000002c913e0, 0x0000000002c92158]
Event: 6.254 Thread 0x0000000017036000 1939       3       java.util.jar.JarFile::<init> (15 bytes)
Event: 6.254 Thread 0x0000000017036000 nmethod 1939 0x0000000002c8d750 code [0x0000000002c8d8e0, 0x0000000002c8dbf8]
Event: 6.267 Thread 0x0000000017036000 1940       3       sun.nio.cs.UTF_8$Encoder::isLegalReplacement (26 bytes)
Event: 6.267 Thread 0x0000000017036000 nmethod 1940 0x0000000002c8d290 code [0x0000000002c8d400, 0x0000000002c8d688]
Event: 6.267 Thread 0x0000000017036000 1941       3       sun.nio.cs.UTF_8$Encoder::implReplaceWith (8 bytes)
Event: 6.267 Thread 0x0000000017036000 nmethod 1941 0x0000000002c8ced0 code [0x0000000002c8d020, 0x0000000002c8d1b0]
Event: 6.272 Thread 0x000000001702d800 nmethod 1934 0x0000000002c96690 code [0x0000000002c96980, 0x0000000002c99088]
Event: 6.272 Thread 0x000000001702d800 1936       4       org.apache.catalina.webresources.StandardRoot::getResourceInternal (172 bytes)

GC Heap History (10 events):
Event: 5.703 GC heap before
{Heap before GC invocations=5 (full 0):
 PSYoungGen      total 37888K, used 37861K [0x00000000d6100000, 0x00000000d8b00000, 0x0000000100000000)
  eden space 32768K, 100% used [0x00000000d6100000,0x00000000d8100000,0x00000000d8100000)
  from space 5120K, 99% used [0x00000000d8600000,0x00000000d8af94a8,0x00000000d8b00000)
  to   space 5120K, 0% used [0x00000000d8100000,0x00000000d8100000,0x00000000d8600000)
 ParOldGen       total 86016K, used 10352K [0x0000000082200000, 0x0000000087600000, 0x00000000d6100000)
  object space 86016K, 12% used [0x0000000082200000,0x0000000082c1c2d8,0x0000000087600000)
 Metaspace       used 17832K, capacity 18226K, committed 18560K, reserved 1064960K
  class space    used 2005K, capacity 2116K, committed 2176K, reserved 1048576K
Event: 5.712 GC heap after
Heap after GC invocations=5 (full 0):
 PSYoungGen      total 37888K, used 5115K [0x00000000d6100000, 0x00000000d8b00000, 0x0000000100000000)
  eden space 32768K, 0% used [0x00000000d6100000,0x00000000d6100000,0x00000000d8100000)
  from space 5120K, 99% used [0x00000000d8100000,0x00000000d85feca8,0x00000000d8600000)
  to   space 5120K, 0% used [0x00000000d8600000,0x00000000d8600000,0x00000000d8b00000)
 ParOldGen       total 86016K, used 14210K [0x0000000082200000, 0x0000000087600000, 0x00000000d6100000)
  object space 86016K, 16% used [0x0000000082200000,0x0000000082fe0ba0,0x0000000087600000)
 Metaspace       used 17832K, capacity 18226K, committed 18560K, reserved 1064960K
  class space    used 2005K, capacity 2116K, committed 2176K, reserved 1048576K
}
Event: 5.893 GC heap before
{Heap before GC invocations=6 (full 0):
 PSYoungGen      total 37888K, used 37883K [0x00000000d6100000, 0x00000000d8b00000, 0x0000000100000000)
  eden space 32768K, 100% used [0x00000000d6100000,0x00000000d8100000,0x00000000d8100000)
  from space 5120K, 99% used [0x00000000d8100000,0x00000000d85feca8,0x00000000d8600000)
  to   space 5120K, 0% used [0x00000000d8600000,0x00000000d8600000,0x00000000d8b00000)
 ParOldGen       total 86016K, used 14210K [0x0000000082200000, 0x0000000087600000, 0x00000000d6100000)
  object space 86016K, 16% used [0x0000000082200000,0x0000000082fe0ba0,0x0000000087600000)
 Metaspace       used 17851K, capacity 18226K, committed 18560K, reserved 1064960K
  class space    used 2005K, capacity 2116K, committed 2176K, reserved 1048576K
Event: 5.903 GC heap after
Heap after GC invocations=6 (full 0):
 PSYoungGen      total 37888K, used 5099K [0x00000000d6100000, 0x00000000d8b00000, 0x0000000100000000)
  eden space 32768K, 0% used [0x00000000d6100000,0x00000000d6100000,0x00000000d8100000)
  from space 5120K, 99% used [0x00000000d8600000,0x00000000d8afac98,0x00000000d8b00000)
  to   space 5120K, 0% used [0x00000000d8100000,0x00000000d8100000,0x00000000d8600000)
 ParOldGen       total 86016K, used 19010K [0x0000000082200000, 0x0000000087600000, 0x00000000d6100000)
  object space 86016K, 22% used [0x0000000082200000,0x0000000083490920,0x0000000087600000)
 Metaspace       used 17851K, capacity 18226K, committed 18560K, reserved 1064960K
  class space    used 2005K, capacity 2116K, committed 2176K, reserved 1048576K
}
Event: 6.111 GC heap before
{Heap before GC invocations=7 (full 0):
 PSYoungGen      total 37888K, used 37867K [0x00000000d6100000, 0x00000000d8b00000, 0x0000000100000000)
  eden space 32768K, 100% used [0x00000000d6100000,0x00000000d8100000,0x00000000d8100000)
  from space 5120K, 99% used [0x00000000d8600000,0x00000000d8afac98,0x00000000d8b00000)
  to   space 5120K, 0% used [0x00000000d8100000,0x00000000d8100000,0x00000000d8600000)
 ParOldGen       total 86016K, used 19010K [0x0000000082200000, 0x0000000087600000, 0x00000000d6100000)
  object space 86016K, 22% used [0x0000000082200000,0x0000000083490920,0x0000000087600000)
 Metaspace       used 17858K, capacity 18290K, committed 18560K, reserved 1064960K
  class space    used 2005K, capacity 2116K, committed 2176K, reserved 1048576K
Event: 6.121 GC heap after
Heap after GC invocations=7 (full 0):
 PSYoungGen      total 37888K, used 5095K [0x00000000d6100000, 0x00000000d8b00000, 0x0000000100000000)
  eden space 32768K, 0% used [0x00000000d6100000,0x00000000d6100000,0x00000000d8100000)
  from space 5120K, 99% used [0x00000000d8100000,0x00000000d85f9d40,0x00000000d8600000)
  to   space 5120K, 0% used [0x00000000d8600000,0x00000000d8600000,0x00000000d8b00000)
 ParOldGen       total 86016K, used 23530K [0x0000000082200000, 0x0000000087600000, 0x00000000d6100000)
  object space 86016K, 27% used [0x0000000082200000,0x00000000838fa810,0x0000000087600000)
 Metaspace       used 17858K, capacity 18290K, committed 18560K, reserved 1064960K
  class space    used 2005K, capacity 2116K, committed 2176K, reserved 1048576K
}
Event: 6.360 GC heap before
{Heap before GC invocations=8 (full 0):
 PSYoungGen      total 37888K, used 37863K [0x00000000d6100000, 0x00000000d8b00000, 0x0000000100000000)
  eden space 32768K, 100% used [0x00000000d6100000,0x00000000d8100000,0x00000000d8100000)
  from space 5120K, 99% used [0x00000000d8100000,0x00000000d85f9d40,0x00000000d8600000)
  to   space 5120K, 0% used [0x00000000d8600000,0x00000000d8600000,0x00000000d8b00000)
 ParOldGen       total 86016K, used 23530K [0x0000000082200000, 0x0000000087600000, 0x00000000d6100000)
  object space 86016K, 27% used [0x0000000082200000,0x00000000838fa810,0x0000000087600000)
 Metaspace       used 17860K, capacity 18290K, committed 18560K, reserved 1064960K
  class space    used 2005K, capacity 2116K, committed 2176K, reserved 1048576K
Event: 6.368 GC heap after
Heap after GC invocations=8 (full 0):
 PSYoungGen      total 37888K, used 5114K [0x00000000d6100000, 0x00000000d8b00000, 0x0000000100000000)
  eden space 32768K, 0% used [0x00000000d6100000,0x00000000d6100000,0x00000000d8100000)
  from space 5120K, 99% used [0x00000000d8600000,0x00000000d8afe9f0,0x00000000d8b00000)
  to   space 5120K, 0% used [0x00000000d8100000,0x00000000d8100000,0x00000000d8600000)
 ParOldGen       total 86016K, used 25995K [0x0000000082200000, 0x0000000087600000, 0x00000000d6100000)
  object space 86016K, 30% used [0x0000000082200000,0x0000000083b62fa0,0x0000000087600000)
 Metaspace       used 17860K, capacity 18290K, committed 18560K, reserved 1064960K
  class space    used 2005K, capacity 2116K, committed 2176K, reserved 1048576K
}
Event: 6.514 GC heap before
{Heap before GC invocations=9 (full 0):
 PSYoungGen      total 37888K, used 37882K [0x00000000d6100000, 0x00000000d8b00000, 0x0000000100000000)
  eden space 32768K, 100% used [0x00000000d6100000,0x00000000d8100000,0x00000000d8100000)
  from space 5120K, 99% used [0x00000000d8600000,0x00000000d8afe9f0,0x00000000d8b00000)
  to   space 5120K, 0% used [0x00000000d8100000,0x00000000d8100000,0x00000000d8600000)
 ParOldGen       total 86016K, used 25995K [0x0000000082200000, 0x0000000087600000, 0x00000000d6100000)
  object space 86016K, 30% used [0x0000000082200000,0x0000000083b62fa0,0x0000000087600000)
 Metaspace       used 17860K, capacity 18290K, committed 18560K, reserved 1064960K
  class space    used 2005K, capacity 2116K, committed 2176K, reserved 1048576K
Event: 6.522 GC heap after
Heap after GC invocations=9 (full 0):
 PSYoungGen      total 37888K, used 5101K [0x00000000d6100000, 0x00000000d8b00000, 0x0000000100000000)
  eden space 32768K, 0% used [0x00000000d6100000,0x00000000d6100000,0x00000000d8100000)
  from space 5120K, 99% used [0x00000000d8100000,0x00000000d85fb7d8,0x00000000d8600000)
  to   space 5120K, 0% used [0x00000000d8600000,0x00000000d8600000,0x00000000d8b00000)
 ParOldGen       total 86016K, used 28118K [0x0000000082200000, 0x0000000087600000, 0x00000000d6100000)
  object space 86016K, 32% used [0x0000000082200000,0x0000000083d758b8,0x0000000087600000)
 Metaspace       used 17860K, capacity 18290K, committed 18560K, reserved 1064960K
  class space    used 2005K, capacity 2116K, committed 2176K, reserved 1048576K
}

Deoptimization events (10 events):
Event: 4.762 Thread 0x000000001926d000 Uncommon trap: reason=class_check action=maybe_recompile pc=0x0000000002a9dfcc method=java.io.FilterInputStream.read([B)I @ 5
Event: 4.838 Thread 0x000000001926d000 Uncommon trap: reason=unstable_if action=reinterpret pc=0x0000000002a2e768 method=com.sun.org.apache.xerces.internal.impl.XMLEntityScanner.arrangeCapacity(IZ)Z @ 59
Event: 4.866 Thread 0x000000001926d000 Uncommon trap: reason=unstable_if action=reinterpret pc=0x0000000002b30a30 method=com.sun.org.apache.xerces.internal.impl.XMLEntityScanner.scanContent(Lcom/sun/org/apache/xerces/internal/xni/XMLString;)I @ 526
Event: 4.881 Thread 0x000000001926d000 Uncommon trap: reason=unstable_if action=reinterpret pc=0x0000000002922ad8 method=com.sun.org.apache.xerces.internal.impl.XMLEntityScanner.skipSpaces()Z @ 72
Event: 5.200 Thread 0x000000001926d000 Uncommon trap: reason=bimorphic action=maybe_recompile pc=0x0000000002ba3824 method=java.io.BufferedInputStream.read([BII)I @ 101
Event: 5.223 Thread 0x000000001926d000 Uncommon trap: reason=bimorphic action=maybe_recompile pc=0x0000000002ba3824 method=java.io.BufferedInputStream.read([BII)I @ 101
Event: 5.234 Thread 0x000000001926d000 Uncommon trap: reason=unloaded action=reinterpret pc=0x0000000002b8fd5c method=org.apache.tomcat.util.bcel.classfile.Constant.readConstant(Ljava/io/DataInput;)Lorg/apache/tomcat/util/bcel/classfile/Constant; @ 140
Event: 5.234 Thread 0x000000001926d000 Uncommon trap: reason=bimorphic action=maybe_recompile pc=0x0000000002ba3824 method=java.io.BufferedInputStream.read([BII)I @ 101
Event: 5.238 Thread 0x000000001926d000 Uncommon trap: reason=bimorphic action=maybe_recompile pc=0x0000000002ba3824 method=java.io.BufferedInputStream.read([BII)I @ 101
Event: 5.559 Thread 0x000000001926d000 Uncommon trap: reason=unstable_if action=reinterpret pc=0x0000000002bdf504 method=java.io.DataInputStream.readUTF(Ljava/io/DataInput;)Ljava/lang/String; @ 112

Classes redefined (0 events):
No events

Internal exceptions (10 events):
Event: 3.459 Thread 0x000000001926d000 Exception <a 'java/lang/reflect/InvocationTargetException'> (0x00000000d69768f0) thrown at [C:\re\workspace\8-2-build-windows-amd64-cygwin\jdk8u221\13320\hotspot\src\share\vm\runtime\reflection.cpp, line 1092]
Event: 3.530 Thread 0x000000001926d000 Exception <a 'java/io/FileNotFoundException'> (0x00000000d6c9e4f8) thrown at [C:\re\workspace\8-2-build-windows-amd64-cygwin\jdk8u221\13320\hotspot\src\share\vm\prims\jni.cpp, line 710]
Event: 3.830 Thread 0x000000001926d000 Implicit null exception at 0x00000000028df061 to 0x00000000028e1750
Event: 3.830 Thread 0x000000001926d000 Exception <a 'java/lang/NullPointerException'> (0x00000000d6e6dfb8) thrown at [C:\re\workspace\8-2-build-windows-amd64-cygwin\jdk8u221\13320\hotspot\src\share\vm\runtime\sharedRuntime.cpp, line 605]
Event: 3.830 Thread 0x000000001926d000 Implicit null exception at 0x00000000028df061 to 0x00000000028e1750
Event: 3.830 Thread 0x000000001926d000 Exception <a 'java/lang/NullPointerException'> (0x00000000d6e6e590) thrown at [C:\re\workspace\8-2-build-windows-amd64-cygwin\jdk8u221\13320\hotspot\src\share\vm\runtime\sharedRuntime.cpp, line 605]
Event: 3.841 Thread 0x000000001926d000 Implicit null exception at 0x0000000002a6be6f to 0x0000000002a6ea75
Event: 3.847 Thread 0x000000001926d000 Exception <a 'java/lang/ClassNotFoundException': org/apache/catalina/webresources/file/Handler> (0x00000000d6f03e80) thrown at [C:\re\workspace\8-2-build-windows-amd64-cygwin\jdk8u221\13320\hotspot\src\share\vm\classfile\systemDictionary.cpp, line 210]
Event: 4.782 Thread 0x000000001926d000 Exception <a 'java/lang/ClassNotFoundException': org/apache/catalina/webresources/jar/Handler> (0x00000000d72fe8d0) thrown at [C:\re\workspace\8-2-build-windows-amd64-cygwin\jdk8u221\13320\hotspot\src\share\vm\classfile\systemDictionary.cpp, line 210]
Event: 4.822 Thread 0x000000001926d000 Exception <a 'java/io/FileNotFoundException'> (0x00000000d758a7c8) thrown at [C:\re\workspace\8-2-build-windows-amd64-cygwin\jdk8u221\13320\hotspot\src\share\vm\prims\jni.cpp, line 710]

Events (10 events):
Event: 6.122 Executing VM operation: RevokeBias
Event: 6.122 Executing VM operation: RevokeBias done
Event: 6.234 Thread 0x000000001926d000 DEOPT PACKING pc=0x0000000002bcbcb3 sp=0x000000001a5c9c70
Event: 6.234 Thread 0x000000001926d000 DEOPT UNPACKING pc=0x00000000025a7890 sp=0x000000001a5c99d8 mode 0
Event: 6.359 Executing VM operation: ParallelGCFailedAllocation
Event: 6.368 Executing VM operation: ParallelGCFailedAllocation done
Event: 6.420 Thread 0x000000001926d000 DEOPT PACKING pc=0x0000000002b7c938 sp=0x000000001a5c9fe0
Event: 6.420 Thread 0x000000001926d000 DEOPT UNPACKING pc=0x00000000025a7890 sp=0x000000001a5c9d48 mode 0
Event: 6.514 Executing VM operation: ParallelGCFailedAllocation
Event: 6.522 Executing VM operation: ParallelGCFailedAllocation done


Dynamic libraries:
0x00007ff6208b0000 - 0x00007ff6208e7000 	C:\Program Files\Java\jdk1.8.0_221\bin\java.exe
0x00007ff944220000 - 0x00007ff944410000 	C:\WINDOWS\SYSTEM32\ntdll.dll
0x00007ff9422d0000 - 0x00007ff942382000 	C:\WINDOWS\System32\KERNEL32.DLL
0x00007ff941500000 - 0x00007ff9417a3000 	C:\WINDOWS\System32\KERNELBASE.dll
0x00007ff9427b0000 - 0x00007ff942853000 	C:\WINDOWS\System32\ADVAPI32.dll
0x00007ff943250000 - 0x00007ff9432ee000 	C:\WINDOWS\System32\msvcrt.dll
0x00007ff942f50000 - 0x00007ff942fe7000 	C:\WINDOWS\System32\sechost.dll
0x00007ff943080000 - 0x00007ff9431a0000 	C:\WINDOWS\System32\RPCRT4.dll
0x00007ff9433a0000 - 0x00007ff943534000 	C:\WINDOWS\System32\USER32.dll
0x00007ff9411b0000 - 0x00007ff9411d1000 	C:\WINDOWS\System32\win32u.dll
0x00007ff943540000 - 0x00007ff943566000 	C:\WINDOWS\System32\GDI32.dll
0x00007ff941230000 - 0x00007ff9413c4000 	C:\WINDOWS\System32\gdi32full.dll
0x00007ff942080000 - 0x00007ff94211e000 	C:\WINDOWS\System32\msvcp_win.dll
0x00007ff942120000 - 0x00007ff94221a000 	C:\WINDOWS\System32\ucrtbase.dll
0x00007ff931f90000 - 0x00007ff932215000 	C:\WINDOWS\WinSxS\amd64_microsoft.windows.common-controls_6595b64144ccf1df_6.0.18362.657_none_e6c5b579130e3898\COMCTL32.dll
0x00007ff942460000 - 0x00007ff942796000 	C:\WINDOWS\System32\combase.dll
0x00007ff941480000 - 0x00007ff941500000 	C:\WINDOWS\System32\bcryptPrimitives.dll
0x00007ff944120000 - 0x00007ff94414e000 	C:\WINDOWS\System32\IMM32.DLL
0x00000000571f0000 - 0x00000000572c2000 	C:\Program Files\Java\jdk1.8.0_221\jre\bin\msvcr100.dll
0x00000000562f0000 - 0x0000000056b95000 	C:\Program Files\Java\jdk1.8.0_221\jre\bin\server\jvm.dll
0x00007ff943070000 - 0x00007ff943078000 	C:\WINDOWS\System32\PSAPI.DLL
0x00007ff92dd70000 - 0x00007ff92dd79000 	C:\WINDOWS\SYSTEM32\WSOCK32.dll
0x00007ff943a00000 - 0x00007ff943a6f000 	C:\WINDOWS\System32\WS2_32.dll
0x00007ff93dbf0000 - 0x00007ff93dc14000 	C:\WINDOWS\SYSTEM32\WINMM.dll
0x00007ff930180000 - 0x00007ff93018a000 	C:\WINDOWS\SYSTEM32\VERSION.dll
0x00007ff93da50000 - 0x00007ff93da7d000 	C:\WINDOWS\SYSTEM32\winmmbase.dll
0x00007ff9411e0000 - 0x00007ff94122a000 	C:\WINDOWS\System32\cfgmgr32.dll
0x00007ff93ddf0000 - 0x00007ff93ddff000 	C:\Program Files\Java\jdk1.8.0_221\jre\bin\verify.dll
0x00007ff936fa0000 - 0x00007ff936fc9000 	C:\Program Files\Java\jdk1.8.0_221\jre\bin\java.dll
0x00007ff93a8a0000 - 0x00007ff93a8b6000 	C:\Program Files\Java\jdk1.8.0_221\jre\bin\zip.dll
0x00007ff942860000 - 0x00007ff942f45000 	C:\WINDOWS\System32\SHELL32.dll
0x00007ff9431a0000 - 0x00007ff943249000 	C:\WINDOWS\System32\shcore.dll
0x00007ff9417b0000 - 0x00007ff941f2f000 	C:\WINDOWS\System32\windows.storage.dll
0x00007ff941100000 - 0x00007ff94111f000 	C:\WINDOWS\System32\profapi.dll
0x00007ff941160000 - 0x00007ff9411aa000 	C:\WINDOWS\System32\powrprof.dll
0x00007ff9410f0000 - 0x00007ff941100000 	C:\WINDOWS\System32\UMPDC.dll
0x00007ff943840000 - 0x00007ff943892000 	C:\WINDOWS\System32\shlwapi.dll
0x00007ff941120000 - 0x00007ff941131000 	C:\WINDOWS\System32\kernel.appcore.dll
0x00007ff9422b0000 - 0x00007ff9422c7000 	C:\WINDOWS\System32\cryptsp.dll
0x00007ff93c0e0000 - 0x00007ff93c0ed000 	C:\Program Files\Java\jdk1.8.0_221\jre\bin\management.dll
0x00007ff936f80000 - 0x00007ff936f9a000 	C:\Program Files\Java\jdk1.8.0_221\jre\bin\net.dll
0x00007ff935520000 - 0x00007ff9356f6000 	C:\WINDOWS\SYSTEM32\urlmon.dll
0x00007ff9337c0000 - 0x00007ff933a66000 	C:\WINDOWS\SYSTEM32\iertutil.dll
0x00007ff940b30000 - 0x00007ff940b3c000 	C:\WINDOWS\SYSTEM32\CRYPTBASE.DLL
0x00007ff940960000 - 0x00007ff9409c7000 	C:\WINDOWS\system32\mswsock.dll
0x00007ff936f60000 - 0x00007ff936f72000 	C:\Program Files\Java\jdk1.8.0_221\jre\bin\nio.dll
0x00007ff9222a0000 - 0x00007ff9222b6000 	C:\WINDOWS\system32\napinsp.dll
0x00007ff922280000 - 0x00007ff92229a000 	C:\WINDOWS\system32\pnrpnsp.dll
0x00007ff9406b0000 - 0x00007ff94077a000 	C:\WINDOWS\SYSTEM32\DNSAPI.dll
0x00007ff944150000 - 0x00007ff944158000 	C:\WINDOWS\System32\NSI.dll
0x00007ff940670000 - 0x00007ff9406aa000 	C:\WINDOWS\SYSTEM32\IPHLPAPI.DLL
0x00007ff922270000 - 0x00007ff92227e000 	C:\WINDOWS\System32\winrnr.dll
0x00007ff93d930000 - 0x00007ff93d94c000 	C:\WINDOWS\system32\NLAapi.dll
0x00007ff93c720000 - 0x00007ff93c735000 	C:\WINDOWS\system32\wshbth.dll
0x00007ff928770000 - 0x00007ff92877a000 	C:\Windows\System32\rasadhlp.dll
0x00007ff935f70000 - 0x00007ff935fe7000 	C:\WINDOWS\System32\fwpuclnt.dll
0x00007ff942220000 - 0x00007ff942246000 	C:\WINDOWS\System32\bcrypt.dll
0x00007ff940470000 - 0x00007ff9404a3000 	C:\WINDOWS\system32\rsaenh.dll
0x00007ff941010000 - 0x00007ff941035000 	C:\WINDOWS\SYSTEM32\USERENV.dll
0x00007ff936090000 - 0x00007ff9360a6000 	C:\WINDOWS\SYSTEM32\dhcpcsvc6.DLL
0x00007ff936170000 - 0x00007ff93618c000 	C:\WINDOWS\SYSTEM32\dhcpcsvc.DLL
0x00007ff93a000000 - 0x00007ff93a024000 	C:\Program Files\Java\jdk1.8.0_221\jre\bin\sunec.dll
0x00007ff935480000 - 0x00007ff93548b000 	C:\Program Files\Java\jdk1.8.0_221\jre\bin\sunmscapi.dll
0x00007ff941f30000 - 0x00007ff942079000 	C:\WINDOWS\System32\CRYPT32.dll
0x00007ff941140000 - 0x00007ff941152000 	C:\WINDOWS\System32\MSASN1.dll

VM Arguments:
jvm_args: -Djava.util.logging.config.file=C:\Users\ADMIN\.IntelliJIdea2019.2\system\tomcat\Unnamed_Blog\conf\logging.properties -Djava.util.logging.manager=org.apache.juli.ClassLoaderLogManager -Dcom.sun.management.jmxremote= -Dcom.sun.management.jmxremote.port=1099 -Dcom.sun.management.jmxremote.ssl=false -Dcom.sun.management.jmxremote.password.file=C:\Users\ADMIN\.IntelliJIdea2019.2\system\tomcat\Unnamed_Blog\jmxremote.password -Dcom.sun.management.jmxremote.access.file=C:\Users\ADMIN\.IntelliJIdea2019.2\system\tomcat\Unnamed_Blog\jmxremote.access -Djava.rmi.server.hostname=127.0.0.1 -Djdk.tls.ephemeralDHKeySize=2048 -Djava.protocol.handler.pkgs=org.apache.catalina.webresources -Dignore.endorsed.dirs= -Dcatalina.base=C:\Users\ADMIN\.IntelliJIdea2019.2\system\tomcat\Unnamed_Blog -Dcatalina.home=D:\MyCode\apache-tomcat-9.0.36 -Djava.io.tmpdir=D:\MyCode\apache-tomcat-9.0.36\temp 
java_command: org.apache.catalina.startup.Bootstrap start
java_class_path (initial): D:\MyCode\apache-tomcat-9.0.36\bin\bootstrap.jar;D:\MyCode\apache-tomcat-9.0.36\bin\tomcat-juli.jar
Launcher Type: SUN_STANDARD

Environment Variables:
JAVA_HOME=C:\Program Files\Java\jdk1.8.0_221
JRE_HOME=C:\Program Files\Java\jdk1.8.0_221
CLASSPATH=D:\MyCode\apache-tomcat-9.0.36\bin\bootstrap.jar;D:\MyCode\apache-tomcat-9.0.36\bin\tomcat-juli.jar
PATH=D:\IntelliJ IDEA 2019.2\jbr\\bin;D:\IntelliJ IDEA 2019.2\jbr\\bin\server;C:\Program Files\Microsoft MPI\Bin\;C:\Program Files (x86)\Common Files\Oracle\Java\javapath;C:\WINDOWS\system32;C:\WINDOWS;C:\WINDOWS\System32\Wbem;C:\WINDOWS\System32\WindowsPowerShell\v1.0\;C:\Program Files\Git\cmd;C:\WINDOWS\System32\OpenSSH\;C:\Program Files\dotnet\;C:\Program Files (x86)\Microsoft SQL Server\150\DTS\Binn\;C:\Program Files (x86)\Microsoft SQL Server\150\Tools\Binn\;G:\cc\Microsoft SQL Server\150\Tools\Binn\;G:\cc\Microsoft SQL Server\150\DTS\Binn\;G:\cc\Microsoft SQL Server\Client SDK\ODBC\170\Tools\Binn\;C:\Program Files\Microsoft SQL Server\130\Tools\Binn\;C:\Program Files\MySQL\MySQL Shell 8.0\bin\;C:\Users\ADMIN\AppData\Local\Microsoft\WindowsApps;C:\Users\ADMIN\.dotnet\tools;C:\Users\ADMIN\AppData\Local\GitHubDesktop\bin
USERNAME=ADMIN
OS=Windows_NT
PROCESSOR_IDENTIFIER=Intel64 Family 6 Model 78 Stepping 3, GenuineIntel



---------------  S Y S T E M  ---------------

OS: Windows 10.0 , 64 bit Build 18362 (10.0.18362.329)

CPU:total 4 (initial active 4) (2 cores per cpu, 2 threads per core) family 6 model 78 stepping 3, cmov, cx8, fxsr, mmx, sse, sse2, sse3, ssse3, sse4.1, sse4.2, popcnt, avx, avx2, aes, clmul, erms, 3dnowpref, lzcnt, ht, tsc, tscinvbit, bmi1, bmi2, adx

Memory: 4k page, physical 8244800k(2229432k free), swap 11392260k(5132k free)

vm_info: Java HotSpot(TM) 64-Bit Server VM (25.221-b11) for windows-amd64 JRE (1.8.0_221-b11), built on Jul  4 2019 04:39:29 by "java_re" with MS VC++ 10.0 (VS2010)

time: Mon Jun 15 11:40:45 2020
timezone: SE Asia Standard Time
elapsed time: 6 seconds (0d 0h 0m 6s)

