#
# There is insufficient memory for the Java Runtime Environment to continue.
# Native memory allocation (malloc) failed to allocate 770576 bytes for Chunk::new
# Possible reasons:
#   The system is out of physical RAM or swap space
#   The process is running with CompressedOops enabled, and the Java Heap may be blocking the growth of the native heap
# Possible solutions:
#   Reduce memory load on the system
#   Increase physical memory or swap space
#   Check if swap backing store is full
#   Decrease Java heap size (-Xmx/-Xms)
#   Decrease number of Java threads
#   Decrease Java thread stack sizes (-Xss)
#   Set larger code cache with -XX:ReservedCodeCacheSize=
#   JVM is running with Unscaled Compressed Oops mode in which the Java heap is
#     placed in the first 4GB address space. The Java Heap base address is the
#     maximum limit for the native heap growth. Please use -XX:HeapBaseMinAddress
#     to set the Java Heap base and to place the Java Heap above 4GB virtual address.
# This output file may be truncated or incomplete.
#
#  Out of Memory Error (allocation.cpp:389), pid=8648, tid=0x00000000000005f4
#
# JRE version: Java(TM) SE Runtime Environment (8.0_221-b11) (build 1.8.0_221-b11)
# Java VM: Java HotSpot(TM) 64-Bit Server VM (25.221-b11 mixed mode windows-amd64 compressed oops)
# Failed to write core dump. Minidumps are not enabled by default on client versions of Windows
#

---------------  T H R E A D  ---------------

Current thread (0x00000000174b0800):  JavaThread "C2 CompilerThread0" daemon [_thread_in_native, id=1524, stack(0x0000000018b00000,0x0000000018c00000)]

Stack: [0x0000000018b00000,0x0000000018c00000]
[error occurred during error reporting (printing stack bounds), id 0xc0000005]

Native frames: (J=compiled Java code, j=interpreted, Vv=VM code, C=native code)


Current CompileTask:
C2:   5685 1961       4       org.apache.catalina.startup.ContextConfig::populateSCIsForCacheEntry (202 bytes)


---------------  P R O C E S S  ---------------

Java Threads: ( => current thread )
  0x000000001b0bb800 JavaThread "JMX server connection timeout 42" daemon [_thread_blocked, id=3344, stack(0x000000001d250000,0x000000001d350000)]
  0x000000001b0ba000 JavaThread "RMI TCP Connection(5)-127.0.0.1" daemon [_thread_in_vm, id=3824, stack(0x000000001d150000,0x000000001d250000)]
  0x000000001b0bf000 JavaThread "http-nio-8080-Acceptor" daemon [_thread_in_native, id=2772, stack(0x000000001d050000,0x000000001d150000)]
  0x000000001b0bc000 JavaThread "http-nio-8080-ClientPoller" daemon [_thread_in_native, id=2676, stack(0x000000001cf50000,0x000000001d050000)]
  0x000000001b0c0000 JavaThread "http-nio-8080-exec-10" daemon [_thread_blocked, id=11348, stack(0x000000001ce50000,0x000000001cf50000)]
  0x000000001b0be800 JavaThread "http-nio-8080-exec-9" daemon [_thread_blocked, id=10900, stack(0x000000001cd50000,0x000000001ce50000)]
  0x000000001ab65800 JavaThread "http-nio-8080-exec-8" daemon [_thread_blocked, id=10684, stack(0x000000001cc50000,0x000000001cd50000)]
  0x000000001ab67800 JavaThread "http-nio-8080-exec-7" daemon [_thread_blocked, id=9116, stack(0x000000001cb50000,0x000000001cc50000)]
  0x000000001ab6a000 JavaThread "http-nio-8080-exec-6" daemon [_thread_blocked, id=11316, stack(0x000000001ca50000,0x000000001cb50000)]
  0x000000001ab69000 JavaThread "http-nio-8080-exec-5" daemon [_thread_blocked, id=13040, stack(0x000000001c950000,0x000000001ca50000)]
  0x000000001ab66000 JavaThread "http-nio-8080-exec-4" daemon [_thread_blocked, id=11788, stack(0x000000001c850000,0x000000001c950000)]
  0x000000001ab67000 JavaThread "http-nio-8080-exec-3" daemon [_thread_blocked, id=700, stack(0x000000001c750000,0x000000001c850000)]
  0x000000001ab64800 JavaThread "http-nio-8080-exec-2" daemon [_thread_blocked, id=2424, stack(0x000000001c550000,0x000000001c650000)]
  0x000000001ab64000 JavaThread "http-nio-8080-exec-1" daemon [_thread_blocked, id=12368, stack(0x000000001c450000,0x000000001c550000)]
  0x000000001ab68800 JavaThread "Catalina-utility-2" [_thread_blocked, id=8736, stack(0x000000001c350000,0x000000001c450000)]
  0x000000001ab6a800 JavaThread "Catalina-utility-1" [_thread_blocked, id=7816, stack(0x000000001c250000,0x000000001c350000)]
  0x000000001a9f6000 JavaThread "http-nio-8080-BlockPoller" daemon [_thread_in_native, id=11208, stack(0x000000001be10000,0x000000001bf10000)]
  0x0000000019a79800 JavaThread "GC Daemon" daemon [_thread_blocked, id=11572, stack(0x000000001bb10000,0x000000001bc10000)]
  0x00000000199d7800 JavaThread "RMI Scheduler(0)" daemon [_thread_blocked, id=5804, stack(0x000000001ba10000,0x000000001bb10000)]
  0x0000000019aeb800 JavaThread "RMI TCP Connection(2)-127.0.0.1" daemon [_thread_in_native, id=3316, stack(0x000000001b910000,0x000000001ba10000)]
  0x00000000197a0000 JavaThread "RMI TCP Connection(4)-127.0.0.1" daemon [_thread_in_native, id=8460, stack(0x000000001b810000,0x000000001b910000)]
  0x00000000195b9000 JavaThread "RMI TCP Accept-0" daemon [_thread_in_native, id=7320, stack(0x000000001a440000,0x000000001a540000)]
  0x00000000195b5000 JavaThread "RMI TCP Accept-1099" daemon [_thread_in_native, id=10192, stack(0x000000001a340000,0x000000001a440000)]
  0x0000000019572800 JavaThread "RMI TCP Accept-0" daemon [_thread_in_native, id=8756, stack(0x000000001a040000,0x000000001a140000)]
  0x0000000019165000 JavaThread "FileHandlerLogFilesCleaner-1" daemon [_thread_blocked, id=1692, stack(0x0000000019400000,0x0000000019500000)]
  0x0000000018ed2000 JavaThread "AsyncFileHandlerWriter-1625635731" daemon [_thread_blocked, id=12864, stack(0x0000000019300000,0x0000000019400000)]
  0x0000000018e36000 JavaThread "Service Thread" daemon [_thread_blocked, id=2100, stack(0x0000000019200000,0x0000000019300000)]
  0x00000000174c3800 JavaThread "C1 CompilerThread2" daemon [_thread_blocked, id=12676, stack(0x0000000018d00000,0x0000000018e00000)]
  0x00000000174b7000 JavaThread "C2 CompilerThread1" daemon [_thread_in_native, id=5308, stack(0x0000000018c00000,0x0000000018d00000)]
=>0x00000000174b0800 JavaThread "C2 CompilerThread0" daemon [_thread_in_native, id=1524, stack(0x0000000018b00000,0x0000000018c00000)]
  0x00000000174af000 JavaThread "Attach Listener" daemon [_thread_blocked, id=4820, stack(0x0000000018a00000,0x0000000018b00000)]
  0x00000000174ad800 JavaThread "Signal Dispatcher" daemon [_thread_blocked, id=8904, stack(0x0000000018900000,0x0000000018a00000)]
  0x00000000029d7800 JavaThread "Finalizer" daemon [_thread_blocked, id=4592, stack(0x0000000018700000,0x0000000018800000)]
  0x000000001749a000 JavaThread "Reference Handler" daemon [_thread_blocked, id=11804, stack(0x0000000018600000,0x0000000018700000)]
  0x00000000028e3800 JavaThread "main" [_thread_in_native, id=10304, stack(0x0000000002780000,0x0000000002880000)]

Other Threads:
  0x0000000017477800 VMThread [stack: 0x0000000018500000,0x0000000018600000] [id=5756]
  0x00000000195bb800 WatcherThread [stack: 0x000000001a540000,0x000000001a640000] [id=1064]

VM state:not at safepoint (normal execution)

VM Mutex/Monitor currently owned by a thread: None

heap address: 0x0000000082200000, size: 2014 MB, Compressed Oops mode: 32-bit
Narrow klass base: 0x0000000000000000, Narrow klass shift: 3
Compressed class space size: 1073741824 Address: 0x0000000100000000

Heap:
 PSYoungGen      total 37888K, used 7663K [0x00000000d6100000, 0x00000000d8b00000, 0x0000000100000000)
  eden space 32768K, 7% used [0x00000000d6100000,0x00000000d6382b70,0x00000000d8100000)
  from space 5120K, 99% used [0x00000000d8100000,0x00000000d85f9340,0x00000000d8600000)
  to   space 5120K, 0% used [0x00000000d8600000,0x00000000d8600000,0x00000000d8b00000)
 ParOldGen       total 86016K, used 28861K [0x0000000082200000, 0x0000000087600000, 0x00000000d6100000)
  object space 86016K, 33% used [0x0000000082200000,0x0000000083e2f678,0x0000000087600000)
 Metaspace       used 17848K, capacity 18290K, committed 18560K, reserved 1064960K
  class space    used 2004K, capacity 2116K, committed 2176K, reserved 1048576K

Card table byte_map: [0x0000000011da0000,0x0000000012190000] byte_map_base: 0x000000001198f000

Marking Bits: (ParMarkBitMap*) 0x0000000056b15ce0
 Begin Bits: [0x0000000012830000, 0x00000000147a8000)
 End Bits:   [0x00000000147a8000, 0x0000000016720000)

Polling page: 0x00000000005f0000

CodeCache: size=245760Kb used=7480Kb max_used=7486Kb free=238279Kb
 bounds [0x00000000029e0000, 0x0000000003140000, 0x00000000119e0000]
 total_blobs=2364 nmethods=1961 adapters=315
 compilation: enabled

Compilation events (10 events):
Event: 5.537 Thread 0x00000000174c3800 nmethod 1956 0x0000000003109f10 code [0x000000000310a0a0, 0x000000000310a3b8]
Event: 5.553 Thread 0x00000000174b0800 1957       4       org.apache.tomcat.util.scan.JarFileUrlJar::nextEntry (218 bytes)
Event: 5.565 Thread 0x00000000174b0800 nmethod 1957 0x00000000031266d0 code [0x00000000031268a0, 0x0000000003127390]
Event: 5.583 Thread 0x00000000174b0800 1958       4       org.apache.tomcat.util.scan.JarFileUrlJar::getEntryName (17 bytes)
Event: 5.583 Thread 0x00000000174b0800 nmethod 1958 0x0000000003105950 code [0x0000000003105a80, 0x0000000003105af8]
Event: 5.618 Thread 0x00000000174b0800 1961       4       org.apache.catalina.startup.ContextConfig::populateSCIsForCacheEntry (202 bytes)
Event: 5.622 Thread 0x00000000174c3800 1963       3       java.util.HashMap::putMapEntries (154 bytes)
Event: 5.623 Thread 0x00000000174c3800 nmethod 1963 0x000000000312c7d0 code [0x000000000312ca40, 0x000000000312d7a8]
Event: 5.623 Thread 0x00000000174c3800 1962       3       java.util.HashMap::putAll (7 bytes)
Event: 5.623 Thread 0x00000000174c3800 nmethod 1962 0x000000000312b490 code [0x000000000312b600, 0x000000000312b808]

GC Heap History (10 events):
Event: 4.942 GC heap before
{Heap before GC invocations=5 (full 0):
 PSYoungGen      total 37888K, used 37883K [0x00000000d6100000, 0x00000000d8b00000, 0x0000000100000000)
  eden space 32768K, 100% used [0x00000000d6100000,0x00000000d8100000,0x00000000d8100000)
  from space 5120K, 99% used [0x00000000d8600000,0x00000000d8afeca8,0x00000000d8b00000)
  to   space 5120K, 0% used [0x00000000d8100000,0x00000000d8100000,0x00000000d8600000)
 ParOldGen       total 86016K, used 10491K [0x0000000082200000, 0x0000000087600000, 0x00000000d6100000)
  object space 86016K, 12% used [0x0000000082200000,0x0000000082c3eed0,0x0000000087600000)
 Metaspace       used 17810K, capacity 18158K, committed 18304K, reserved 1064960K
  class space    used 2003K, capacity 2116K, committed 2176K, reserved 1048576K
Event: 4.954 GC heap after
Heap after GC invocations=5 (full 0):
 PSYoungGen      total 37888K, used 5099K [0x00000000d6100000, 0x00000000d8b00000, 0x0000000100000000)
  eden space 32768K, 0% used [0x00000000d6100000,0x00000000d6100000,0x00000000d8100000)
  from space 5120K, 99% used [0x00000000d8100000,0x00000000d85facb8,0x00000000d8600000)
  to   space 5120K, 0% used [0x00000000d8600000,0x00000000d8600000,0x00000000d8b00000)
 ParOldGen       total 86016K, used 14971K [0x0000000082200000, 0x0000000087600000, 0x00000000d6100000)
  object space 86016K, 17% used [0x0000000082200000,0x000000008309eec0,0x0000000087600000)
 Metaspace       used 17810K, capacity 18158K, committed 18304K, reserved 1064960K
  class space    used 2003K, capacity 2116K, committed 2176K, reserved 1048576K
}
Event: 5.071 GC heap before
{Heap before GC invocations=6 (full 0):
 PSYoungGen      total 37888K, used 37867K [0x00000000d6100000, 0x00000000d8b00000, 0x0000000100000000)
  eden space 32768K, 100% used [0x00000000d6100000,0x00000000d8100000,0x00000000d8100000)
  from space 5120K, 99% used [0x00000000d8100000,0x00000000d85facb8,0x00000000d8600000)
  to   space 5120K, 0% used [0x00000000d8600000,0x00000000d8600000,0x00000000d8b00000)
 ParOldGen       total 86016K, used 14971K [0x0000000082200000, 0x0000000087600000, 0x00000000d6100000)
  object space 86016K, 17% used [0x0000000082200000,0x000000008309eec0,0x0000000087600000)
 Metaspace       used 17813K, capacity 18158K, committed 18304K, reserved 1064960K
  class space    used 2003K, capacity 2116K, committed 2176K, reserved 1048576K
Event: 5.083 GC heap after
Heap after GC invocations=6 (full 0):
 PSYoungGen      total 37888K, used 5099K [0x00000000d6100000, 0x00000000d8b00000, 0x0000000100000000)
  eden space 32768K, 0% used [0x00000000d6100000,0x00000000d6100000,0x00000000d8100000)
  from space 5120K, 99% used [0x00000000d8600000,0x00000000d8afac98,0x00000000d8b00000)
  to   space 5120K, 0% used [0x00000000d8100000,0x00000000d8100000,0x00000000d8600000)
 ParOldGen       total 86016K, used 20852K [0x0000000082200000, 0x0000000087600000, 0x00000000d6100000)
  object space 86016K, 24% used [0x0000000082200000,0x000000008365d0f8,0x0000000087600000)
 Metaspace       used 17813K, capacity 18158K, committed 18304K, reserved 1064960K
  class space    used 2003K, capacity 2116K, committed 2176K, reserved 1048576K
}
Event: 5.221 GC heap before
{Heap before GC invocations=7 (full 0):
 PSYoungGen      total 37888K, used 37867K [0x00000000d6100000, 0x00000000d8b00000, 0x0000000100000000)
  eden space 32768K, 100% used [0x00000000d6100000,0x00000000d8100000,0x00000000d8100000)
  from space 5120K, 99% used [0x00000000d8600000,0x00000000d8afac98,0x00000000d8b00000)
  to   space 5120K, 0% used [0x00000000d8100000,0x00000000d8100000,0x00000000d8600000)
 ParOldGen       total 86016K, used 20852K [0x0000000082200000, 0x0000000087600000, 0x00000000d6100000)
  object space 86016K, 24% used [0x0000000082200000,0x000000008365d0f8,0x0000000087600000)
 Metaspace       used 17819K, capacity 18222K, committed 18560K, reserved 1064960K
  class space    used 2003K, capacity 2116K, committed 2176K, reserved 1048576K
Event: 5.232 GC heap after
Heap after GC invocations=7 (full 0):
 PSYoungGen      total 37888K, used 5097K [0x00000000d6100000, 0x00000000d8b00000, 0x0000000100000000)
  eden space 32768K, 0% used [0x00000000d6100000,0x00000000d6100000,0x00000000d8100000)
  from space 5120K, 99% used [0x00000000d8100000,0x00000000d85fa7c8,0x00000000d8600000)
  to   space 5120K, 0% used [0x00000000d8600000,0x00000000d8600000,0x00000000d8b00000)
 ParOldGen       total 86016K, used 26394K [0x0000000082200000, 0x0000000087600000, 0x00000000d6100000)
  object space 86016K, 30% used [0x0000000082200000,0x0000000083bc6ac0,0x0000000087600000)
 Metaspace       used 17819K, capacity 18222K, committed 18560K, reserved 1064960K
  class space    used 2003K, capacity 2116K, committed 2176K, reserved 1048576K
}
Event: 5.442 GC heap before
{Heap before GC invocations=8 (full 0):
 PSYoungGen      total 37888K, used 37865K [0x00000000d6100000, 0x00000000d8b00000, 0x0000000100000000)
  eden space 32768K, 100% used [0x00000000d6100000,0x00000000d8100000,0x00000000d8100000)
  from space 5120K, 99% used [0x00000000d8100000,0x00000000d85fa7c8,0x00000000d8600000)
  to   space 5120K, 0% used [0x00000000d8600000,0x00000000d8600000,0x00000000d8b00000)
 ParOldGen       total 86016K, used 26394K [0x0000000082200000, 0x0000000087600000, 0x00000000d6100000)
  object space 86016K, 30% used [0x0000000082200000,0x0000000083bc6ac0,0x0000000087600000)
 Metaspace       used 17845K, capacity 18290K, committed 18560K, reserved 1064960K
  class space    used 2004K, capacity 2116K, committed 2176K, reserved 1048576K
Event: 5.450 GC heap after
Heap after GC invocations=8 (full 0):
 PSYoungGen      total 37888K, used 4963K [0x00000000d6100000, 0x00000000d8b00000, 0x0000000100000000)
  eden space 32768K, 0% used [0x00000000d6100000,0x00000000d6100000,0x00000000d8100000)
  from space 5120K, 96% used [0x00000000d8600000,0x00000000d8ad8fa0,0x00000000d8b00000)
  to   space 5120K, 0% used [0x00000000d8100000,0x00000000d8100000,0x00000000d8600000)
 ParOldGen       total 86016K, used 27397K [0x0000000082200000, 0x0000000087600000, 0x00000000d6100000)
  object space 86016K, 31% used [0x0000000082200000,0x0000000083cc15b0,0x0000000087600000)
 Metaspace       used 17845K, capacity 18290K, committed 18560K, reserved 1064960K
  class space    used 2004K, capacity 2116K, committed 2176K, reserved 1048576K
}
Event: 5.663 GC heap before
{Heap before GC invocations=9 (full 0):
 PSYoungGen      total 37888K, used 37731K [0x00000000d6100000, 0x00000000d8b00000, 0x0000000100000000)
  eden space 32768K, 100% used [0x00000000d6100000,0x00000000d8100000,0x00000000d8100000)
  from space 5120K, 96% used [0x00000000d8600000,0x00000000d8ad8fa0,0x00000000d8b00000)
  to   space 5120K, 0% used [0x00000000d8100000,0x00000000d8100000,0x00000000d8600000)
 ParOldGen       total 86016K, used 27397K [0x0000000082200000, 0x0000000087600000, 0x00000000d6100000)
  object space 86016K, 31% used [0x0000000082200000,0x0000000083cc15b0,0x0000000087600000)
 Metaspace       used 17848K, capacity 18290K, committed 18560K, reserved 1064960K
  class space    used 2004K, capacity 2116K, committed 2176K, reserved 1048576K
Event: 5.669 GC heap after
Heap after GC invocations=9 (full 0):
 PSYoungGen      total 37888K, used 5092K [0x00000000d6100000, 0x00000000d8b00000, 0x0000000100000000)
  eden space 32768K, 0% used [0x00000000d6100000,0x00000000d6100000,0x00000000d8100000)
  from space 5120K, 99% used [0x00000000d8100000,0x00000000d85f9340,0x00000000d8600000)
  to   space 5120K, 0% used [0x00000000d8600000,0x00000000d8600000,0x00000000d8b00000)
 ParOldGen       total 86016K, used 28861K [0x0000000082200000, 0x0000000087600000, 0x00000000d6100000)
  object space 86016K, 33% used [0x0000000082200000,0x0000000083e2f678,0x0000000087600000)
 Metaspace       used 17848K, capacity 18290K, committed 18560K, reserved 1064960K
  class space    used 2004K, capacity 2116K, committed 2176K, reserved 1048576K
}

Deoptimization events (10 events):
Event: 2.700 Thread 0x000000001b0ba000 Uncommon trap: reason=class_check action=maybe_recompile pc=0x0000000002f1614c method=java.io.FilterInputStream.read([B)I @ 5
Event: 2.716 Thread 0x000000001b0ba000 Uncommon trap: reason=null_check action=make_not_entrant pc=0x0000000002eec2d0 method=java.lang.StringCoding.deref(Ljava/lang/ThreadLocal;)Ljava/lang/Object; @ 4
Event: 4.159 Thread 0x000000001b0ba000 Uncommon trap: reason=class_check action=maybe_recompile pc=0x0000000002f1614c method=java.io.FilterInputStream.read([B)I @ 5
Event: 4.161 Thread 0x000000001b0ba000 Uncommon trap: reason=class_check action=maybe_recompile pc=0x0000000002f1614c method=java.io.FilterInputStream.read([B)I @ 5
Event: 4.320 Thread 0x000000001b0ba000 Uncommon trap: reason=unstable_if action=reinterpret pc=0x0000000002eabce8 method=com.sun.org.apache.xerces.internal.impl.XMLEntityScanner.arrangeCapacity(IZ)Z @ 59
Event: 4.360 Thread 0x000000001b0ba000 Uncommon trap: reason=unstable_if action=reinterpret pc=0x0000000002d8f698 method=com.sun.org.apache.xerces.internal.impl.XMLEntityScanner.skipSpaces()Z @ 72
Event: 5.162 Thread 0x000000001b0ba000 Uncommon trap: reason=unstable_if action=reinterpret pc=0x000000000302e1c8 method=java.io.DataInputStream.readUTF(Ljava/io/DataInput;)Ljava/lang/String; @ 112
Event: 5.162 Thread 0x000000001b0ba000 Uncommon trap: reason=unstable_if action=reinterpret pc=0x0000000002ff7d3c method=java.io.DataInputStream.readUTF(Ljava/io/DataInput;)Ljava/lang/String; @ 112
Event: 5.373 Thread 0x000000001b0ba000 Uncommon trap: reason=unstable_if action=reinterpret pc=0x00000000030d723c method=org.apache.catalina.startup.ContextConfig.getSCIsForClass(Ljava/lang/String;)Ljava/util/Set; @ 62
Event: 5.374 Thread 0x000000001b0ba000 Uncommon trap: reason=class_check action=maybe_recompile pc=0x00000000030cc414 method=java.util.AbstractCollection.addAll(Ljava/util/Collection;)Z @ 3

Classes redefined (0 events):
No events

Internal exceptions (10 events):
Event: 2.213 Thread 0x000000001b0ba000 Exception <a 'java/lang/reflect/InvocationTargetException'> (0x00000000d6b97470) thrown at [C:\re\workspace\8-2-build-windows-amd64-cygwin\jdk8u221\13320\hotspot\src\share\vm\runtime\reflection.cpp, line 1092]
Event: 2.373 Thread 0x000000001b0ba000 Exception <a 'java/io/FileNotFoundException'> (0x00000000d6d887a8) thrown at [C:\re\workspace\8-2-build-windows-amd64-cygwin\jdk8u221\13320\hotspot\src\share\vm\prims\jni.cpp, line 710]
Event: 2.702 Thread 0x000000001b0ba000 Implicit null exception at 0x0000000002d65a21 to 0x0000000002d68110
Event: 2.702 Thread 0x000000001b0ba000 Exception <a 'java/lang/NullPointerException'> (0x00000000d6f57d98) thrown at [C:\re\workspace\8-2-build-windows-amd64-cygwin\jdk8u221\13320\hotspot\src\share\vm\runtime\sharedRuntime.cpp, line 605]
Event: 2.702 Thread 0x000000001b0ba000 Implicit null exception at 0x0000000002d65a21 to 0x0000000002d68110
Event: 2.702 Thread 0x000000001b0ba000 Exception <a 'java/lang/NullPointerException'> (0x00000000d6f58370) thrown at [C:\re\workspace\8-2-build-windows-amd64-cygwin\jdk8u221\13320\hotspot\src\share\vm\runtime\sharedRuntime.cpp, line 605]
Event: 2.716 Thread 0x000000001b0ba000 Implicit null exception at 0x0000000002ee96af to 0x0000000002eec2ad
Event: 2.722 Thread 0x000000001b0ba000 Exception <a 'java/lang/ClassNotFoundException': org/apache/catalina/webresources/file/Handler> (0x00000000d6feec98) thrown at [C:\re\workspace\8-2-build-windows-amd64-cygwin\jdk8u221\13320\hotspot\src\share\vm\classfile\systemDictionary.cpp, line 210]
Event: 4.215 Thread 0x000000001b0ba000 Exception <a 'java/lang/ClassNotFoundException': org/apache/catalina/webresources/jar/Handler> (0x00000000d73ef7a0) thrown at [C:\re\workspace\8-2-build-windows-amd64-cygwin\jdk8u221\13320\hotspot\src\share\vm\classfile\systemDictionary.cpp, line 210]
Event: 4.297 Thread 0x000000001b0ba000 Exception <a 'java/io/FileNotFoundException'> (0x00000000d767b990) thrown at [C:\re\workspace\8-2-build-windows-amd64-cygwin\jdk8u221\13320\hotspot\src\share\vm\prims\jni.cpp, line 710]

Events (10 events):
Event: 5.670 Executing VM operation: RevokeBias
Event: 5.670 Executing VM operation: RevokeBias done
Event: 5.670 Executing VM operation: RevokeBias
Event: 5.670 Executing VM operation: RevokeBias done
Event: 5.670 Executing VM operation: RevokeBias
Event: 5.671 Executing VM operation: RevokeBias done
Event: 5.671 Executing VM operation: RevokeBias
Event: 5.671 Executing VM operation: RevokeBias done
Event: 5.671 Executing VM operation: RevokeBias
Event: 5.671 Executing VM operation: RevokeBias done


Dynamic libraries:
0x00007ff6208b0000 - 0x00007ff6208e7000 	C:\Program Files\Java\jdk1.8.0_221\bin\java.exe
0x00007ff944220000 - 0x00007ff944410000 	C:\WINDOWS\SYSTEM32\ntdll.dll
0x00007ff9422d0000 - 0x00007ff942382000 	C:\WINDOWS\System32\KERNEL32.DLL
0x00007ff941500000 - 0x00007ff9417a3000 	C:\WINDOWS\System32\KERNELBASE.dll
0x00007ff9427b0000 - 0x00007ff942853000 	C:\WINDOWS\System32\ADVAPI32.dll
0x00007ff943250000 - 0x00007ff9432ee000 	C:\WINDOWS\System32\msvcrt.dll
0x00007ff942f50000 - 0x00007ff942fe7000 	C:\WINDOWS\System32\sechost.dll
0x00007ff943080000 - 0x00007ff9431a0000 	C:\WINDOWS\System32\RPCRT4.dll
0x00007ff9433a0000 - 0x00007ff943534000 	C:\WINDOWS\System32\USER32.dll
0x00007ff9411b0000 - 0x00007ff9411d1000 	C:\WINDOWS\System32\win32u.dll
0x00007ff943540000 - 0x00007ff943566000 	C:\WINDOWS\System32\GDI32.dll
0x00007ff941230000 - 0x00007ff9413c4000 	C:\WINDOWS\System32\gdi32full.dll
0x00007ff942080000 - 0x00007ff94211e000 	C:\WINDOWS\System32\msvcp_win.dll
0x00007ff942120000 - 0x00007ff94221a000 	C:\WINDOWS\System32\ucrtbase.dll
0x00007ff931f90000 - 0x00007ff932215000 	C:\WINDOWS\WinSxS\amd64_microsoft.windows.common-controls_6595b64144ccf1df_6.0.18362.657_none_e6c5b579130e3898\COMCTL32.dll
0x00007ff942460000 - 0x00007ff942796000 	C:\WINDOWS\System32\combase.dll
0x00007ff941480000 - 0x00007ff941500000 	C:\WINDOWS\System32\bcryptPrimitives.dll
0x00007ff944120000 - 0x00007ff94414e000 	C:\WINDOWS\System32\IMM32.DLL
0x00000000571f0000 - 0x00000000572c2000 	C:\Program Files\Java\jdk1.8.0_221\jre\bin\msvcr100.dll
0x00000000562f0000 - 0x0000000056b95000 	C:\Program Files\Java\jdk1.8.0_221\jre\bin\server\jvm.dll
0x00007ff943070000 - 0x00007ff943078000 	C:\WINDOWS\System32\PSAPI.DLL
0x00007ff93dbf0000 - 0x00007ff93dc14000 	C:\WINDOWS\SYSTEM32\WINMM.dll
0x00007ff92dd70000 - 0x00007ff92dd79000 	C:\WINDOWS\SYSTEM32\WSOCK32.dll
0x00007ff930180000 - 0x00007ff93018a000 	C:\WINDOWS\SYSTEM32\VERSION.dll
0x00007ff943a00000 - 0x00007ff943a6f000 	C:\WINDOWS\System32\WS2_32.dll
0x00007ff93da50000 - 0x00007ff93da7d000 	C:\WINDOWS\SYSTEM32\WINMMBASE.dll
0x00007ff9411e0000 - 0x00007ff94122a000 	C:\WINDOWS\System32\cfgmgr32.dll
0x00007ff93ddf0000 - 0x00007ff93ddff000 	C:\Program Files\Java\jdk1.8.0_221\jre\bin\verify.dll
0x00007ff936fa0000 - 0x00007ff936fc9000 	C:\Program Files\Java\jdk1.8.0_221\jre\bin\java.dll
0x00007ff93a8a0000 - 0x00007ff93a8b6000 	C:\Program Files\Java\jdk1.8.0_221\jre\bin\zip.dll
0x00007ff942860000 - 0x00007ff942f45000 	C:\WINDOWS\System32\SHELL32.dll
0x00007ff9431a0000 - 0x00007ff943249000 	C:\WINDOWS\System32\shcore.dll
0x00007ff9417b0000 - 0x00007ff941f2f000 	C:\WINDOWS\System32\windows.storage.dll
0x00007ff941100000 - 0x00007ff94111f000 	C:\WINDOWS\System32\profapi.dll
0x00007ff941160000 - 0x00007ff9411aa000 	C:\WINDOWS\System32\powrprof.dll
0x00007ff9410f0000 - 0x00007ff941100000 	C:\WINDOWS\System32\UMPDC.dll
0x00007ff943840000 - 0x00007ff943892000 	C:\WINDOWS\System32\shlwapi.dll
0x00007ff941120000 - 0x00007ff941131000 	C:\WINDOWS\System32\kernel.appcore.dll
0x00007ff9422b0000 - 0x00007ff9422c7000 	C:\WINDOWS\System32\cryptsp.dll
0x00007ff93c0e0000 - 0x00007ff93c0ed000 	C:\Program Files\Java\jdk1.8.0_221\jre\bin\management.dll
0x00007ff936f80000 - 0x00007ff936f9a000 	C:\Program Files\Java\jdk1.8.0_221\jre\bin\net.dll
0x00007ff935520000 - 0x00007ff9356f6000 	C:\WINDOWS\SYSTEM32\urlmon.dll
0x00007ff9337c0000 - 0x00007ff933a66000 	C:\WINDOWS\SYSTEM32\iertutil.dll
0x00007ff940b30000 - 0x00007ff940b3c000 	C:\WINDOWS\SYSTEM32\CRYPTBASE.DLL
0x00007ff940960000 - 0x00007ff9409c7000 	C:\WINDOWS\system32\mswsock.dll
0x00007ff936f60000 - 0x00007ff936f72000 	C:\Program Files\Java\jdk1.8.0_221\jre\bin\nio.dll
0x00007ff9222a0000 - 0x00007ff9222b6000 	C:\WINDOWS\system32\napinsp.dll
0x00007ff922280000 - 0x00007ff92229a000 	C:\WINDOWS\system32\pnrpnsp.dll
0x00007ff9406b0000 - 0x00007ff94077a000 	C:\WINDOWS\SYSTEM32\DNSAPI.dll
0x00007ff944150000 - 0x00007ff944158000 	C:\WINDOWS\System32\NSI.dll
0x00007ff940670000 - 0x00007ff9406aa000 	C:\WINDOWS\SYSTEM32\IPHLPAPI.DLL
0x00007ff922270000 - 0x00007ff92227e000 	C:\WINDOWS\System32\winrnr.dll
0x00007ff93d930000 - 0x00007ff93d94c000 	C:\WINDOWS\system32\NLAapi.dll
0x00007ff93c720000 - 0x00007ff93c735000 	C:\WINDOWS\system32\wshbth.dll
0x00007ff928770000 - 0x00007ff92877a000 	C:\Windows\System32\rasadhlp.dll
0x00007ff935f70000 - 0x00007ff935fe7000 	C:\WINDOWS\System32\fwpuclnt.dll
0x00007ff942220000 - 0x00007ff942246000 	C:\WINDOWS\System32\bcrypt.dll
0x00007ff940470000 - 0x00007ff9404a3000 	C:\WINDOWS\system32\rsaenh.dll
0x00007ff941010000 - 0x00007ff941035000 	C:\WINDOWS\SYSTEM32\USERENV.dll
0x00007ff936090000 - 0x00007ff9360a6000 	C:\WINDOWS\SYSTEM32\dhcpcsvc6.DLL
0x00007ff936170000 - 0x00007ff93618c000 	C:\WINDOWS\SYSTEM32\dhcpcsvc.DLL
0x00007ff93a000000 - 0x00007ff93a024000 	C:\Program Files\Java\jdk1.8.0_221\jre\bin\sunec.dll
0x00007ff93d470000 - 0x00007ff93d47b000 	C:\Program Files\Java\jdk1.8.0_221\jre\bin\sunmscapi.dll
0x00007ff941f30000 - 0x00007ff942079000 	C:\WINDOWS\System32\CRYPT32.dll
0x00007ff941140000 - 0x00007ff941152000 	C:\WINDOWS\System32\MSASN1.dll

VM Arguments:
jvm_args: -Djava.util.logging.config.file=C:\Users\ADMIN\.IntelliJIdea2019.2\system\tomcat\Unnamed_Blog\conf\logging.properties -Djava.util.logging.manager=org.apache.juli.ClassLoaderLogManager -Dcom.sun.management.jmxremote= -Dcom.sun.management.jmxremote.port=1099 -Dcom.sun.management.jmxremote.ssl=false -Dcom.sun.management.jmxremote.password.file=C:\Users\ADMIN\.IntelliJIdea2019.2\system\tomcat\Unnamed_Blog\jmxremote.password -Dcom.sun.management.jmxremote.access.file=C:\Users\ADMIN\.IntelliJIdea2019.2\system\tomcat\Unnamed_Blog\jmxremote.access -Djava.rmi.server.hostname=127.0.0.1 -Djdk.tls.ephemeralDHKeySize=2048 -Djava.protocol.handler.pkgs=org.apache.catalina.webresources -Dignore.endorsed.dirs= -Dcatalina.base=C:\Users\ADMIN\.IntelliJIdea2019.2\system\tomcat\Unnamed_Blog -Dcatalina.home=D:\MyCode\apache-tomcat-9.0.36 -Djava.io.tmpdir=D:\MyCode\apache-tomcat-9.0.36\temp 
java_command: org.apache.catalina.startup.Bootstrap start
java_class_path (initial): D:\MyCode\apache-tomcat-9.0.36\bin\bootstrap.jar;D:\MyCode\apache-tomcat-9.0.36\bin\tomcat-juli.jar
Launcher Type: SUN_STANDARD

Environment Variables:
JAVA_HOME=C:\Program Files\Java\jdk1.8.0_221
JRE_HOME=C:\Program Files\Java\jdk1.8.0_221
CLASSPATH=D:\MyCode\apache-tomcat-9.0.36\bin\bootstrap.jar;D:\MyCode\apache-tomcat-9.0.36\bin\tomcat-juli.jar
PATH=D:\IntelliJ IDEA 2019.2\jbr\\bin;D:\IntelliJ IDEA 2019.2\jbr\\bin\server;C:\Program Files\Microsoft MPI\Bin\;C:\Program Files (x86)\Common Files\Oracle\Java\javapath;C:\WINDOWS\system32;C:\WINDOWS;C:\WINDOWS\System32\Wbem;C:\WINDOWS\System32\WindowsPowerShell\v1.0\;C:\Program Files\Git\cmd;C:\WINDOWS\System32\OpenSSH\;C:\Program Files\dotnet\;C:\Program Files (x86)\Microsoft SQL Server\150\DTS\Binn\;C:\Program Files (x86)\Microsoft SQL Server\150\Tools\Binn\;G:\cc\Microsoft SQL Server\150\Tools\Binn\;G:\cc\Microsoft SQL Server\150\DTS\Binn\;G:\cc\Microsoft SQL Server\Client SDK\ODBC\170\Tools\Binn\;C:\Program Files\Microsoft SQL Server\130\Tools\Binn\;C:\Program Files\MySQL\MySQL Shell 8.0\bin\;C:\Users\ADMIN\AppData\Local\Microsoft\WindowsApps;C:\Users\ADMIN\.dotnet\tools;C:\Users\ADMIN\AppData\Local\GitHubDesktop\bin
USERNAME=ADMIN
OS=Windows_NT
PROCESSOR_IDENTIFIER=Intel64 Family 6 Model 78 Stepping 3, GenuineIntel



---------------  S Y S T E M  ---------------

OS: Windows 10.0 , 64 bit Build 18362 (10.0.18362.329)

CPU:total 4 (initial active 4) (2 cores per cpu, 2 threads per core) family 6 model 78 stepping 3, cmov, cx8, fxsr, mmx, sse, sse2, sse3, ssse3, sse4.1, sse4.2, popcnt, avx, avx2, aes, clmul, erms, 3dnowpref, lzcnt, ht, tsc, tscinvbit, bmi1, bmi2, adx

Memory: 4k page, physical 8244800k(1682336k free), swap 11392260k(5180k free)

vm_info: Java HotSpot(TM) 64-Bit Server VM (25.221-b11) for windows-amd64 JRE (1.8.0_221-b11), built on Jul  4 2019 04:39:29 by "java_re" with MS VC++ 10.0 (VS2010)

time: Mon Jun 15 09:56:39 2020
timezone: SE Asia Standard Time
elapsed time: 5 seconds (0d 0h 0m 5s)

