JvmtiExport can_access_local_variables 0
JvmtiExport can_hotswap_or_post_breakpoint 0
JvmtiExport can_post_on_exceptions 0
# 335 ciObject found
ciMethod java/lang/Object <init> ()V 4097 1 273208 0 0
ciMethod java/lang/Object hashCode ()I 2049 1 256 0 -1
ciMethod java/lang/Object equals (Ljava/lang/Object;)Z 2073 1 14693 0 -1
ciMethod java/lang/String <init> ([CII)V 2057 1 5528 0 -1
ciMethod java/lang/String <init> ([CZ)V 2049 1 8052 0 0
ciMethod java/lang/String equals (Ljava/lang/Object;)Z 2113 10865 2994 0 -1
ciMethod java/lang/String hashCode ()I 2921 32769 1398 0 288
ciMethod java/lang/String replace (CC)Ljava/lang/String; 1113 32889 1103 0 1184
ciMethod java/lang/ClassLoader getResourceAsStream (Ljava/lang/String;)Ljava/io/InputStream; 0 0 1 0 -1
ciMethod java/lang/Throwable addSuppressed (Ljava/lang/Throwable;)V 0 0 1 0 -1
ciMethod java/util/Map containsKey (Ljava/lang/Object;)Z 0 0 1 0 -1
ciMethod java/util/Map put (Ljava/lang/Object;Ljava/lang/Object;)Ljava/lang/Object; 0 0 1 0 -1
ciMethod java/lang/AbstractStringBuilder <init> (I)V 657 1 44586 0 -1
ciMethod java/lang/AbstractStringBuilder append (Ljava/lang/String;)Ljava/lang/AbstractStringBuilder; 1081 1 5374 0 -1
ciMethod java/lang/StringBuilder <init> ()V 641 1 33471 0 192
ciMethod java/lang/StringBuilder append (Ljava/lang/Object;)Ljava/lang/StringBuilder; 193 1 77 0 -1
ciMethod java/lang/StringBuilder append (Ljava/lang/String;)Ljava/lang/StringBuilder; 1017 1 62009 0 1024
ciMethod java/lang/StringBuilder toString ()Ljava/lang/String; 649 1 43265 0 832
ciMethod java/io/InputStream <init> ()V 2049 1 23747 0 96
ciMethod java/io/InputStream read ()I 0 0 1 0 -1
ciMethod java/io/InputStream skip (J)J 0 0 1 0 -1
ciMethod java/io/InputStream close ()V 0 0 1 0 -1
ciMethod java/net/URLClassLoader findResource (Ljava/lang/String;)Ljava/net/URL; 2089 1 433 0 -1
ciMethod java/net/URL openStream ()Ljava/io/InputStream; 169 1 21 0 -1
ciMethod java/util/List add (Ljava/lang/Object;)Z 0 0 1 0 -1
ciMethod java/util/AbstractList <init> ()V 2049 1 3571 0 0
ciMethod java/util/AbstractCollection <init> ()V 3073 1 11249 0 0
ciMethod java/util/ArrayList <init> (I)V 2049 1 462 0 0
ciMethod java/util/HashMap hash (Ljava/lang/Object;)I 2113 1 26577 0 160
ciMethod java/util/HashMap getNode (ILjava/lang/Object;)Ljava/util/HashMap$Node; 1897 33 5385 0 544
ciMethod java/util/HashMap containsKey (Ljava/lang/Object;)Z 129 1 5205 0 672
ciMethod java/util/HashMap put (Ljava/lang/Object;Ljava/lang/Object;)Ljava/lang/Object; 3809 1 8056 0 1280
ciMethod java/util/HashMap putVal (ILjava/lang/Object;Ljava/lang/Object;ZZ)Ljava/lang/Object; 17873 1497 8667 0 1088
ciMethod java/util/HashMap resize ()[Ljava/util/HashMap$Node; 553 5793 3088 0 -1
ciMethod java/util/HashMap treeifyBin ([Ljava/util/HashMap$Node;I)V 0 0 1 0 -1
ciMethod java/util/HashMap newNode (ILjava/lang/Object;Ljava/lang/Object;Ljava/util/HashMap$Node;)Ljava/util/HashMap$Node; 4097 1 6740 0 224
ciMethod java/util/HashMap afterNodeAccess (Ljava/util/HashMap$Node;)V 2073 1 1283 0 0
ciMethod java/util/HashMap afterNodeInsertion (Z)V 4097 1 1536 0 0
ciMethod java/util/HashMap$Node <init> (ILjava/lang/Object;Ljava/lang/Object;Ljava/util/HashMap$Node;)V 4097 1 9755 0 0
ciMethod java/io/BufferedInputStream getInIfOpen ()Ljava/io/InputStream; 153 1 5321 0 0
ciMethod java/io/BufferedInputStream getBufIfOpen ()[B 3953 1 60624 0 64
ciMethod java/io/BufferedInputStream <init> (Ljava/io/InputStream;I)V 1961 1 5385 0 320
ciMethod java/io/BufferedInputStream fill ()V 113 1 5140 0 -1
ciMethod java/io/BufferedInputStream skip (J)J 2569 1 18451 0 1088
ciMethod java/io/FilterInputStream <init> (Ljava/io/InputStream;)V 2049 1 16739 0 128
ciMethodData java/lang/Object <init> ()V 2 273208 orig 264 104 147 141 86 0 0 0 0 128 4 188 22 0 0 0 0 32 1 0 0 0 0 0 0 0 0 0 0 0 0 0 0 0 0 0 0 0 0 0 0 0 0 0 0 0 0 0 0 0 0 0 0 0 0 0 0 0 0 0 0 0 0 0 0 0 0 0 0 0 0 0 0 0 0 0 0 0 0 0 0 77 68 79 32 101 120 116 114 97 32 100 97 116 97 32 108 111 99 107 0 0 0 0 0 0 0 0 0 0 0 0 0 0 0 0 0 0 0 0 0 0 0 0 0 0 0 0 0 0 0 0 0 0 0 0 0 0 0 0 0 0 0 0 0 0 0 0 0 0 0 0 0 0 0 0 0 0 0 0 0 0 0 0 0 0 0 0 0 0 0 0 0 0 0 0 0 0 0 0 0 0 0 0 0 1 0 0 0 0 0 0 0 1 0 0 0 0 0 0 0 1 0 0 0 0 0 0 0 0 0 0 0 0 0 0 0 0 2 0 0 193 73 33 0 1 0 0 0 0 0 0 0 0 0 0 0 2 0 0 0 0 0 3 0 1 0 0 0 0 0 0 0 255 255 255 255 0 0 0 0 0 0 0 0 data 0 oops 0
ciMethod java/util/concurrent/locks/Lock lock ()V 0 0 1 0 -1
ciMethod java/util/concurrent/locks/Lock unlock ()V 0 0 1 0 -1
ciMethod java/util/HashMap$TreeNode getTreeNode (ILjava/lang/Object;)Ljava/util/HashMap$TreeNode; 0 0 1 0 -1
ciMethod java/util/HashMap$TreeNode putTreeVal (Ljava/util/HashMap;[Ljava/util/HashMap$Node;ILjava/lang/Object;Ljava/lang/Object;)Ljava/util/HashMap$TreeNode; 0 0 1 0 -1
ciMethod java/util/HashMap$TreeNode split (Ljava/util/HashMap;[Ljava/util/HashMap$Node;II)V 0 0 1 0 -1
ciMethodData java/lang/String hashCode ()I 2 21181 orig 264 104 147 141 86 0 0 0 0 184 79 188 22 0 0 0 0 152 1 0 0 32 0 0 0 0 0 0 0 0 0 0 0 0 0 0 0 0 0 0 0 0 0 0 0 0 0 0 0 0 0 0 0 0 0 0 0 0 0 0 0 0 0 0 0 0 0 0 0 0 0 0 0 0 0 0 0 0 0 0 0 77 68 79 32 101 120 116 114 97 32 100 97 116 97 32 108 111 99 107 0 0 0 0 0 0 0 0 0 0 0 0 0 0 0 0 0 0 0 0 0 0 0 0 0 0 0 0 0 0 0 0 0 0 0 0 0 0 0 0 0 0 0 0 0 0 0 0 0 0 0 0 0 0 0 0 0 0 0 0 0 0 0 0 0 0 0 0 0 0 0 0 0 0 0 0 0 0 0 0 0 0 0 0 0 1 0 0 0 0 0 0 0 0 0 0 0 0 0 0 0 1 0 0 0 0 0 0 0 0 0 0 0 0 0 0 0 0 16 0 0 73 32 0 0 233 21 2 0 0 0 0 0 0 0 0 0 2 0 0 0 1 0 11 0 2 0 0 0 120 0 0 0 255 255 255 255 7 0 6 0 0 0 0 0 data 15 0x60007 0x139 0x78 0x2d0 0xe0007 0x1 0x58 0x2cf 0x1e0007 0x2cf 0x38 0x4299 0x2d0003 0x4299 0xffffffffffffffe0 oops 0
ciMethodData java/util/HashMap hash (Ljava/lang/Object;)I 2 26578 orig 264 104 147 141 86 0 0 0 0 104 140 202 22 0 0 0 0 176 1 0 0 32 0 0 0 0 0 0 0 0 0 0 0 0 0 0 0 0 0 0 0 0 0 0 0 0 0 0 0 0 0 0 0 0 0 0 0 0 0 0 0 0 0 0 0 0 0 0 0 0 0 0 0 0 0 0 0 0 0 0 0 77 68 79 32 101 120 116 114 97 32 100 97 116 97 32 108 111 99 107 0 0 0 0 0 0 0 0 0 0 0 0 0 0 0 0 0 0 0 0 0 0 0 0 0 0 0 0 0 0 0 0 0 0 0 0 0 0 0 0 0 0 0 0 0 0 0 0 0 0 0 0 0 0 0 0 0 0 0 0 0 0 0 0 0 0 0 0 0 0 0 0 0 0 0 0 0 0 0 0 0 0 0 0 0 17 0 0 0 0 0 0 0 0 0 0 0 0 0 0 0 0 0 0 0 0 0 0 0 0 0 0 0 0 0 0 0 8 1 0 0 81 54 3 0 1 0 0 0 0 0 0 0 0 0 0 0 2 0 0 0 0 0 6 0 2 0 0 0 104 0 0 0 255 255 255 255 7 0 1 0 0 0 0 0 data 13 0x10007 0x66c8 0x38 0x2 0x50003 0x2 0x48 0x90005 0x12bc 0x296be10 0x1d6 0x296bd80 0x5231 oops 2 9 java/lang/Class 11 java/lang/String
ciMethod java/util/concurrent/locks/ReadWriteLock readLock ()Ljava/util/concurrent/locks/Lock; 0 0 1 0 -1
ciMethod java/io/DataInput skipBytes (I)I 0 0 1 0 -1
ciMethod java/io/DataInput readByte ()B 0 0 1 0 -1
ciMethod java/io/DataInput readUnsignedShort ()I 0 0 1 0 -1
ciMethod java/io/DataInput readInt ()I 0 0 1 0 -1
ciMethod java/io/DataInputStream <init> (Ljava/io/InputStream;)V 1745 1 5422 0 0
ciMethod java/io/DataInputStream skipBytes (I)I 2569 2569 18424 0 1376
ciMethod java/io/DataInputStream readUnsignedShort ()I 2537 1 22003 0 2176
ciMethod java/io/DataInputStream readInt ()I 4097 1 8223 0 6976
ciMethodData java/io/BufferedInputStream getBufIfOpen ()[B 2 60624 orig 264 104 147 141 86 0 0 0 0 192 122 204 22 0 0 0 0 80 1 0 0 0 0 0 0 0 0 0 0 0 0 0 0 0 0 0 0 0 0 0 0 0 0 0 0 0 0 0 0 0 0 0 0 0 0 0 0 0 0 0 0 0 0 0 0 0 0 0 0 0 0 0 0 0 0 0 0 0 0 0 0 77 68 79 32 101 120 116 114 97 32 100 97 116 97 32 108 111 99 107 0 0 0 0 0 0 0 0 0 0 0 0 0 0 0 0 0 0 0 0 0 0 0 0 0 0 0 0 0 0 0 0 0 0 0 0 0 0 0 0 0 0 0 0 0 0 0 0 0 0 0 0 0 0 0 0 0 0 0 0 0 0 0 0 0 0 0 0 0 0 0 0 0 0 0 0 0 0 0 0 0 0 0 0 0 25 0 0 0 0 0 0 0 0 0 0 0 0 0 0 0 1 0 0 0 0 0 0 0 0 0 0 0 0 0 0 0 230 1 0 0 17 87 7 0 1 0 0 0 0 0 0 0 0 0 0 0 2 0 0 0 0 0 5 0 2 0 0 0 48 0 0 0 255 255 255 255 7 0 6 0 0 0 0 0 data 6 0x60007 0xeae2 0x30 0x0 0xf0002 0x0 oops 0
ciMethodData java/io/BufferedInputStream getInIfOpen ()Ljava/io/InputStream; 2 5321 orig 264 104 147 141 86 0 0 0 0 16 122 204 22 0 0 0 0 80 1 0 0 0 0 0 0 0 0 0 0 0 0 0 0 0 0 0 0 0 0 0 0 0 0 0 0 0 0 0 0 0 0 0 0 0 0 0 0 0 0 0 0 0 0 0 0 0 0 0 0 0 0 0 0 0 0 0 0 0 0 0 0 77 68 79 32 101 120 116 114 97 32 100 97 116 97 32 108 111 99 107 0 0 0 0 0 0 0 0 0 0 0 0 0 0 0 0 0 0 0 0 0 0 0 0 0 0 0 0 0 0 0 0 0 0 0 0 0 0 0 0 0 0 0 0 0 0 0 0 0 0 0 0 0 0 0 0 0 0 0 0 0 0 0 0 0 0 0 0 0 0 0 0 0 0 0 0 0 0 0 0 0 0 0 0 0 0 0 0 0 0 0 0 0 0 0 0 0 0 0 0 0 0 0 0 0 0 0 0 0 0 0 0 0 0 0 0 0 19 0 0 0 177 165 0 0 1 0 0 0 0 0 0 0 0 0 0 0 2 0 0 0 0 0 0 0 0 0 0 0 48 0 0 0 255 255 255 255 7 0 6 0 0 0 0 0 data 6 0x60007 0x14b6 0x30 0x0 0xf0002 0x0 oops 0
ciMethodData java/util/HashMap putVal (ILjava/lang/Object;Ljava/lang/Object;ZZ)Ljava/lang/Object; 2 8667 orig 264 104 147 141 86 0 0 0 0 56 153 202 22 0 0 0 0 176 6 0 0 176 3 0 0 0 0 0 0 0 0 0 0 0 0 0 0 0 0 0 0 0 0 0 0 0 0 0 0 0 0 0 0 0 0 0 0 0 0 0 0 0 0 0 0 0 0 0 0 0 0 0 0 0 0 0 0 0 0 0 0 77 68 79 32 101 120 116 114 97 32 100 97 116 97 32 108 111 99 107 0 0 0 0 0 0 0 0 0 0 0 0 0 0 0 0 0 0 0 0 0 0 0 0 0 0 0 0 0 0 0 0 0 0 0 0 0 0 0 0 0 0 0 0 0 1 0 0 0 0 0 0 0 0 0 0 0 0 0 0 0 0 0 0 0 0 0 0 4 0 0 0 0 0 0 0 0 0 0 0 0 0 0 0 0 0 0 0 0 0 0 0 0 0 0 0 0 0 0 0 0 0 0 0 0 0 0 0 0 0 0 0 0 0 0 0 0 220 1 0 0 9 201 0 0 177 11 0 0 0 0 0 0 0 0 0 0 2 0 0 0 1 0 50 0 2 0 0 0 64 5 0 0 255 255 255 255 7 0 7 0 0 0 0 0 data 168 0x70007 0x287 0x40 0x169b 0x100007 0x169b 0x50 0x0 0x140005 0x16 0x1b2f88f0 0x246 0x1b2fdea0 0x2b 0x2c0007 0x876 0x98 0x10ac 0x380005 0x1e6 0x1b2f88f0 0xea6 0x1b380150 0x20 0x3b0004 0x0 0x1b2fd620 0xea6 0x1b26b760 0x206 0x3c0003 0x10ac 0x3d0 0x450007 0x5ec 0xc8 0x28a 0x510007 0x238 0x90 0x52 0x550007 0x0 0x88 0x52 0x5b0005 0x48 0x2a353b0 0x6 0x296bd80 0x4 0x5e0007 0x10 0x38 0x42 0x650003 0x27a 0x278 0x6a0004 0xfffffffffffffa04 0x1b2fd620 0x19 0x1b26b760 0x26 0x6d0007 0x5fc 0x98 0x0 0x720004 0x0 0x0 0x0 0x0 0x0 0x7b0005 0x0 0x0 0x0 0x0 0x0 0x800003 0x0 0x1b0 0x8e0007 0x194 0xb8 0x5de 0x980005 0xe7 0x1b2f88f0 0x4e4 0x1b380150 0x13 0xa20007 0x5de 0x148 0x0 0xa90005 0x0 0x0 0x0 0x0 0x0 0xac0003 0x0 0xf8 0xb50007 0x176 0xc8 0x1e 0xc10007 0x17 0xc0 0x7 0xc50007 0x0 0x88 0x7 0xcbf005 0x4 0x296bd80 0x3 0x2a354d0 0x4 0xce0007 0x0 0x38 0xb 0xd10003 0xb 0x30 0xdb0003 0x176 0xfffffffffffffe80 0xe00007 0x5de 0x90 0x29c 0xec0007 0x281 0x40 0x1b 0xf10007 0x1b 0x20 0x0 0xfd0005 0x19 0x1b2f88f0 0x22e 0x1b2fdea0 0x55 0x11c0007 0x160d 0x50 0x7d 0x1200005 0x22 0x1b2f88f0 0x59 0x1b380150 0x2 0x1270005 0x2cd 0x1b2f88f0 0x138a 0x1b380150 0x33